#-----------------------------------------------------------
# Vivado v2019.1 (64-bit)
# SW Build 2552052 on Fri May 24 14:49:42 MDT 2019
# IP Build 2548770 on Fri May 24 18:01:18 MDT 2019
# Start of session at: Fri Feb 16 21:28:06 2024
# Process ID: 11492
# Current directory: C:/Users/Ali/Desktop/Vivado/VGA_ALI
# Command line: vivado.exe -gui_launcher_event rodinguilauncherevent10656 C:\Users\Ali\Desktop\Vivado\VGA_ALI\VGA_ALI.xpr
# Log file: C:/Users/Ali/Desktop/Vivado/VGA_ALI/vivado.log
# Journal file: C:/Users/Ali/Desktop/Vivado/VGA_ALI\vivado.jou
#-----------------------------------------------------------
start_gui
open_project C:/Users/Ali/Desktop/Vivado/VGA_ALI/VGA_ALI.xpr
Scanning sources...
Finished scanning sources
INFO: [IP_Flow 19-234] Refreshing IP repositories
INFO: [IP_Flow 19-1704] No user IP repositories specified
INFO: [IP_Flow 19-2313] Loaded Vivado IP repository 'C:/Xilinx/Vivado/2019.1/data/ip'.
update_compile_order -fileset sources_1
open_hw
connect_hw_server
INFO: [Labtools 27-2285] Connecting to hw_server url TCP:localhost:3121
ERROR: [Labtoolstcl 44-494] There is no active target available for server at localhost.
 Targets(s) ", jsn-Basys3-210183A37AD4A" may be locked by another hw_server.
close_hw
open_hw
INFO: [Labtools 27-2285] Connecting to hw_server url TCP:localhost:3121
ERROR: [Labtoolstcl 44-494] There is no active target available for server at TCP:localhost:3121.
 Targets(s) ", jsn-Basys3-210183A37AD4A" may be locked by another hw_server.
connect_hw_server
INFO: [Labtools 27-2285] Connecting to hw_server url TCP:localhost:3121
open_hw_target
INFO: [Labtoolstcl 44-466] Opening hw_target localhost:3121/xilinx_tcf/Digilent/210183A37AD4A
set_property PROGRAM.FILE {C:/Users/Ali/Desktop/Vivado/VGA_ALI/VGA_ALI.runs/impl_1/VGA_Display.bit} [get_hw_devices xc7a35t_0]
current_hw_device [get_hw_devices xc7a35t_0]
refresh_hw_device -update_hw_probes false [lindex [get_hw_devices xc7a35t_0] 0]
INFO: [Labtools 27-1434] Device xc7a35t (JTAG device index = 0) is programmed with a design that has no supported debug core(s) in it.
set_property PROBES.FILE {} [get_hw_devices xc7a35t_0]
set_property FULL_PROBES.FILE {} [get_hw_devices xc7a35t_0]
set_property PROGRAM.FILE {C:/Users/Ali/Desktop/Vivado/VGA_ALI/VGA_ALI.runs/impl_1/VGA_Display.bit} [get_hw_devices xc7a35t_0]
program_hw_devices [get_hw_devices xc7a35t_0]
INFO: [Labtools 27-3164] End of startup status: HIGH
refresh_hw_device [lindex [get_hw_devices xc7a35t_0] 0]
INFO: [Labtools 27-1434] Device xc7a35t (JTAG device index = 0) is programmed with a design that has no supported debug core(s) in it.
undo
INFO: [Common 17-17] undo 'set_property PROGRAM.FILE {C:/Users/Ali/Desktop/Vivado/VGA_ALI/VGA_ALI.runs/impl_1/VGA_Display.bit} [get_hw_devices xc7a35t_0]'
undo
INFO: [Common 17-17] undo 'set_property FULL_PROBES.FILE {} [get_hw_devices xc7a35t_0]'
undo
INFO: [Common 17-17] undo 'set_property PROBES.FILE {} [get_hw_devices xc7a35t_0]'
undo
INFO: [Common 17-17] undo 'set_property PROGRAM.FILE {C:/Users/Ali/Desktop/Vivado/VGA_ALI/VGA_ALI.runs/impl_1/VGA_Display.bit} [get_hw_devices xc7a35t_0]'
reset_run synth_1
launch_runs impl_1 -to_step write_bitstream -jobs 16
[Fri Feb 16 21:39:09 2024] Launched synth_1...
Run output will be captured here: C:/Users/Ali/Desktop/Vivado/VGA_ALI/VGA_ALI.runs/synth_1/runme.log
[Fri Feb 16 21:39:09 2024] Launched impl_1...
Run output will be captured here: C:/Users/Ali/Desktop/Vivado/VGA_ALI/VGA_ALI.runs/impl_1/runme.log
set_property PROBES.FILE {} [get_hw_devices xc7a35t_0]
set_property FULL_PROBES.FILE {} [get_hw_devices xc7a35t_0]
set_property PROGRAM.FILE {C:/Users/Ali/Desktop/Vivado/VGA_ALI/VGA_ALI.runs/impl_1/VGA_Display.bit} [get_hw_devices xc7a35t_0]
program_hw_devices [get_hw_devices xc7a35t_0]
INFO: [Labtools 27-3164] End of startup status: HIGH
refresh_hw_device [lindex [get_hw_devices xc7a35t_0] 0]
INFO: [Labtools 27-1434] Device xc7a35t (JTAG device index = 0) is programmed with a design that has no supported debug core(s) in it.
reset_run synth_1
launch_runs impl_1 -to_step write_bitstream -jobs 16
[Fri Feb 16 21:42:26 2024] Launched synth_1...
Run output will be captured here: C:/Users/Ali/Desktop/Vivado/VGA_ALI/VGA_ALI.runs/synth_1/runme.log
[Fri Feb 16 21:42:26 2024] Launched impl_1...
Run output will be captured here: C:/Users/Ali/Desktop/Vivado/VGA_ALI/VGA_ALI.runs/impl_1/runme.log
open_run impl_1
INFO: [Device 21-403] Loading part xc7a35tcpg236-1
INFO: [Netlist 29-17] Analyzing 80 Unisim elements for replacement
INFO: [Netlist 29-28] Unisim Transformation completed in 0 CPU seconds
INFO: [Project 1-479] Netlist was created with Vivado 2019.1
INFO: [Project 1-570] Preparing netlist for logic optimization
INFO: [Timing 38-478] Restoring timing data from binary archive.
INFO: [Timing 38-479] Binary timing data restore complete.
INFO: [Project 1-856] Restoring constraints from binary archive.
INFO: [Project 1-853] Binary constraint restore complete.
Reading XDEF placement.
Reading placer database...
Reading XDEF routing.
Read XDEF File: Time (s): cpu = 00:00:00 ; elapsed = 00:00:00.054 . Memory (MB): peak = 2986.930 ; gain = 0.000
Restored from archive | CPU: 0.000000 secs | Memory: 0.000000 MB |
Finished XDEF File Restore: Time (s): cpu = 00:00:00 ; elapsed = 00:00:00.054 . Memory (MB): peak = 2986.930 ; gain = 0.000
Netlist sorting complete. Time (s): cpu = 00:00:00 ; elapsed = 00:00:00.001 . Memory (MB): peak = 2986.930 ; gain = 0.000
INFO: [Project 1-111] Unisim Transformation Summary:
No Unisim elements were transformed.

open_run: Time (s): cpu = 00:00:22 ; elapsed = 00:00:19 . Memory (MB): peak = 3165.762 ; gain = 1055.461
set_property PROBES.FILE {} [get_hw_devices xc7a35t_0]
set_property FULL_PROBES.FILE {} [get_hw_devices xc7a35t_0]
set_property PROGRAM.FILE {C:/Users/Ali/Desktop/Vivado/VGA_ALI/VGA_ALI.runs/impl_1/VGA_Display.bit} [get_hw_devices xc7a35t_0]
program_hw_devices [get_hw_devices xc7a35t_0]
INFO: [Labtools 27-3164] End of startup status: HIGH
refresh_hw_device [lindex [get_hw_devices xc7a35t_0] 0]
INFO: [Labtools 27-1434] Device xc7a35t (JTAG device index = 0) is programmed with a design that has no supported debug core(s) in it.
reset_run synth_1
launch_runs impl_1 -to_step write_bitstream -jobs 16
[Fri Feb 16 21:48:47 2024] Launched synth_1...
Run output will be captured here: C:/Users/Ali/Desktop/Vivado/VGA_ALI/VGA_ALI.runs/synth_1/runme.log
[Fri Feb 16 21:48:47 2024] Launched impl_1...
Run output will be captured here: C:/Users/Ali/Desktop/Vivado/VGA_ALI/VGA_ALI.runs/impl_1/runme.log
set_property PROBES.FILE {} [get_hw_devices xc7a35t_0]
set_property FULL_PROBES.FILE {} [get_hw_devices xc7a35t_0]
set_property PROGRAM.FILE {C:/Users/Ali/Desktop/Vivado/VGA_ALI/VGA_ALI.runs/impl_1/VGA_Display.bit} [get_hw_devices xc7a35t_0]
program_hw_devices [get_hw_devices xc7a35t_0]
INFO: [Labtools 27-3164] End of startup status: HIGH
refresh_hw_device [lindex [get_hw_devices xc7a35t_0] 0]
INFO: [Labtools 27-1434] Device xc7a35t (JTAG device index = 0) is programmed with a design that has no supported debug core(s) in it.
reset_run synth_1
launch_runs impl_1 -to_step write_bitstream -jobs 16
[Fri Feb 16 21:59:19 2024] Launched synth_1...
Run output will be captured here: C:/Users/Ali/Desktop/Vivado/VGA_ALI/VGA_ALI.runs/synth_1/runme.log
[Fri Feb 16 21:59:19 2024] Launched impl_1...
Run output will be captured here: C:/Users/Ali/Desktop/Vivado/VGA_ALI/VGA_ALI.runs/impl_1/runme.log
set_property PROBES.FILE {} [get_hw_devices xc7a35t_0]
set_property FULL_PROBES.FILE {} [get_hw_devices xc7a35t_0]
set_property PROGRAM.FILE {C:/Users/Ali/Desktop/Vivado/VGA_ALI/VGA_ALI.runs/impl_1/VGA_Display.bit} [get_hw_devices xc7a35t_0]
program_hw_devices [get_hw_devices xc7a35t_0]
INFO: [Labtools 27-3164] End of startup status: HIGH
refresh_hw_device [lindex [get_hw_devices xc7a35t_0] 0]
INFO: [Labtools 27-1434] Device xc7a35t (JTAG device index = 0) is programmed with a design that has no supported debug core(s) in it.
reset_run synth_1
launch_runs impl_1 -to_step write_bitstream -jobs 16
[Fri Feb 16 22:04:45 2024] Launched synth_1...
Run output will be captured here: C:/Users/Ali/Desktop/Vivado/VGA_ALI/VGA_ALI.runs/synth_1/runme.log
[Fri Feb 16 22:04:45 2024] Launched impl_1...
Run output will be captured here: C:/Users/Ali/Desktop/Vivado/VGA_ALI/VGA_ALI.runs/impl_1/runme.log
create_project VGA_RedScreen C:/Users/Ali/Desktop/Vivado/VGA_RedScreen -part xc7a35ticpg236-1L
INFO: [IP_Flow 19-234] Refreshing IP repositories
INFO: [IP_Flow 19-1704] No user IP repositories specified
INFO: [IP_Flow 19-2313] Loaded Vivado IP repository 'C:/Xilinx/Vivado/2019.1/data/ip'.
file mkdir C:/Users/Ali/Desktop/Vivado/VGA_RedScreen/VGA_RedScreen.srcs/sources_1/new
set_property target_language VHDL [current_project]
close [ open C:/Users/Ali/Desktop/Vivado/VGA_RedScreen/VGA_RedScreen.srcs/sources_1/new/VGA_RedScreen.vhd w ]
add_files C:/Users/Ali/Desktop/Vivado/VGA_RedScreen/VGA_RedScreen.srcs/sources_1/new/VGA_RedScreen.vhd
add_files -fileset constrs_1 -norecurse C:/Users/Ali/Downloads/Basys-3-Master.xdc
update_compile_order -fileset sources_1
set_property PROBES.FILE {} [get_hw_devices xc7a35t_0]
set_property FULL_PROBES.FILE {} [get_hw_devices xc7a35t_0]
set_property PROGRAM.FILE {C:/Users/Ali/Desktop/Vivado/VGA_ALI/VGA_ALI.runs/impl_1/VGA_Display.bit} [get_hw_devices xc7a35t_0]
program_hw_devices [get_hw_devices xc7a35t_0]
INFO: [Labtools 27-3164] End of startup status: HIGH
refresh_hw_device [lindex [get_hw_devices xc7a35t_0] 0]
INFO: [Labtools 27-1434] Device xc7a35t (JTAG device index = 0) is programmed with a design that has no supported debug core(s) in it.
ERROR: [Common 17-70] Application Exception: LTTTHWSessionUtil - null wave manager returned from session
set_property PROBES.FILE {} [get_hw_devices xc7a35t_0]
set_property FULL_PROBES.FILE {} [get_hw_devices xc7a35t_0]
set_property PROGRAM.FILE {C:/Users/Ali/Desktop/Vivado/VGA_ALI/VGA_ALI.runs/impl_1/VGA_Display.bit} [get_hw_devices xc7a35t_0]
program_hw_devices [get_hw_devices xc7a35t_0]
INFO: [Labtools 27-3164] End of startup status: HIGH
refresh_hw_device [lindex [get_hw_devices xc7a35t_0] 0]
INFO: [Labtools 27-1434] Device xc7a35t (JTAG device index = 0) is programmed with a design that has no supported debug core(s) in it.
ERROR: [Common 17-70] Application Exception: LTTTHWSessionUtil - null wave manager returned from session
launch_runs impl_1 -to_step write_bitstream -jobs 16
[Fri Feb 16 22:09:34 2024] Launched synth_1...
Run output will be captured here: C:/Users/Ali/Desktop/Vivado/VGA_RedScreen/VGA_RedScreen.runs/synth_1/runme.log
[Fri Feb 16 22:09:34 2024] Launched impl_1...
Run output will be captured here: C:/Users/Ali/Desktop/Vivado/VGA_RedScreen/VGA_RedScreen.runs/impl_1/runme.log
current_project VGA_ALI
reset_run synth_1
WARNING: [Vivado 12-1017] Problems encountered:
1. Failed to delete one or more files in run directory C:/Users/Ali/Desktop/Vivado/VGA_ALI/VGA_ALI.runs/synth_1

launch_runs impl_1 -to_step write_bitstream -jobs 16
[Fri Feb 16 22:10:46 2024] Launched synth_1...
Run output will be captured here: C:/Users/Ali/Desktop/Vivado/VGA_ALI/VGA_ALI.runs/synth_1/runme.log
[Fri Feb 16 22:10:46 2024] Launched impl_1...
Run output will be captured here: C:/Users/Ali/Desktop/Vivado/VGA_ALI/VGA_ALI.runs/impl_1/runme.log
current_project VGA_RedScreen
current_project VGA_ALI
set_property PROBES.FILE {} [get_hw_devices xc7a35t_0]
set_property FULL_PROBES.FILE {} [get_hw_devices xc7a35t_0]
set_property PROGRAM.FILE {C:/Users/Ali/Desktop/Vivado/VGA_ALI/VGA_ALI.runs/impl_1/VGA_Display.bit} [get_hw_devices xc7a35t_0]
program_hw_devices [get_hw_devices xc7a35t_0]
INFO: [Labtools 27-3164] End of startup status: HIGH
refresh_hw_device [lindex [get_hw_devices xc7a35t_0] 0]
INFO: [Labtools 27-1434] Device xc7a35t (JTAG device index = 0) is programmed with a design that has no supported debug core(s) in it.
reset_run synth_1
launch_runs impl_1 -to_step write_bitstream -jobs 16
[Fri Feb 16 22:14:12 2024] Launched synth_1...
Run output will be captured here: C:/Users/Ali/Desktop/Vivado/VGA_ALI/VGA_ALI.runs/synth_1/runme.log
[Fri Feb 16 22:14:12 2024] Launched impl_1...
Run output will be captured here: C:/Users/Ali/Desktop/Vivado/VGA_ALI/VGA_ALI.runs/impl_1/runme.log
set_property PROBES.FILE {} [get_hw_devices xc7a35t_0]
set_property FULL_PROBES.FILE {} [get_hw_devices xc7a35t_0]
set_property PROGRAM.FILE {C:/Users/Ali/Desktop/Vivado/VGA_ALI/VGA_ALI.runs/impl_1/VGA_Display.bit} [get_hw_devices xc7a35t_0]
program_hw_devices [get_hw_devices xc7a35t_0]
INFO: [Labtools 27-3164] End of startup status: HIGH
refresh_hw_device [lindex [get_hw_devices xc7a35t_0] 0]
INFO: [Labtools 27-1434] Device xc7a35t (JTAG device index = 0) is programmed with a design that has no supported debug core(s) in it.
reset_run synth_1
launch_runs impl_1 -to_step write_bitstream -jobs 16
[Fri Feb 16 22:16:41 2024] Launched synth_1...
Run output will be captured here: C:/Users/Ali/Desktop/Vivado/VGA_ALI/VGA_ALI.runs/synth_1/runme.log
[Fri Feb 16 22:16:41 2024] Launched impl_1...
Run output will be captured here: C:/Users/Ali/Desktop/Vivado/VGA_ALI/VGA_ALI.runs/impl_1/runme.log
ERROR: [Labtoolstcl 44-513] HW Target shutdown. Closing target: localhost:3121/xilinx_tcf/Digilent/210183A37AD4A
INFO: [Labtoolstcl 44-466] Opening hw_target localhost:3121/xilinx_tcf/Digilent/210183A37AD4A
INFO: [Labtools 27-1434] Device xc7a35t (JTAG device index = 0) is programmed with a design that has no supported debug core(s) in it.
WARNING: [Labtoolstcl 44-129] No matching hw_ila_data was found.
set_property PROBES.FILE {} [get_hw_devices xc7a35t_0]
set_property FULL_PROBES.FILE {} [get_hw_devices xc7a35t_0]
set_property PROGRAM.FILE {C:/Users/Ali/Desktop/Vivado/VGA_ALI/VGA_ALI.runs/impl_1/VGA_Display.bit} [get_hw_devices xc7a35t_0]
program_hw_devices [get_hw_devices xc7a35t_0]
INFO: [Labtools 27-3164] End of startup status: HIGH
refresh_hw_device [lindex [get_hw_devices xc7a35t_0] 0]
INFO: [Labtools 27-1434] Device xc7a35t (JTAG device index = 0) is programmed with a design that has no supported debug core(s) in it.
reset_run synth_1
launch_runs impl_1 -to_step write_bitstream -jobs 16
[Fri Feb 16 22:21:30 2024] Launched synth_1...
Run output will be captured here: C:/Users/Ali/Desktop/Vivado/VGA_ALI/VGA_ALI.runs/synth_1/runme.log
[Fri Feb 16 22:21:30 2024] Launched impl_1...
Run output will be captured here: C:/Users/Ali/Desktop/Vivado/VGA_ALI/VGA_ALI.runs/impl_1/runme.log
set_property PROBES.FILE {} [get_hw_devices xc7a35t_0]
set_property FULL_PROBES.FILE {} [get_hw_devices xc7a35t_0]
set_property PROGRAM.FILE {C:/Users/Ali/Desktop/Vivado/VGA_ALI/VGA_ALI.runs/impl_1/VGA_Display.bit} [get_hw_devices xc7a35t_0]
program_hw_devices [get_hw_devices xc7a35t_0]
INFO: [Labtools 27-3164] End of startup status: HIGH
refresh_hw_device [lindex [get_hw_devices xc7a35t_0] 0]
INFO: [Labtools 27-1434] Device xc7a35t (JTAG device index = 0) is programmed with a design that has no supported debug core(s) in it.
set_property PROBES.FILE {} [get_hw_devices xc7a35t_0]
set_property FULL_PROBES.FILE {} [get_hw_devices xc7a35t_0]
set_property PROGRAM.FILE {C:/Users/Ali/Desktop/Vivado/VGA_ALI/VGA_ALI.runs/impl_1/VGA_Display.bit} [get_hw_devices xc7a35t_0]
program_hw_devices [get_hw_devices xc7a35t_0]
INFO: [Labtools 27-3164] End of startup status: HIGH
refresh_hw_device [lindex [get_hw_devices xc7a35t_0] 0]
INFO: [Labtools 27-1434] Device xc7a35t (JTAG device index = 0) is programmed with a design that has no supported debug core(s) in it.
reset_run synth_1
launch_runs impl_1 -to_step write_bitstream -jobs 16
[Fri Feb 16 22:28:08 2024] Launched synth_1...
Run output will be captured here: C:/Users/Ali/Desktop/Vivado/VGA_ALI/VGA_ALI.runs/synth_1/runme.log
[Fri Feb 16 22:28:08 2024] Launched impl_1...
Run output will be captured here: C:/Users/Ali/Desktop/Vivado/VGA_ALI/VGA_ALI.runs/impl_1/runme.log
set_property PROBES.FILE {} [get_hw_devices xc7a35t_0]
set_property FULL_PROBES.FILE {} [get_hw_devices xc7a35t_0]
set_property PROGRAM.FILE {C:/Users/Ali/Desktop/Vivado/VGA_ALI/VGA_ALI.runs/impl_1/VGA_Display.bit} [get_hw_devices xc7a35t_0]
program_hw_devices [get_hw_devices xc7a35t_0]
INFO: [Labtools 27-3164] End of startup status: HIGH
refresh_hw_device [lindex [get_hw_devices xc7a35t_0] 0]
INFO: [Labtools 27-1434] Device xc7a35t (JTAG device index = 0) is programmed with a design that has no supported debug core(s) in it.
reset_run synth_1
launch_runs impl_1 -to_step write_bitstream -jobs 16
[Fri Feb 16 22:33:31 2024] Launched synth_1...
Run output will be captured here: C:/Users/Ali/Desktop/Vivado/VGA_ALI/VGA_ALI.runs/synth_1/runme.log
[Fri Feb 16 22:33:31 2024] Launched impl_1...
Run output will be captured here: C:/Users/Ali/Desktop/Vivado/VGA_ALI/VGA_ALI.runs/impl_1/runme.log
set_property PROBES.FILE {} [get_hw_devices xc7a35t_0]
set_property FULL_PROBES.FILE {} [get_hw_devices xc7a35t_0]
set_property PROGRAM.FILE {C:/Users/Ali/Desktop/Vivado/VGA_ALI/VGA_ALI.runs/impl_1/VGA_Display.bit} [get_hw_devices xc7a35t_0]
program_hw_devices [get_hw_devices xc7a35t_0]
INFO: [Labtools 27-3164] End of startup status: HIGH
refresh_hw_device [lindex [get_hw_devices xc7a35t_0] 0]
INFO: [Labtools 27-1434] Device xc7a35t (JTAG device index = 0) is programmed with a design that has no supported debug core(s) in it.
reset_run synth_1
launch_runs impl_1 -to_step write_bitstream -jobs 16
[Fri Feb 16 22:40:10 2024] Launched synth_1...
Run output will be captured here: C:/Users/Ali/Desktop/Vivado/VGA_ALI/VGA_ALI.runs/synth_1/runme.log
[Fri Feb 16 22:40:10 2024] Launched impl_1...
Run output will be captured here: C:/Users/Ali/Desktop/Vivado/VGA_ALI/VGA_ALI.runs/impl_1/runme.log
set_property PROBES.FILE {} [get_hw_devices xc7a35t_0]
set_property FULL_PROBES.FILE {} [get_hw_devices xc7a35t_0]
set_property PROGRAM.FILE {C:/Users/Ali/Desktop/Vivado/VGA_ALI/VGA_ALI.runs/impl_1/VGA_Display.bit} [get_hw_devices xc7a35t_0]
program_hw_devices [get_hw_devices xc7a35t_0]
INFO: [Labtools 27-3164] End of startup status: HIGH
refresh_hw_device [lindex [get_hw_devices xc7a35t_0] 0]
INFO: [Labtools 27-1434] Device xc7a35t (JTAG device index = 0) is programmed with a design that has no supported debug core(s) in it.
update_compile_order -fileset sources_1
reset_run synth_1
update_compile_order -fileset sources_1
launch_runs impl_1 -to_step write_bitstream -jobs 16
[Fri Feb 16 22:49:08 2024] Launched synth_1...
Run output will be captured here: C:/Users/Ali/Desktop/Vivado/VGA_ALI/VGA_ALI.runs/synth_1/runme.log
[Fri Feb 16 22:49:08 2024] Launched impl_1...
Run output will be captured here: C:/Users/Ali/Desktop/Vivado/VGA_ALI/VGA_ALI.runs/impl_1/runme.log
set_property PROBES.FILE {} [get_hw_devices xc7a35t_0]
set_property FULL_PROBES.FILE {} [get_hw_devices xc7a35t_0]
set_property PROGRAM.FILE {C:/Users/Ali/Desktop/Vivado/VGA_ALI/VGA_ALI.runs/impl_1/VGA_Display.bit} [get_hw_devices xc7a35t_0]
program_hw_devices [get_hw_devices xc7a35t_0]
INFO: [Labtools 27-3164] End of startup status: HIGH
refresh_hw_device [lindex [get_hw_devices xc7a35t_0] 0]
INFO: [Labtools 27-1434] Device xc7a35t (JTAG device index = 0) is programmed with a design that has no supported debug core(s) in it.
update_compile_order -fileset sources_1
update_compile_order -fileset sources_1
reset_run synth_1
launch_runs impl_1 -to_step write_bitstream -jobs 16
[Fri Feb 16 22:53:14 2024] Launched synth_1...
Run output will be captured here: C:/Users/Ali/Desktop/Vivado/VGA_ALI/VGA_ALI.runs/synth_1/runme.log
[Fri Feb 16 22:53:14 2024] Launched impl_1...
Run output will be captured here: C:/Users/Ali/Desktop/Vivado/VGA_ALI/VGA_ALI.runs/impl_1/runme.log
set_property PROBES.FILE {} [get_hw_devices xc7a35t_0]
set_property FULL_PROBES.FILE {} [get_hw_devices xc7a35t_0]
set_property PROGRAM.FILE {C:/Users/Ali/Desktop/Vivado/VGA_ALI/VGA_ALI.runs/impl_1/VGA_Display.bit} [get_hw_devices xc7a35t_0]
program_hw_devices [get_hw_devices xc7a35t_0]
INFO: [Labtools 27-3164] End of startup status: HIGH
refresh_hw_device [lindex [get_hw_devices xc7a35t_0] 0]
INFO: [Labtools 27-1434] Device xc7a35t (JTAG device index = 0) is programmed with a design that has no supported debug core(s) in it.
set_property PROBES.FILE {} [get_hw_devices xc7a35t_0]
set_property FULL_PROBES.FILE {} [get_hw_devices xc7a35t_0]
set_property PROGRAM.FILE {C:/Users/Ali/Desktop/Vivado/VGA_ALI/VGA_ALI.runs/impl_1/VGA_Display.bit} [get_hw_devices xc7a35t_0]
program_hw_devices [get_hw_devices xc7a35t_0]
INFO: [Labtools 27-3164] End of startup status: HIGH
refresh_hw_device [lindex [get_hw_devices xc7a35t_0] 0]
INFO: [Labtools 27-1434] Device xc7a35t (JTAG device index = 0) is programmed with a design that has no supported debug core(s) in it.
reset_run synth_1
launch_runs impl_1 -to_step write_bitstream -jobs 16
[Fri Feb 16 22:55:42 2024] Launched synth_1...
Run output will be captured here: C:/Users/Ali/Desktop/Vivado/VGA_ALI/VGA_ALI.runs/synth_1/runme.log
[Fri Feb 16 22:55:42 2024] Launched impl_1...
Run output will be captured here: C:/Users/Ali/Desktop/Vivado/VGA_ALI/VGA_ALI.runs/impl_1/runme.log
set_property PROBES.FILE {} [get_hw_devices xc7a35t_0]
set_property FULL_PROBES.FILE {} [get_hw_devices xc7a35t_0]
set_property PROGRAM.FILE {C:/Users/Ali/Desktop/Vivado/VGA_ALI/VGA_ALI.runs/impl_1/VGA_Display.bit} [get_hw_devices xc7a35t_0]
program_hw_devices [get_hw_devices xc7a35t_0]
INFO: [Labtools 27-3164] End of startup status: HIGH
refresh_hw_device [lindex [get_hw_devices xc7a35t_0] 0]
INFO: [Labtools 27-1434] Device xc7a35t (JTAG device index = 0) is programmed with a design that has no supported debug core(s) in it.
reset_run synth_1
launch_runs impl_1 -to_step write_bitstream -jobs 16
[Fri Feb 16 23:04:02 2024] Launched synth_1...
Run output will be captured here: C:/Users/Ali/Desktop/Vivado/VGA_ALI/VGA_ALI.runs/synth_1/runme.log
[Fri Feb 16 23:04:02 2024] Launched impl_1...
Run output will be captured here: C:/Users/Ali/Desktop/Vivado/VGA_ALI/VGA_ALI.runs/impl_1/runme.log
set_property PROBES.FILE {} [get_hw_devices xc7a35t_0]
set_property FULL_PROBES.FILE {} [get_hw_devices xc7a35t_0]
set_property PROGRAM.FILE {C:/Users/Ali/Desktop/Vivado/VGA_ALI/VGA_ALI.runs/impl_1/VGA_Display.bit} [get_hw_devices xc7a35t_0]
program_hw_devices [get_hw_devices xc7a35t_0]
INFO: [Labtools 27-3164] End of startup status: HIGH
refresh_hw_device [lindex [get_hw_devices xc7a35t_0] 0]
INFO: [Labtools 27-1434] Device xc7a35t (JTAG device index = 0) is programmed with a design that has no supported debug core(s) in it.
reset_run synth_1
launch_runs impl_1 -to_step write_bitstream -jobs 16
[Fri Feb 16 23:16:21 2024] Launched synth_1...
Run output will be captured here: C:/Users/Ali/Desktop/Vivado/VGA_ALI/VGA_ALI.runs/synth_1/runme.log
[Fri Feb 16 23:16:21 2024] Launched impl_1...
Run output will be captured here: C:/Users/Ali/Desktop/Vivado/VGA_ALI/VGA_ALI.runs/impl_1/runme.log
set_property PROBES.FILE {} [get_hw_devices xc7a35t_0]
set_property FULL_PROBES.FILE {} [get_hw_devices xc7a35t_0]
set_property PROGRAM.FILE {C:/Users/Ali/Desktop/Vivado/VGA_ALI/VGA_ALI.runs/impl_1/VGA_Display.bit} [get_hw_devices xc7a35t_0]
program_hw_devices [get_hw_devices xc7a35t_0]
INFO: [Labtools 27-3164] End of startup status: HIGH
refresh_hw_device [lindex [get_hw_devices xc7a35t_0] 0]
INFO: [Labtools 27-1434] Device xc7a35t (JTAG device index = 0) is programmed with a design that has no supported debug core(s) in it.
reset_run synth_1
launch_runs impl_1 -to_step write_bitstream -jobs 16
[Fri Feb 16 23:21:07 2024] Launched synth_1...
Run output will be captured here: C:/Users/Ali/Desktop/Vivado/VGA_ALI/VGA_ALI.runs/synth_1/runme.log
[Fri Feb 16 23:21:07 2024] Launched impl_1...
Run output will be captured here: C:/Users/Ali/Desktop/Vivado/VGA_ALI/VGA_ALI.runs/impl_1/runme.log
set_property PROBES.FILE {} [get_hw_devices xc7a35t_0]
set_property FULL_PROBES.FILE {} [get_hw_devices xc7a35t_0]
set_property PROGRAM.FILE {C:/Users/Ali/Desktop/Vivado/VGA_ALI/VGA_ALI.runs/impl_1/VGA_Display.bit} [get_hw_devices xc7a35t_0]
program_hw_devices [get_hw_devices xc7a35t_0]
INFO: [Labtools 27-3164] End of startup status: HIGH
refresh_hw_device [lindex [get_hw_devices xc7a35t_0] 0]
INFO: [Labtools 27-1434] Device xc7a35t (JTAG device index = 0) is programmed with a design that has no supported debug core(s) in it.
current_project VGA_RedScreen
update_compile_order -fileset sources_1
update_compile_order -fileset sources_1
reset_run synth_1
launch_runs impl_1 -to_step write_bitstream -jobs 16
[Fri Feb 16 23:30:17 2024] Launched synth_1...
Run output will be captured here: C:/Users/Ali/Desktop/Vivado/VGA_RedScreen/VGA_RedScreen.runs/synth_1/runme.log
[Fri Feb 16 23:30:17 2024] Launched impl_1...
Run output will be captured here: C:/Users/Ali/Desktop/Vivado/VGA_RedScreen/VGA_RedScreen.runs/impl_1/runme.log
close_hw
open_hw
connect_hw_server
INFO: [Labtools 27-2285] Connecting to hw_server url TCP:localhost:3121
open_hw_target
INFO: [Labtoolstcl 44-466] Opening hw_target localhost:3121/xilinx_tcf/Digilent/210183A37AD4A
current_hw_device [get_hw_devices xc7a35t_0]
refresh_hw_device -update_hw_probes false [lindex [get_hw_devices xc7a35t_0] 0]
INFO: [Labtools 27-1434] Device xc7a35t (JTAG device index = 0) is programmed with a design that has no supported debug core(s) in it.
reset_run impl_1 -prev_step 
launch_runs impl_1 -to_step write_bitstream -jobs 16
[Fri Feb 16 23:32:46 2024] Launched impl_1...
Run output will be captured here: C:/Users/Ali/Desktop/Vivado/VGA_RedScreen/VGA_RedScreen.runs/impl_1/runme.log
set_property PROBES.FILE {} [get_hw_devices xc7a35t_0]
set_property FULL_PROBES.FILE {} [get_hw_devices xc7a35t_0]
set_property PROGRAM.FILE {C:/Users/Ali/Desktop/Vivado/VGA_RedScreen/VGA_RedScreen.runs/impl_1/VGA_Display.bit} [get_hw_devices xc7a35t_0]
program_hw_devices [get_hw_devices xc7a35t_0]
INFO: [Labtools 27-3164] End of startup status: HIGH
refresh_hw_device [lindex [get_hw_devices xc7a35t_0] 0]
INFO: [Labtools 27-1434] Device xc7a35t (JTAG device index = 0) is programmed with a design that has no supported debug core(s) in it.
current_project VGA_ALI
reset_run synth_1
current_project VGA_RedScreen
current_project VGA_ALI
launch_runs impl_1 -to_step write_bitstream -jobs 16
[Fri Feb 16 23:36:59 2024] Launched synth_1...
Run output will be captured here: C:/Users/Ali/Desktop/Vivado/VGA_ALI/VGA_ALI.runs/synth_1/runme.log
[Fri Feb 16 23:36:59 2024] Launched impl_1...
Run output will be captured here: C:/Users/Ali/Desktop/Vivado/VGA_ALI/VGA_ALI.runs/impl_1/runme.log
close_hw
current_project VGA_RedScreen
current_project VGA_ALI
reset_run synth_1
launch_runs impl_1 -to_step write_bitstream -jobs 16
[Fri Feb 16 23:38:34 2024] Launched synth_1...
Run output will be captured here: C:/Users/Ali/Desktop/Vivado/VGA_ALI/VGA_ALI.runs/synth_1/runme.log
[Fri Feb 16 23:38:34 2024] Launched impl_1...
Run output will be captured here: C:/Users/Ali/Desktop/Vivado/VGA_ALI/VGA_ALI.runs/impl_1/runme.log
open_hw
connect_hw_server
INFO: [Labtools 27-2285] Connecting to hw_server url TCP:localhost:3121
open_hw_target
INFO: [Labtoolstcl 44-466] Opening hw_target localhost:3121/xilinx_tcf/Digilent/210183A37AD4A
set_property PROGRAM.FILE {C:/Users/Ali/Desktop/Vivado/VGA_ALI/VGA_ALI.runs/impl_1/VGA_Display.bit} [get_hw_devices xc7a35t_0]
current_hw_device [get_hw_devices xc7a35t_0]
refresh_hw_device -update_hw_probes false [lindex [get_hw_devices xc7a35t_0] 0]
INFO: [Labtools 27-1434] Device xc7a35t (JTAG device index = 0) is programmed with a design that has no supported debug core(s) in it.
set_property PROBES.FILE {} [get_hw_devices xc7a35t_0]
set_property FULL_PROBES.FILE {} [get_hw_devices xc7a35t_0]
set_property PROGRAM.FILE {C:/Users/Ali/Desktop/Vivado/VGA_ALI/VGA_ALI.runs/impl_1/VGA_Display.bit} [get_hw_devices xc7a35t_0]
program_hw_devices [get_hw_devices xc7a35t_0]
INFO: [Labtools 27-3164] End of startup status: HIGH
refresh_hw_device [lindex [get_hw_devices xc7a35t_0] 0]
INFO: [Labtools 27-1434] Device xc7a35t (JTAG device index = 0) is programmed with a design that has no supported debug core(s) in it.
reset_run synth_1
launch_runs impl_1 -to_step write_bitstream -jobs 16
[Fri Feb 16 23:45:14 2024] Launched synth_1...
Run output will be captured here: C:/Users/Ali/Desktop/Vivado/VGA_ALI/VGA_ALI.runs/synth_1/runme.log
[Fri Feb 16 23:45:14 2024] Launched impl_1...
Run output will be captured here: C:/Users/Ali/Desktop/Vivado/VGA_ALI/VGA_ALI.runs/impl_1/runme.log
set_property PROBES.FILE {} [get_hw_devices xc7a35t_0]
set_property FULL_PROBES.FILE {} [get_hw_devices xc7a35t_0]
set_property PROGRAM.FILE {C:/Users/Ali/Desktop/Vivado/VGA_ALI/VGA_ALI.runs/impl_1/VGA_Display.bit} [get_hw_devices xc7a35t_0]
program_hw_devices [get_hw_devices xc7a35t_0]
INFO: [Labtools 27-3164] End of startup status: HIGH
refresh_hw_device [lindex [get_hw_devices xc7a35t_0] 0]
INFO: [Labtools 27-1434] Device xc7a35t (JTAG device index = 0) is programmed with a design that has no supported debug core(s) in it.
update_compile_order -fileset sources_1
update_compile_order -fileset sources_1
reset_run synth_1
launch_runs impl_1 -to_step write_bitstream -jobs 16
[Fri Feb 16 23:59:04 2024] Launched synth_1...
Run output will be captured here: C:/Users/Ali/Desktop/Vivado/VGA_ALI/VGA_ALI.runs/synth_1/runme.log
[Fri Feb 16 23:59:04 2024] Launched impl_1...
Run output will be captured here: C:/Users/Ali/Desktop/Vivado/VGA_ALI/VGA_ALI.runs/impl_1/runme.log
set_property PROBES.FILE {} [get_hw_devices xc7a35t_0]
set_property FULL_PROBES.FILE {} [get_hw_devices xc7a35t_0]
set_property PROGRAM.FILE {C:/Users/Ali/Desktop/Vivado/VGA_ALI/VGA_ALI.runs/impl_1/VGA_Display.bit} [get_hw_devices xc7a35t_0]
program_hw_devices [get_hw_devices xc7a35t_0]
INFO: [Labtools 27-3164] End of startup status: HIGH
refresh_hw_device [lindex [get_hw_devices xc7a35t_0] 0]
INFO: [Labtools 27-1434] Device xc7a35t (JTAG device index = 0) is programmed with a design that has no supported debug core(s) in it.
reset_run synth_1
launch_runs impl_1 -to_step write_bitstream -jobs 16
[Sat Feb 17 00:23:14 2024] Launched synth_1...
Run output will be captured here: C:/Users/Ali/Desktop/Vivado/VGA_ALI/VGA_ALI.runs/synth_1/runme.log
[Sat Feb 17 00:23:14 2024] Launched impl_1...
Run output will be captured here: C:/Users/Ali/Desktop/Vivado/VGA_ALI/VGA_ALI.runs/impl_1/runme.log
set_property PROBES.FILE {} [get_hw_devices xc7a35t_0]
set_property FULL_PROBES.FILE {} [get_hw_devices xc7a35t_0]
set_property PROGRAM.FILE {C:/Users/Ali/Desktop/Vivado/VGA_ALI/VGA_ALI.runs/impl_1/VGA_Display.bit} [get_hw_devices xc7a35t_0]
program_hw_devices [get_hw_devices xc7a35t_0]
INFO: [Labtools 27-3164] End of startup status: HIGH
refresh_hw_device [lindex [get_hw_devices xc7a35t_0] 0]
INFO: [Labtools 27-1434] Device xc7a35t (JTAG device index = 0) is programmed with a design that has no supported debug core(s) in it.
reset_run synth_1
launch_runs impl_1 -to_step write_bitstream -jobs 16
[Sat Feb 17 00:25:10 2024] Launched synth_1...
Run output will be captured here: C:/Users/Ali/Desktop/Vivado/VGA_ALI/VGA_ALI.runs/synth_1/runme.log
[Sat Feb 17 00:25:10 2024] Launched impl_1...
Run output will be captured here: C:/Users/Ali/Desktop/Vivado/VGA_ALI/VGA_ALI.runs/impl_1/runme.log
set_property PROBES.FILE {} [get_hw_devices xc7a35t_0]
set_property FULL_PROBES.FILE {} [get_hw_devices xc7a35t_0]
set_property PROGRAM.FILE {C:/Users/Ali/Desktop/Vivado/VGA_ALI/VGA_ALI.runs/impl_1/VGA_Display.bit} [get_hw_devices xc7a35t_0]
program_hw_devices [get_hw_devices xc7a35t_0]
INFO: [Labtools 27-3164] End of startup status: HIGH
refresh_hw_device [lindex [get_hw_devices xc7a35t_0] 0]
INFO: [Labtools 27-1434] Device xc7a35t (JTAG device index = 0) is programmed with a design that has no supported debug core(s) in it.
set_property PROBES.FILE {} [get_hw_devices xc7a35t_0]
set_property FULL_PROBES.FILE {} [get_hw_devices xc7a35t_0]
set_property PROGRAM.FILE {C:/Users/Ali/Desktop/Vivado/VGA_ALI/VGA_ALI.runs/impl_1/VGA_Display.bit} [get_hw_devices xc7a35t_0]
program_hw_devices [get_hw_devices xc7a35t_0]
INFO: [Labtools 27-3164] End of startup status: HIGH
refresh_hw_device [lindex [get_hw_devices xc7a35t_0] 0]
INFO: [Labtools 27-1434] Device xc7a35t (JTAG device index = 0) is programmed with a design that has no supported debug core(s) in it.
reset_run synth_1
launch_runs impl_1 -to_step write_bitstream -jobs 16
[Sat Feb 17 00:31:14 2024] Launched synth_1...
Run output will be captured here: C:/Users/Ali/Desktop/Vivado/VGA_ALI/VGA_ALI.runs/synth_1/runme.log
[Sat Feb 17 00:31:14 2024] Launched impl_1...
Run output will be captured here: C:/Users/Ali/Desktop/Vivado/VGA_ALI/VGA_ALI.runs/impl_1/runme.log
set_property PROBES.FILE {} [get_hw_devices xc7a35t_0]
set_property FULL_PROBES.FILE {} [get_hw_devices xc7a35t_0]
set_property PROGRAM.FILE {C:/Users/Ali/Desktop/Vivado/VGA_ALI/VGA_ALI.runs/impl_1/VGA_Display.bit} [get_hw_devices xc7a35t_0]
program_hw_devices [get_hw_devices xc7a35t_0]
INFO: [Labtools 27-3164] End of startup status: HIGH
refresh_hw_device [lindex [get_hw_devices xc7a35t_0] 0]
INFO: [Labtools 27-1434] Device xc7a35t (JTAG device index = 0) is programmed with a design that has no supported debug core(s) in it.
reset_run synth_1
launch_runs impl_1 -to_step write_bitstream -jobs 16
[Sat Feb 17 00:33:34 2024] Launched synth_1...
Run output will be captured here: C:/Users/Ali/Desktop/Vivado/VGA_ALI/VGA_ALI.runs/synth_1/runme.log
[Sat Feb 17 00:33:34 2024] Launched impl_1...
Run output will be captured here: C:/Users/Ali/Desktop/Vivado/VGA_ALI/VGA_ALI.runs/impl_1/runme.log
set_property PROBES.FILE {} [get_hw_devices xc7a35t_0]
set_property FULL_PROBES.FILE {} [get_hw_devices xc7a35t_0]
set_property PROGRAM.FILE {C:/Users/Ali/Desktop/Vivado/VGA_ALI/VGA_ALI.runs/impl_1/VGA_Display.bit} [get_hw_devices xc7a35t_0]
program_hw_devices [get_hw_devices xc7a35t_0]
INFO: [Labtools 27-3164] End of startup status: HIGH
refresh_hw_device [lindex [get_hw_devices xc7a35t_0] 0]
INFO: [Labtools 27-1434] Device xc7a35t (JTAG device index = 0) is programmed with a design that has no supported debug core(s) in it.
close_project
exit
INFO: [Common 17-206] Exiting Vivado at Sat Feb 17 00:39:00 2024...
