#-----------------------------------------------------------
# Vivado v2019.1 (64-bit)
# SW Build 2552052 on Fri May 24 14:49:42 MDT 2019
# IP Build 2548770 on Fri May 24 18:01:18 MDT 2019
# Start of session at: Thu Mar 14 01:48:16 2024
# Process ID: 1232
# Current directory: C:/Users/Ali/Desktop/Vivado/VGA_Moving_Image
# Command line: vivado.exe -gui_launcher_event rodinguilauncherevent3680 C:\Users\Ali\Desktop\Vivado\VGA_Moving_Image\VGA_Moving_Image.xpr
# Log file: C:/Users/Ali/Desktop/Vivado/VGA_Moving_Image/vivado.log
# Journal file: C:/Users/Ali/Desktop/Vivado/VGA_Moving_Image\vivado.jou
#-----------------------------------------------------------
start_gui
open_project C:/Users/Ali/Desktop/Vivado/VGA_Moving_Image/VGA_Moving_Image.xpr
Scanning sources...
Finished scanning sources
INFO: [IP_Flow 19-234] Refreshing IP repositories
INFO: [IP_Flow 19-1704] No user IP repositories specified
INFO: [IP_Flow 19-2313] Loaded Vivado IP repository 'C:/Xilinx/Vivado/2019.1/data/ip'.
update_compile_order -fileset sources_1
reset_run synth_1
launch_runs impl_1 -to_step write_bitstream -jobs 16
[Thu Mar 14 01:48:40 2024] Launched synth_1...
Run output will be captured here: C:/Users/Ali/Desktop/Vivado/VGA_Moving_Image/VGA_Moving_Image.runs/synth_1/runme.log
[Thu Mar 14 01:48:40 2024] Launched impl_1...
Run output will be captured here: C:/Users/Ali/Desktop/Vivado/VGA_Moving_Image/VGA_Moving_Image.runs/impl_1/runme.log
exit
INFO: [Common 17-206] Exiting Vivado at Thu Mar 14 01:50:25 2024...
