
*** Running vivado
    with args -log Car_Game.vds -m64 -product Vivado -mode batch -messageDb vivado.pb -notrace -source Car_Game.tcl


****** Vivado v2019.1 (64-bit)
  **** SW Build 2552052 on Fri May 24 14:49:42 MDT 2019
  **** IP Build 2548770 on Fri May 24 18:01:18 MDT 2019
    ** Copyright 1986-2019 Xilinx, Inc. All Rights Reserved.

source Car_Game.tcl -notrace
Command: synth_design -top Car_Game -part xc7a35tcpg236-1
Starting synth_design
Attempting to get a license for feature 'Synthesis' and/or device 'xc7a35t'
INFO: [Common 17-349] Got license for feature 'Synthesis' and/or device 'xc7a35t'
INFO: [Device 21-403] Loading part xc7a35tcpg236-1
INFO: Launching helper process for spawning children vivado processes
INFO: Helper process launched with PID 8648 
---------------------------------------------------------------------------------
Starting RTL Elaboration : Time (s): cpu = 00:00:03 ; elapsed = 00:00:02 . Memory (MB): peak = 804.469 ; gain = 178.879
---------------------------------------------------------------------------------
INFO: [Synth 8-638] synthesizing module 'Car_Game' [C:/Users/Ali/Desktop/Vivado/CarGameFinal/CarGameFinal.srcs/sources_1/new/Car_Game.vhd:22]
WARNING: [Synth 8-613] shared variable will be implemented as local to architecture [C:/Users/Ali/Desktop/Vivado/CarGameFinal/CarGameFinal.srcs/sources_1/new/Car_Game.vhd:58]
WARNING: [Synth 8-613] shared variable will be implemented as local to architecture [C:/Users/Ali/Desktop/Vivado/CarGameFinal/CarGameFinal.srcs/sources_1/new/Car_Game.vhd:94]
WARNING: [Synth 8-613] shared variable will be implemented as local to architecture [C:/Users/Ali/Desktop/Vivado/CarGameFinal/CarGameFinal.srcs/sources_1/new/Car_Game.vhd:95]
WARNING: [Synth 8-613] shared variable will be implemented as local to architecture [C:/Users/Ali/Desktop/Vivado/CarGameFinal/CarGameFinal.srcs/sources_1/new/Car_Game.vhd:96]
WARNING: [Synth 8-613] shared variable will be implemented as local to architecture [C:/Users/Ali/Desktop/Vivado/CarGameFinal/CarGameFinal.srcs/sources_1/new/Car_Game.vhd:97]
WARNING: [Synth 8-613] shared variable will be implemented as local to architecture [C:/Users/Ali/Desktop/Vivado/CarGameFinal/CarGameFinal.srcs/sources_1/new/Car_Game.vhd:98]
WARNING: [Synth 8-613] shared variable will be implemented as local to architecture [C:/Users/Ali/Desktop/Vivado/CarGameFinal/CarGameFinal.srcs/sources_1/new/Car_Game.vhd:100]
WARNING: [Synth 8-613] shared variable will be implemented as local to architecture [C:/Users/Ali/Desktop/Vivado/CarGameFinal/CarGameFinal.srcs/sources_1/new/Car_Game.vhd:101]
WARNING: [Synth 8-613] shared variable will be implemented as local to architecture [C:/Users/Ali/Desktop/Vivado/CarGameFinal/CarGameFinal.srcs/sources_1/new/Car_Game.vhd:102]
WARNING: [Synth 8-613] shared variable will be implemented as local to architecture [C:/Users/Ali/Desktop/Vivado/CarGameFinal/CarGameFinal.srcs/sources_1/new/Car_Game.vhd:103]
WARNING: [Synth 8-613] shared variable will be implemented as local to architecture [C:/Users/Ali/Desktop/Vivado/CarGameFinal/CarGameFinal.srcs/sources_1/new/Car_Game.vhd:104]
WARNING: [Synth 8-613] shared variable will be implemented as local to architecture [C:/Users/Ali/Desktop/Vivado/CarGameFinal/CarGameFinal.srcs/sources_1/new/Car_Game.vhd:107]
INFO: [Synth 8-3491] module 'blk_mem_gen_0' declared at 'C:/Users/Ali/Desktop/Vivado/CarGameFinal/CarGameFinal.runs/synth_1/.Xil/Vivado-9520-9900k/realtime/blk_mem_gen_0_stub.vhdl:5' bound to instance 'Blk_Ram_Road' of component 'blk_mem_gen_0' [C:/Users/Ali/Desktop/Vivado/CarGameFinal/CarGameFinal.srcs/sources_1/new/Car_Game.vhd:128]
INFO: [Synth 8-638] synthesizing module 'blk_mem_gen_0' [C:/Users/Ali/Desktop/Vivado/CarGameFinal/CarGameFinal.runs/synth_1/.Xil/Vivado-9520-9900k/realtime/blk_mem_gen_0_stub.vhdl:17]
INFO: [Synth 8-3491] module 'blk_mem_gen_1' declared at 'C:/Users/Ali/Desktop/Vivado/CarGameFinal/CarGameFinal.runs/synth_1/.Xil/Vivado-9520-9900k/realtime/blk_mem_gen_1_stub.vhdl:5' bound to instance 'Blk_Ram_Car' of component 'blk_mem_gen_1' [C:/Users/Ali/Desktop/Vivado/CarGameFinal/CarGameFinal.srcs/sources_1/new/Car_Game.vhd:129]
INFO: [Synth 8-638] synthesizing module 'blk_mem_gen_1' [C:/Users/Ali/Desktop/Vivado/CarGameFinal/CarGameFinal.runs/synth_1/.Xil/Vivado-9520-9900k/realtime/blk_mem_gen_1_stub.vhdl:17]
INFO: [Synth 8-3491] module 'blk_mem_gen_2' declared at 'C:/Users/Ali/Desktop/Vivado/CarGameFinal/CarGameFinal.runs/synth_1/.Xil/Vivado-9520-9900k/realtime/blk_mem_gen_2_stub.vhdl:5' bound to instance 'Blk_Ram_Car_obstacle' of component 'blk_mem_gen_2' [C:/Users/Ali/Desktop/Vivado/CarGameFinal/CarGameFinal.srcs/sources_1/new/Car_Game.vhd:130]
INFO: [Synth 8-638] synthesizing module 'blk_mem_gen_2' [C:/Users/Ali/Desktop/Vivado/CarGameFinal/CarGameFinal.runs/synth_1/.Xil/Vivado-9520-9900k/realtime/blk_mem_gen_2_stub.vhdl:17]
WARNING: [Synth 8-614] signal 'GameOver' is read in the process but is not in the sensitivity list [C:/Users/Ali/Desktop/Vivado/CarGameFinal/CarGameFinal.srcs/sources_1/new/Car_Game.vhd:148]
WARNING: [Synth 8-614] signal 'displayed_number' is read in the process but is not in the sensitivity list [C:/Users/Ali/Desktop/Vivado/CarGameFinal/CarGameFinal.srcs/sources_1/new/Car_Game.vhd:159]
WARNING: [Synth 8-614] signal 'GameOver' is read in the process but is not in the sensitivity list [C:/Users/Ali/Desktop/Vivado/CarGameFinal/CarGameFinal.srcs/sources_1/new/Car_Game.vhd:176]
WARNING: [Synth 8-614] signal 'GameOver' is read in the process but is not in the sensitivity list [C:/Users/Ali/Desktop/Vivado/CarGameFinal/CarGameFinal.srcs/sources_1/new/Car_Game.vhd:193]
INFO: [Synth 8-256] done synthesizing module 'Car_Game' (1#1) [C:/Users/Ali/Desktop/Vivado/CarGameFinal/CarGameFinal.srcs/sources_1/new/Car_Game.vhd:22]
---------------------------------------------------------------------------------
Finished RTL Elaboration : Time (s): cpu = 00:00:03 ; elapsed = 00:00:03 . Memory (MB): peak = 870.793 ; gain = 245.203
---------------------------------------------------------------------------------

Report Check Netlist: 
+------+------------------+-------+---------+-------+------------------+
|      |Item              |Errors |Warnings |Status |Description       |
+------+------------------+-------+---------+-------+------------------+
|1     |multi_driven_nets |      0|        0|Passed |Multi driven nets |
+------+------------------+-------+---------+-------+------------------+
---------------------------------------------------------------------------------
Start Handling Custom Attributes
---------------------------------------------------------------------------------
---------------------------------------------------------------------------------
Finished Handling Custom Attributes : Time (s): cpu = 00:00:03 ; elapsed = 00:00:03 . Memory (MB): peak = 870.793 ; gain = 245.203
---------------------------------------------------------------------------------
---------------------------------------------------------------------------------
Finished RTL Optimization Phase 1 : Time (s): cpu = 00:00:03 ; elapsed = 00:00:03 . Memory (MB): peak = 870.793 ; gain = 245.203
---------------------------------------------------------------------------------
INFO: [Project 1-570] Preparing netlist for logic optimization

Processing XDC Constraints
Initializing timing engine
Parsing XDC File [c:/Users/Ali/Desktop/Vivado/CarGameFinal/CarGameFinal.srcs/sources_1/ip/blk_mem_gen_0/blk_mem_gen_0/blk_mem_gen_0_in_context.xdc] for cell 'Blk_Ram_Road'
Finished Parsing XDC File [c:/Users/Ali/Desktop/Vivado/CarGameFinal/CarGameFinal.srcs/sources_1/ip/blk_mem_gen_0/blk_mem_gen_0/blk_mem_gen_0_in_context.xdc] for cell 'Blk_Ram_Road'
Parsing XDC File [c:/Users/Ali/Desktop/Vivado/CarGameFinal/CarGameFinal.srcs/sources_1/ip/blk_mem_gen_1/blk_mem_gen_1/blk_mem_gen_1_in_context.xdc] for cell 'Blk_Ram_Car'
Finished Parsing XDC File [c:/Users/Ali/Desktop/Vivado/CarGameFinal/CarGameFinal.srcs/sources_1/ip/blk_mem_gen_1/blk_mem_gen_1/blk_mem_gen_1_in_context.xdc] for cell 'Blk_Ram_Car'
Parsing XDC File [c:/Users/Ali/Desktop/Vivado/CarGameFinal/CarGameFinal.srcs/sources_1/ip/blk_mem_gen_2/blk_mem_gen_2/blk_mem_gen_2_in_context.xdc] for cell 'Blk_Ram_Car_obstacle'
Finished Parsing XDC File [c:/Users/Ali/Desktop/Vivado/CarGameFinal/CarGameFinal.srcs/sources_1/ip/blk_mem_gen_2/blk_mem_gen_2/blk_mem_gen_2_in_context.xdc] for cell 'Blk_Ram_Car_obstacle'
Parsing XDC File [C:/Users/Ali/Desktop/Vivado/Constraints/Basys-3-Master.xdc]
Finished Parsing XDC File [C:/Users/Ali/Desktop/Vivado/Constraints/Basys-3-Master.xdc]
INFO: [Project 1-236] Implementation specific constraints were found while reading constraint file [C:/Users/Ali/Desktop/Vivado/Constraints/Basys-3-Master.xdc]. These constraints will be ignored for synthesis but will be used in implementation. Impacted constraints are listed in the file [.Xil/Car_Game_propImpl.xdc].
Resolution: To avoid this warning, move constraints listed in [.Xil/Car_Game_propImpl.xdc] to another XDC file and exclude this new file from synthesis with the used_in_synthesis property (File Properties dialog in GUI) and re-run elaboration/synthesis.
Completed Processing XDC Constraints

Netlist sorting complete. Time (s): cpu = 00:00:00 ; elapsed = 00:00:00 . Memory (MB): peak = 995.559 ; gain = 0.000
INFO: [Project 1-111] Unisim Transformation Summary:
No Unisim elements were transformed.

Constraint Validation Runtime : Time (s): cpu = 00:00:00 ; elapsed = 00:00:00.005 . Memory (MB): peak = 995.559 ; gain = 0.000
---------------------------------------------------------------------------------
Finished Constraint Validation : Time (s): cpu = 00:00:07 ; elapsed = 00:00:07 . Memory (MB): peak = 995.559 ; gain = 369.969
---------------------------------------------------------------------------------
---------------------------------------------------------------------------------
Start Loading Part and Timing Information
---------------------------------------------------------------------------------
Loading part: xc7a35tcpg236-1
---------------------------------------------------------------------------------
Finished Loading Part and Timing Information : Time (s): cpu = 00:00:07 ; elapsed = 00:00:07 . Memory (MB): peak = 995.559 ; gain = 369.969
---------------------------------------------------------------------------------
---------------------------------------------------------------------------------
Start Applying 'set_property' XDC Constraints
---------------------------------------------------------------------------------
Applied set_property DONT_TOUCH = true for Blk_Ram_Road. (constraint file  auto generated constraint, line ).
Applied set_property DONT_TOUCH = true for Blk_Ram_Car. (constraint file  auto generated constraint, line ).
Applied set_property DONT_TOUCH = true for Blk_Ram_Car_obstacle. (constraint file  auto generated constraint, line ).
---------------------------------------------------------------------------------
Finished applying 'set_property' XDC Constraints : Time (s): cpu = 00:00:07 ; elapsed = 00:00:07 . Memory (MB): peak = 995.559 ; gain = 369.969
---------------------------------------------------------------------------------
INFO: [Synth 8-5818] HDL ADVISOR - The operator resource <adder> is shared. To prevent sharing consider applying a KEEP on the output of the operator [C:/Users/Ali/Desktop/Vivado/CarGameFinal/CarGameFinal.srcs/sources_1/new/Car_Game.vhd:128]
---------------------------------------------------------------------------------
Finished RTL Optimization Phase 2 : Time (s): cpu = 00:00:08 ; elapsed = 00:00:08 . Memory (MB): peak = 995.559 ; gain = 369.969
---------------------------------------------------------------------------------

Report RTL Partitions: 
+-+--------------+------------+----------+
| |RTL Partition |Replication |Instances |
+-+--------------+------------+----------+
+-+--------------+------------+----------+
---------------------------------------------------------------------------------
Start RTL Component Statistics 
---------------------------------------------------------------------------------
Detailed RTL Component Info : 
+---Adders : 
	   2 Input     32 Bit       Adders := 11    
	   2 Input     17 Bit       Adders := 1     
	   2 Input     11 Bit       Adders := 2     
+---Registers : 
	               32 Bit    Registers := 6     
	               17 Bit    Registers := 1     
	               11 Bit    Registers := 2     
	                4 Bit    Registers := 3     
	                1 Bit    Registers := 4     
+---Muxes : 
	   2 Input     32 Bit        Muxes := 22    
	   2 Input     17 Bit        Muxes := 2     
	   2 Input      4 Bit        Muxes := 6     
	   4 Input      4 Bit        Muxes := 2     
	   2 Input      1 Bit        Muxes := 6     
---------------------------------------------------------------------------------
Finished RTL Component Statistics 
---------------------------------------------------------------------------------
---------------------------------------------------------------------------------
Start RTL Hierarchical Component Statistics 
---------------------------------------------------------------------------------
Hierarchical RTL Component report 
Module Car_Game 
Detailed RTL Component Info : 
+---Adders : 
	   2 Input     32 Bit       Adders := 11    
	   2 Input     17 Bit       Adders := 1     
	   2 Input     11 Bit       Adders := 2     
+---Registers : 
	               32 Bit    Registers := 6     
	               17 Bit    Registers := 1     
	               11 Bit    Registers := 2     
	                4 Bit    Registers := 3     
	                1 Bit    Registers := 4     
+---Muxes : 
	   2 Input     32 Bit        Muxes := 22    
	   2 Input     17 Bit        Muxes := 2     
	   2 Input      4 Bit        Muxes := 6     
	   4 Input      4 Bit        Muxes := 2     
	   2 Input      1 Bit        Muxes := 6     
---------------------------------------------------------------------------------
Finished RTL Hierarchical Component Statistics
---------------------------------------------------------------------------------
---------------------------------------------------------------------------------
Start Part Resource Summary
---------------------------------------------------------------------------------
Part Resources:
DSPs: 90 (col length:60)
BRAMs: 100 (col length: RAMB18 60 RAMB36 30)
---------------------------------------------------------------------------------
Finished Part Resource Summary
---------------------------------------------------------------------------------
---------------------------------------------------------------------------------
Start Cross Boundary and Area Optimization
---------------------------------------------------------------------------------
Warning: Parallel synthesis criteria is not met 
DSP Report: Generating DSP address_road2, operation Mode is: A*(B:0xc8).
DSP Report: operator address_road2 is absorbed into DSP address_road2.
INFO: [Synth 8-3886] merging instance 'Car_top_reg[0]' (FDRE) to 'Car_top_reg[3]'
INFO: [Synth 8-3886] merging instance 'Car_top_reg[1]' (FDSE) to 'Car_top_reg[2]'
INFO: [Synth 8-3886] merging instance 'Car_top_reg[2]' (FDSE) to 'Car_top_reg[7]'
INFO: [Synth 8-3886] merging instance 'Car_top_reg[3]' (FDRE) to 'Car_top_reg[4]'
INFO: [Synth 8-3886] merging instance 'Car_top_reg[4]' (FDRE) to 'Car_top_reg[5]'
INFO: [Synth 8-3886] merging instance 'Car_top_reg[5]' (FDRE) to 'Car_top_reg[6]'
INFO: [Synth 8-3886] merging instance 'Car_top_reg[6]' (FDRE) to 'Car_top_reg[9]'
INFO: [Synth 8-3886] merging instance 'Car_top_reg[7]' (FDSE) to 'Car_top_reg[8]'
INFO: [Synth 8-3333] propagating constant 1 across sequential element (\Car_top_reg[8] )
INFO: [Synth 8-3886] merging instance 'Car_top_reg[9]' (FDRE) to 'Car_top_reg[10]'
INFO: [Synth 8-3886] merging instance 'Car_top_reg[10]' (FDRE) to 'Car_top_reg[11]'
INFO: [Synth 8-3886] merging instance 'Car_top_reg[11]' (FDRE) to 'Car_top_reg[12]'
INFO: [Synth 8-3886] merging instance 'Car_top_reg[12]' (FDRE) to 'Car_top_reg[13]'
INFO: [Synth 8-3886] merging instance 'Car_top_reg[13]' (FDRE) to 'Car_top_reg[14]'
INFO: [Synth 8-3886] merging instance 'Car_top_reg[14]' (FDRE) to 'Car_top_reg[15]'
INFO: [Synth 8-3886] merging instance 'Car_top_reg[15]' (FDRE) to 'Car_top_reg[16]'
INFO: [Synth 8-3886] merging instance 'Car_top_reg[16]' (FDRE) to 'Car_top_reg[17]'
INFO: [Synth 8-3886] merging instance 'Car_top_reg[17]' (FDRE) to 'Car_top_reg[18]'
INFO: [Synth 8-3886] merging instance 'Car_top_reg[18]' (FDRE) to 'Car_top_reg[19]'
INFO: [Synth 8-3886] merging instance 'Car_top_reg[19]' (FDRE) to 'Car_top_reg[20]'
INFO: [Synth 8-3886] merging instance 'Car_top_reg[20]' (FDRE) to 'Car_top_reg[21]'
INFO: [Synth 8-3886] merging instance 'Car_top_reg[21]' (FDRE) to 'Car_top_reg[22]'
INFO: [Synth 8-3886] merging instance 'Car_top_reg[22]' (FDRE) to 'Car_top_reg[23]'
INFO: [Synth 8-3886] merging instance 'Car_top_reg[23]' (FDRE) to 'Car_top_reg[24]'
INFO: [Synth 8-3886] merging instance 'Car_top_reg[24]' (FDRE) to 'Car_top_reg[25]'
INFO: [Synth 8-3886] merging instance 'Car_top_reg[25]' (FDRE) to 'Car_top_reg[26]'
INFO: [Synth 8-3886] merging instance 'Car_top_reg[26]' (FDRE) to 'Car_top_reg[27]'
INFO: [Synth 8-3886] merging instance 'Car_top_reg[27]' (FDRE) to 'Car_top_reg[28]'
INFO: [Synth 8-3886] merging instance 'Car_top_reg[28]' (FDRE) to 'Car_top_reg[29]'
INFO: [Synth 8-3886] merging instance 'Car_top_reg[29]' (FDRE) to 'Car_top_reg[30]'
INFO: [Synth 8-3886] merging instance 'Car_top_reg[30]' (FDRE) to 'Car_top_reg[31]'
INFO: [Synth 8-3333] propagating constant 0 across sequential element (\Car_top_reg[31] )
---------------------------------------------------------------------------------
Finished Cross Boundary and Area Optimization : Time (s): cpu = 00:00:13 ; elapsed = 00:00:13 . Memory (MB): peak = 995.559 ; gain = 369.969
---------------------------------------------------------------------------------
---------------------------------------------------------------------------------
Start ROM, RAM, DSP and Shift Register Reporting
---------------------------------------------------------------------------------

DSP: Preliminary Mapping  Report (see note below)
+------------+-------------+--------+--------+--------+--------+--------+------+------+------+------+-------+------+------+
|Module Name | DSP Mapping | A Size | B Size | C Size | D Size | P Size | AREG | BREG | CREG | DREG | ADREG | MREG | PREG | 
+------------+-------------+--------+--------+--------+--------+--------+------+------+------+------+-------+------+------+
|Car_Game    | A*(B:0xc8)  | 17     | 9      | -      | -      | 26     | 0    | 0    | -    | -    | -     | 0    | 0    | 
+------------+-------------+--------+--------+--------+--------+--------+------+------+------+------+-------+------+------+

Note: The table above is a preliminary report that shows the DSPs inferred at the current stage of the synthesis flow. Some DSP may be reimplemented as non DSP primitives later in the synthesis flow. Multiple instantiated DSPs are reported only once.
---------------------------------------------------------------------------------
Finished ROM, RAM, DSP and Shift Register Reporting
---------------------------------------------------------------------------------

Report RTL Partitions: 
+-+--------------+------------+----------+
| |RTL Partition |Replication |Instances |
+-+--------------+------------+----------+
+-+--------------+------------+----------+
---------------------------------------------------------------------------------
Start Applying XDC Timing Constraints
---------------------------------------------------------------------------------
---------------------------------------------------------------------------------
Finished Applying XDC Timing Constraints : Time (s): cpu = 00:00:21 ; elapsed = 00:00:21 . Memory (MB): peak = 1013.918 ; gain = 388.328
---------------------------------------------------------------------------------
---------------------------------------------------------------------------------
Start Timing Optimization
---------------------------------------------------------------------------------
---------------------------------------------------------------------------------
Finished Timing Optimization : Time (s): cpu = 00:00:24 ; elapsed = 00:00:24 . Memory (MB): peak = 1107.770 ; gain = 482.180
---------------------------------------------------------------------------------

Report RTL Partitions: 
+-+--------------+------------+----------+
| |RTL Partition |Replication |Instances |
+-+--------------+------------+----------+
+-+--------------+------------+----------+
---------------------------------------------------------------------------------
Start Technology Mapping
---------------------------------------------------------------------------------
---------------------------------------------------------------------------------
Finished Technology Mapping : Time (s): cpu = 00:00:24 ; elapsed = 00:00:25 . Memory (MB): peak = 1108.859 ; gain = 483.270
---------------------------------------------------------------------------------

Report RTL Partitions: 
+-+--------------+------------+----------+
| |RTL Partition |Replication |Instances |
+-+--------------+------------+----------+
+-+--------------+------------+----------+
---------------------------------------------------------------------------------
Start IO Insertion
---------------------------------------------------------------------------------
---------------------------------------------------------------------------------
Start Flattening Before IO Insertion
---------------------------------------------------------------------------------
---------------------------------------------------------------------------------
Finished Flattening Before IO Insertion
---------------------------------------------------------------------------------
---------------------------------------------------------------------------------
Start Final Netlist Cleanup
---------------------------------------------------------------------------------
---------------------------------------------------------------------------------
Finished Final Netlist Cleanup
---------------------------------------------------------------------------------
---------------------------------------------------------------------------------
Finished IO Insertion : Time (s): cpu = 00:00:26 ; elapsed = 00:00:26 . Memory (MB): peak = 1109.719 ; gain = 484.129
---------------------------------------------------------------------------------

Report Check Netlist: 
+------+------------------+-------+---------+-------+------------------+
|      |Item              |Errors |Warnings |Status |Description       |
+------+------------------+-------+---------+-------+------------------+
|1     |multi_driven_nets |      0|        0|Passed |Multi driven nets |
+------+------------------+-------+---------+-------+------------------+
---------------------------------------------------------------------------------
Start Renaming Generated Instances
---------------------------------------------------------------------------------
---------------------------------------------------------------------------------
Finished Renaming Generated Instances : Time (s): cpu = 00:00:26 ; elapsed = 00:00:26 . Memory (MB): peak = 1109.719 ; gain = 484.129
---------------------------------------------------------------------------------

Report RTL Partitions: 
+-+--------------+------------+----------+
| |RTL Partition |Replication |Instances |
+-+--------------+------------+----------+
+-+--------------+------------+----------+
---------------------------------------------------------------------------------
Start Rebuilding User Hierarchy
---------------------------------------------------------------------------------
---------------------------------------------------------------------------------
Finished Rebuilding User Hierarchy : Time (s): cpu = 00:00:26 ; elapsed = 00:00:26 . Memory (MB): peak = 1109.719 ; gain = 484.129
---------------------------------------------------------------------------------
---------------------------------------------------------------------------------
Start Renaming Generated Ports
---------------------------------------------------------------------------------
---------------------------------------------------------------------------------
Finished Renaming Generated Ports : Time (s): cpu = 00:00:26 ; elapsed = 00:00:26 . Memory (MB): peak = 1109.719 ; gain = 484.129
---------------------------------------------------------------------------------
---------------------------------------------------------------------------------
Start Handling Custom Attributes
---------------------------------------------------------------------------------
---------------------------------------------------------------------------------
Finished Handling Custom Attributes : Time (s): cpu = 00:00:26 ; elapsed = 00:00:26 . Memory (MB): peak = 1109.719 ; gain = 484.129
---------------------------------------------------------------------------------
---------------------------------------------------------------------------------
Start Renaming Generated Nets
---------------------------------------------------------------------------------
---------------------------------------------------------------------------------
Finished Renaming Generated Nets : Time (s): cpu = 00:00:26 ; elapsed = 00:00:26 . Memory (MB): peak = 1109.719 ; gain = 484.129
---------------------------------------------------------------------------------
---------------------------------------------------------------------------------
Start Writing Synthesis Report
---------------------------------------------------------------------------------

Report BlackBoxes: 
+------+--------------+----------+
|      |BlackBox name |Instances |
+------+--------------+----------+
|1     |blk_mem_gen_0 |         1|
|2     |blk_mem_gen_1 |         1|
|3     |blk_mem_gen_2 |         1|
+------+--------------+----------+

Report Cell Usage: 
+------+---------------------+------+
|      |Cell                 |Count |
+------+---------------------+------+
|1     |blk_mem_gen_0_bbox_0 |     1|
|2     |blk_mem_gen_1_bbox_1 |     1|
|3     |blk_mem_gen_2_bbox_2 |     1|
|4     |BUFG                 |     2|
|5     |CARRY4               |   293|
|6     |DSP48E1              |     1|
|7     |LUT1                 |    73|
|8     |LUT2                 |   567|
|9     |LUT3                 |    77|
|10    |LUT4                 |   446|
|11    |LUT5                 |    92|
|12    |LUT6                 |   107|
|13    |FDCE                 |    64|
|14    |FDRE                 |   331|
|15    |FDSE                 |    11|
|16    |IBUF                 |     4|
|17    |OBUF                 |    25|
+------+---------------------+------+

Report Instance Areas: 
+------+---------+-------+------+
|      |Instance |Module |Cells |
+------+---------+-------+------+
|1     |top      |       |  2129|
+------+---------+-------+------+
---------------------------------------------------------------------------------
Finished Writing Synthesis Report : Time (s): cpu = 00:00:26 ; elapsed = 00:00:26 . Memory (MB): peak = 1109.719 ; gain = 484.129
---------------------------------------------------------------------------------
Synthesis finished with 0 errors, 0 critical warnings and 0 warnings.
Synthesis Optimization Runtime : Time (s): cpu = 00:00:21 ; elapsed = 00:00:25 . Memory (MB): peak = 1109.719 ; gain = 359.363
Synthesis Optimization Complete : Time (s): cpu = 00:00:26 ; elapsed = 00:00:26 . Memory (MB): peak = 1109.719 ; gain = 484.129
INFO: [Project 1-571] Translating synthesized netlist
INFO: [Netlist 29-17] Analyzing 294 Unisim elements for replacement
INFO: [Netlist 29-28] Unisim Transformation completed in 0 CPU seconds
WARNING: [Netlist 29-101] Netlist 'Car_Game' is not ideal for floorplanning, since the cellview 'Car_Game' contains a large number of primitives.  Please consider enabling hierarchy in synthesis if you want to do floorplanning.
INFO: [Project 1-570] Preparing netlist for logic optimization
INFO: [Opt 31-138] Pushed 0 inverter(s) to 0 load pin(s).
Netlist sorting complete. Time (s): cpu = 00:00:00 ; elapsed = 00:00:00 . Memory (MB): peak = 1125.785 ; gain = 0.000
INFO: [Project 1-111] Unisim Transformation Summary:
No Unisim elements were transformed.

INFO: [Common 17-83] Releasing license: Synthesis
53 Infos, 17 Warnings, 0 Critical Warnings and 0 Errors encountered.
synth_design completed successfully
synth_design: Time (s): cpu = 00:00:30 ; elapsed = 00:00:31 . Memory (MB): peak = 1125.785 ; gain = 739.656
Netlist sorting complete. Time (s): cpu = 00:00:00 ; elapsed = 00:00:00 . Memory (MB): peak = 1125.785 ; gain = 0.000
WARNING: [Constraints 18-5210] No constraints selected for write.
Resolution: This message can indicate that there are no constraints for the design, or it can indicate that the used_in flags are set such that the constraints are ignored. This later case is used when running synth_design to not write synthesis constraints to the resulting checkpoint. Instead, project constraints are read when the synthesized design is opened.
INFO: [Common 17-1381] The checkpoint 'C:/Users/Ali/Desktop/Vivado/CarGameFinal/CarGameFinal.runs/synth_1/Car_Game.dcp' has been generated.
INFO: [runtcl-4] Executing : report_utilization -file Car_Game_utilization_synth.rpt -pb Car_Game_utilization_synth.pb
INFO: [Common 17-206] Exiting Vivado at Thu Apr  4 04:40:11 2024...
