

================================================================
== Vivado HLS Report for 'divider'
================================================================
* Date:           Sat Mar  9 23:48:13 2024

* Version:        2020.1 (Build 2897737 on Wed May 27 20:21:37 MDT 2020)
* Project:        four_bit_adder
* Solution:       solution1
* Product family: artix7
* Target device:  xc7a35t-cpg236-1


================================================================
== Performance Estimates
================================================================
+ Timing: 
    * Summary: 
    +--------+----------+----------+------------+
    |  Clock |  Target  | Estimated| Uncertainty|
    +--------+----------+----------+------------+
    |ap_clk  | 10.00 ns | 2.941 ns |   1.25 ns  |
    +--------+----------+----------+------------+

+ Latency: 
    * Summary: 
    +---------+---------+-----------+-----------+-----+-----+---------+
    |  Latency (cycles) |   Latency (absolute)  |  Interval | Pipeline|
    |   min   |   max   |    min    |    max    | min | max |   Type  |
    +---------+---------+-----------+-----------+-----+-----+---------+
    |        7|        7| 70.000 ns | 70.000 ns |    7|    7|   none  |
    +---------+---------+-----------+-----------+-----+-----+---------+

    + Detail: 
        * Instance: 
        N/A

        * Loop: 
        N/A



================================================================
== Utilization Estimates
================================================================
* Summary: 
+-----------------+---------+-------+-------+-------+-----+
|       Name      | BRAM_18K| DSP48E|   FF  |  LUT  | URAM|
+-----------------+---------+-------+-------+-------+-----+
|DSP              |        -|      -|      -|      -|    -|
|Expression       |        -|      -|      -|      -|    -|
|FIFO             |        -|      -|      -|      -|    -|
|Instance         |        -|      -|     58|     23|    -|
|Memory           |        -|      -|      -|      -|    -|
|Multiplexer      |        -|      -|      -|     44|    -|
|Register         |        -|      -|      8|      -|    -|
+-----------------+---------+-------+-------+-------+-----+
|Total            |        0|      0|     66|     67|    0|
+-----------------+---------+-------+-------+-------+-----+
|Available        |      100|     90|  41600|  20800|    0|
+-----------------+---------+-------+-------+-------+-----+
|Utilization (%)  |        0|      0|   ~0  |   ~0  |    0|
+-----------------+---------+-------+-------+-------+-----+

+ Detail: 
    * Instance: 
    +-------------------------+----------------------+---------+-------+----+----+-----+
    |         Instance        |        Module        | BRAM_18K| DSP48E| FF | LUT| URAM|
    +-------------------------+----------------------+---------+-------+----+----+-----+
    |divider_udiv_4ns_bkb_U1  |divider_udiv_4ns_bkb  |        0|      0|  58|  23|    0|
    +-------------------------+----------------------+---------+-------+----+----+-----+
    |Total                    |                      |        0|      0|  58|  23|    0|
    +-------------------------+----------------------+---------+-------+----+----+-----+

    * DSP48E: 
    N/A

    * Memory: 
    N/A

    * FIFO: 
    N/A

    * Expression: 
    N/A

    * Multiplexer: 
    +-----------+----+-----------+-----+-----------+
    |    Name   | LUT| Input Size| Bits| Total Bits|
    +-----------+----+-----------+-----+-----------+
    |ap_NS_fsm  |  44|          9|    1|          9|
    +-----------+----+-----------+-----+-----------+
    |Total      |  44|          9|    1|          9|
    +-----------+----+-----------+-----+-----------+

    * Register: 
    +-----------+---+----+-----+-----------+
    |    Name   | FF| LUT| Bits| Const Bits|
    +-----------+---+----+-----+-----------+
    |ap_CS_fsm  |  8|   0|    8|          0|
    +-----------+---+----+-----+-----------+
    |Total      |  8|   0|    8|          0|
    +-----------+---+----+-----+-----------+



================================================================
== Interface
================================================================
* Summary: 
+--------------+-----+-----+------------+--------------+--------------+
|   RTL Ports  | Dir | Bits|  Protocol  | Source Object|    C Type    |
+--------------+-----+-----+------------+--------------+--------------+
|ap_clk        |  in |    1| ap_ctrl_hs |    divider   | return value |
|ap_rst        |  in |    1| ap_ctrl_hs |    divider   | return value |
|ap_start      |  in |    1| ap_ctrl_hs |    divider   | return value |
|ap_done       | out |    1| ap_ctrl_hs |    divider   | return value |
|ap_idle       | out |    1| ap_ctrl_hs |    divider   | return value |
|ap_ready      | out |    1| ap_ctrl_hs |    divider   | return value |
|out_V         | out |    8|   ap_vld   |     out_V    |    pointer   |
|out_V_ap_vld  | out |    1|   ap_vld   |     out_V    |    pointer   |
|in1_V         |  in |    4|   ap_none  |     in1_V    |    scalar    |
|in2_V         |  in |    4|   ap_none  |     in2_V    |    scalar    |
+--------------+-----+-----+------------+--------------+--------------+

