INFO: [HLS 200-10] Running 'D:/Vivado/2020.1/bin/unwrapped/win64.o/vivado_hls.exe'
INFO: [HLS 200-10] For user 'Mina' on host 'desktop-fvc51p8' (Windows NT_amd64 version 6.2) on Mon Mar 11 03:35:12 +0200 2024
INFO: [HLS 200-10] In directory 'D:/GUC/Semester_10/Advanced_Microelectronics_Lab/Sessions/Session_3/Task_1'
Sourcing Tcl script 'D:/GUC/Semester_10/Advanced_Microelectronics_Lab/Sessions/Session_3/Task_1/four_bit_adder/solution1/csim.tcl'
INFO: [HLS 200-10] Opening project 'D:/GUC/Semester_10/Advanced_Microelectronics_Lab/Sessions/Session_3/Task_1/four_bit_adder'.
INFO: [HLS 200-10] Opening solution 'D:/GUC/Semester_10/Advanced_Microelectronics_Lab/Sessions/Session_3/Task_1/four_bit_adder/solution1'.
INFO: [SYN 201-201] Setting up clock 'default' with a period of 10ns.
INFO: [HLS 200-10] Setting target device to 'xc7a35t-cpg236-1'
INFO: [SIM 211-2] *************** CSIM start ***************
INFO: [SIM 211-4] CSIM will launch GCC as the compiler.
   Compiling ../../../Adder_tb.cpp in debug mode
   Compiling ../../../Not_gate_tb.cpp in debug mode
   Compiling ../../../Adder.cpp in debug mode
   Compiling ../../../Not_gate.cpp in debug mode
   Generating csim.exe
In file included from D:/Vivado/2020.1/include/floating_point_v7_0_bitacc_cmodel.h:143:0,
                 from D:/Vivado/2020.1/include/hls_fpo.h:186,
                 from D:/Vivado/2020.1/include/hls_half.h:44,
                 from D:/Vivado/2020.1/include/etc/ap_private.h:90,
                 from D:/Vivado/2020.1/include/ap_common.h:641,
                 from D:/Vivado/2020.1/include/ap_int.h:54,
                 from ../../../Adder.h:6,
                 from ../../../Adder_tb.cpp:2:
D:/Vivado/2020.1/include/gmp.h:62:0: warning: "__GMP_LIBGMP_DLL" redefined
 #define __GMP_LIBGMP_DLL  0
 
In file included from D:/Vivado/2020.1/include/hls_fpo.h:186:0,
                 from D:/Vivado/2020.1/include/hls_half.h:44,
                 from D:/Vivado/2020.1/include/etc/ap_private.h:90,
                 from D:/Vivado/2020.1/include/ap_common.h:641,
                 from D:/Vivado/2020.1/include/ap_int.h:54,
                 from ../../../Adder.h:6,
                 from ../../../Adder_tb.cpp:2:
D:/Vivado/2020.1/include/floating_point_v7_0_bitacc_cmodel.h:135:0: note: this is the location of the previous definition
 #define __GMP_LIBGMP_DLL 1
 
In file included from D:/Vivado/2020.1/include/floating_point_v7_0_bitacc_cmodel.h:143:0,
                 from D:/Vivado/2020.1/include/hls_fpo.h:186,
                 from D:/Vivado/2020.1/include/hls_half.h:44,
                 from D:/Vivado/2020.1/include/etc/ap_private.h:90,
                 from D:/Vivado/2020.1/include/ap_common.h:641,
                 from D:/Vivado/2020.1/include/ap_int.h:54,
                 from ../../../Not_gate.h:6,
                 from ../../../Not_gate_tb.cpp:2:
D:/Vivado/2020.1/include/gmp.h:62:0: warning: "__GMP_LIBGMP_DLL" redefined
 #define __GMP_LIBGMP_DLL  0
 
In file included from D:/Vivado/2020.1/include/hls_fpo.h:186:0,
                 from D:/Vivado/2020.1/include/hls_half.h:44,
                 from D:/Vivado/2020.1/include/etc/ap_private.h:90,
                 from D:/Vivado/2020.1/include/ap_common.h:641,
                 from D:/Vivado/2020.1/include/ap_int.h:54,
                 from ../../../Not_gate.h:6,
                 from ../../../Not_gate_tb.cpp:2:
D:/Vivado/2020.1/include/floating_point_v7_0_bitacc_cmodel.h:135:0: note: this is the location of the previous definition
 #define __GMP_LIBGMP_DLL 1
 
In file included from D:/Vivado/2020.1/include/floating_point_v7_0_bitacc_cmodel.h:143:0,
                 from D:/Vivado/2020.1/include/hls_fpo.h:186,
                 from D:/Vivado/2020.1/include/hls_half.h:44,
                 from D:/Vivado/2020.1/include/etc/ap_private.h:90,
                 from D:/Vivado/2020.1/include/ap_common.h:641,
                 from D:/Vivado/2020.1/include/ap_int.h:54,
                 from ../../../Adder.h:6,
                 from ../../../Adder.cpp:1:
D:/Vivado/2020.1/include/gmp.h:62:0: warning: "__GMP_LIBGMP_DLL" redefined
 #define __GMP_LIBGMP_DLL  0
 
In file included from D:/Vivado/2020.1/include/hls_fpo.h:186:0,
                 from D:/Vivado/2020.1/include/hls_half.h:44,
                 from D:/Vivado/2020.1/include/etc/ap_private.h:90,
                 from D:/Vivado/2020.1/include/ap_common.h:641,
                 from D:/Vivado/2020.1/include/ap_int.h:54,
                 from ../../../Adder.h:6,
                 from ../../../Adder.cpp:1:
D:/Vivado/2020.1/include/floating_point_v7_0_bitacc_cmodel.h:135:0: note: this is the location of the previous definition
 #define __GMP_LIBGMP_DLL 1
 
In file included from D:/Vivado/2020.1/include/floating_point_v7_0_bitacc_cmodel.h:143:0,
                 from D:/Vivado/2020.1/include/hls_fpo.h:186,
                 from D:/Vivado/2020.1/include/hls_half.h:44,
                 from D:/Vivado/2020.1/include/etc/ap_private.h:90,
                 from D:/Vivado/2020.1/include/ap_common.h:641,
                 from D:/Vivado/2020.1/include/ap_int.h:54,
                 from ../../../Not_gate.h:6,
                 from ../../../Not_gate.cpp:1:
D:/Vivado/2020.1/include/gmp.h:62:0: warning: "__GMP_LIBGMP_DLL" redefined
 #define __GMP_LIBGMP_DLL  0
 
In file included from D:/Vivado/2020.1/include/hls_fpo.h:186:0,
                 from D:/Vivado/2020.1/include/hls_half.h:44,
                 from D:/Vivado/2020.1/include/etc/ap_private.h:90,
                 from D:/Vivado/2020.1/include/ap_common.h:641,
                 from D:/Vivado/2020.1/include/ap_int.h:54,
                 from ../../../Not_gate.h:6,
                 from ../../../Not_gate.cpp:1:
D:/Vivado/2020.1/include/floating_point_v7_0_bitacc_cmodel.h:135:0: note: this is the location of the previous definition
 #define __GMP_LIBGMP_DLL 1
 
INFO: [SIM 211-1] CSim file generation done with 0 errors.
INFO: [SIM 211-3] *************** CSIM finish ***************
