#
# A fatal error has been detected by the Java Runtime Environment:
#
#  EXCEPTION_ACCESS_VIOLATION (0xc0000005) at pc=0x00007ff983513782, pid=8052, tid=13032
#
# JRE version: Java(TM) SE Runtime Environment (9.0+11) (build 9.0.4+11)
# Java VM: Java HotSpot(TM) 64-Bit Server VM (9.0.4+11, mixed mode, tiered, compressed oops, g1 gc, windows-amd64)
# Problematic frame:
# C  [librdi_simdata.dll+0x83782]
#
# No core dump will be written. Minidumps are not enabled by default on client versions of Windows
#
# If you would like to submit a bug report, please visit:
#   http://bugreport.java.com/bugreport/crash.jsp
# The crash happened outside the Java Virtual Machine in native code.
# See problematic frame for where to report the bug.
#

---------------  S U M M A R Y ------------

Command Line: -Dsun.java2d.pmoffscreen=false -Dsun.java2d.xrender=false -Dsun.java2d.d3d=false -Dsun.awt.nopixfmt=true -Dsun.java2d.dpiaware=true -Dsun.java2d.uiScale.enabled=false -Xverify:none -Dswing.aatext=true -XX:-UsePerfData -Djdk.map.althashing.threshold=512 -XX:StringTableSize=4072 --add-opens=java.base/java.nio=ALL-UNNAMED --add-opens=java.desktop/sun.swing=ALL-UNNAMED --add-opens=java.desktop/javax.swing=ALL-UNNAMED --add-opens=java.desktop/javax.swing.tree=ALL-UNNAMED --add-opens=java.desktop/javax.swing.plaf.basic=ALL-UNNAMED --add-opens=java.desktop/javax.swing.plaf.synth=ALL-UNNAMED --add-opens=java.desktop/com.sun.awt=ALL-UNNAMED -XX:NewSize=60m -XX:MaxNewSize=60m -Xms128m -Xmx3072m -Xss5m 

Host: Intel(R) Core(TM) i5-4210U CPU @ 1.70GHz, 4 cores, 7G,  Windows 10 , 64 bit Build 17134 (10.0.17134.753)
Time: Wed Apr 03 21:09:54 2024 Egypt Standard Time elapsed time: 6211 seconds (0d 1h 43m 31s)

---------------  T H R E A D  ---------------

Current thread (0x000002529d35d800):  JavaThread "AWT-EventQueue-0" [_thread_in_native, id=13032, stack(0x000000fdfeb00000,0x000000fdff000000)]

Stack: [0x000000fdfeb00000,0x000000fdff000000],  sp=0x000000fdfeffc110,  free space=5104k
Native frames: (J=compiled Java code, j=interpreted, Vv=VM code, C=native code)
C  [librdi_simdata.dll+0x83782]
C  [librdi_simdata.dll+0x7a9a2]
C  0x00007ff980f4b5ae
C  0x00007ff980f4a7a0
C  0x00007ff980f4a853
C  0x00007ff980f4a62e
C  0x00007ff980f4b292
C  [librdi_simdata.dll+0x49141]
C  [librdi_simdata.dll+0x9d4fe]
C  0x00000252a103921c

Java frames: (J=compiled Java code, j=interpreted, Vv=VM code)
j  ui.views.simulator.executive.simulationi.SimulationExecutive_getTreeWindowData(JILjava/lang/String;)Ljava/lang/String;+0
j  ui.views.N.c.a.a(Lui/views/N/j/f;Z)Lui/views/waveform/executive/protobuf/WVTree$WVTreeMessage;+16
j  ui.views.N.i.f.load()V+15
j  ui.views.N.i.p.iZo()V+4
j  ui.views.N.h.e.a(Lui/frmwork/b/i;)V+124
J 20503 c1 ui.frmwork.b.l.d(Lui/frmwork/b/i;)V (61 bytes) @ 0x00000252a410929c [0x00000252a4108a40+0x000000000000085c]
J 17531 c1 ui.frmwork.G.i(JZ)V (471 bytes) @ 0x00000252a37771ac [0x00000252a37729c0+0x00000000000047ec]
J 17543 c1 ui.frmwork.G.fireTclEvent(J)I (113 bytes) @ 0x00000252a37901cc [0x00000252a378f9c0+0x000000000000080c]
v  ~StubRoutines::call_stub
j  ui.views.simulator.executive.simulationi.SimulationExecutive_setTreeWindowTreeHeight(JII)V+0
j  ui.views.N.c.a.b(Lui/views/N/j/f;I)V+17
j  ui.views.N.i.f.jaC()V+69
j  ui.views.N.i.h.jaJ()V+14
j  ui.views.N.i.h$$Lambda$343.run()V+4
J 14381 c2 java.awt.event.InvocationEvent.dispatch()V java.desktop@9.0.4 (69 bytes) @ 0x00000252a950541c [0x00000252a95053c0+0x000000000000005c]
J 16280 c2 java.awt.EventQueue$3.run()Ljava/lang/Object; java.desktop@9.0.4 (5 bytes) @ 0x00000252a96ba4b8 [0x00000252a96ba3e0+0x00000000000000d8]
v  ~StubRoutines::call_stub
J 4352  java.security.AccessController.doPrivileged(Ljava/security/PrivilegedAction;Ljava/security/AccessControlContext;)Ljava/lang/Object; java.base@9.0.4 (0 bytes) @ 0x00000252a8ba8b46 [0x00000252a8ba8ae0+0x0000000000000066]
J 14355 c2 java.awt.EventQueue.dispatchEvent(Ljava/awt/AWTEvent;)V java.desktop@9.0.4 (80 bytes) @ 0x00000252a94ea818 [0x00000252a94ea2c0+0x0000000000000558]
J 14358 c2 ui.frmwork.b.d.dispatchEvent(Ljava/awt/AWTEvent;)V (34 bytes) @ 0x00000252a94ec0bc [0x00000252a94ebfe0+0x00000000000000dc]
J 25567 c1 java.awt.EventDispatchThread.pumpOneEventForFilters(I)V java.desktop@9.0.4 (218 bytes) @ 0x00000252a45c5114 [0x00000252a45c3d40+0x00000000000013d4]
J 25618% c1 java.awt.EventDispatchThread.pumpEventsForFilter(ILjava/awt/Conditional;Ljava/awt/EventFilter;)V java.desktop@9.0.4 (47 bytes) @ 0x00000252a45ef83c [0x00000252a45ef520+0x000000000000031c]
j  java.awt.EventDispatchThread.pumpEventsForHierarchy(ILjava/awt/Conditional;Ljava/awt/Component;)V+11 java.desktop@9.0.4
j  java.awt.EventDispatchThread.pumpEvents(ILjava/awt/Conditional;)V+4 java.desktop@9.0.4
j  java.awt.EventDispatchThread.pumpEvents(Ljava/awt/Conditional;)V+3 java.desktop@9.0.4
j  java.awt.EventDispatchThread.run()V+9 java.desktop@9.0.4
v  ~StubRoutines::call_stub

siginfo: EXCEPTION_ACCESS_VIOLATION (0xc0000005), reading address 0x0000000000000008


Register to memory mapping:

RIP=0x00007ff983513782 librdi_simdata.dll
RAX=0x0000000000000000 is an unknown value
RBX=0x000002531d08ca20 is an unknown value
RCX=0x000002531d08ca40 is an unknown value
RDX=0x0000000000000000 is an unknown value
RSP=0x000000fdfeffc110 is pointing into the stack for thread: 0x000002529d35d800
RBP=0x000000fdfeffc230 is pointing into the stack for thread: 0x000002529d35d800
RSI=0x000000fdfeffc370 is pointing into the stack for thread: 0x000002529d35d800
RDI=0x000000fdfeffc4d8 is pointing into the stack for thread: 0x000002529d35d800
R8 =0x0000000000000023 is an unknown value
R9 =0x00000000000000e3 is an unknown value
R10=0x000002531d089010 is an unknown value
R11=0x0000000000000000 is an unknown value
R12=0x000000fdfeffc600 is pointing into the stack for thread: 0x000002529d35d800
R13=0x0000000000000000 is an unknown value
R14=0x000000fdfeffc4d8 is pointing into the stack for thread: 0x000002529d35d800
R15=0x000000000000011d is an unknown value


Registers:
RAX=0x0000000000000000, RBX=0x000002531d08ca20, RCX=0x000002531d08ca40, RDX=0x0000000000000000
RSP=0x000000fdfeffc110, RBP=0x000000fdfeffc230, RSI=0x000000fdfeffc370, RDI=0x000000fdfeffc4d8
R8 =0x0000000000000023, R9 =0x00000000000000e3, R10=0x000002531d089010, R11=0x0000000000000000
R12=0x000000fdfeffc600, R13=0x0000000000000000, R14=0x000000fdfeffc4d8, R15=0x000000000000011d
RIP=0x00007ff983513782, EFLAGS=0x0000000000010202

Top of Stack: (sp=0x000000fdfeffc110)
0x000000fdfeffc110:   000000fdfeffc4d8 00007ff9835df3c5
0x000000fdfeffc120:   0000000000000038 000000fdfeffc4d8
0x000000fdfeffc130:   fffffffffffffffe 000000fdfeffc370
0x000000fdfeffc140:   0000000000000000 00007ff98350a9a2
0x000000fdfeffc150:   000002531d08ca20 0000000000000000
0x000000fdfeffc160:   000000fdfeffc370 00007ff983513a94
0x000000fdfeffc170:   0000025200000000 0000000000000010
0x000000fdfeffc180:   fffffffffffffffe 0000000000000000
0x000000fdfeffc190:   00000252c4bb3bf0 00007ff980f4b5ae
0x000000fdfeffc1a0:   000002531d08cf60 000002531d08ca20
0x000000fdfeffc1b0:   000002531d090360 0000000000000000
0x000000fdfeffc1c0:   0000000000000000 00007ff980f4a7a0
0x000000fdfeffc1d0:   000000fdfeffc370 0000000000000001
0x000000fdfeffc1e0:   000002531d08cf60 00007ff9835137a7
0x000000fdfeffc1f0:   000002531d08cf80 000002531d08cf60
0x000000fdfeffc200:   0000000000000000 000000fdfeffc4d8 

Instructions: (pc=0x00007ff983513782)
0x00007ff983513762:   48 89 41 08 48 89 41 10 48 89 41 18 48 83 c1 20
0x00007ff983513772:   48 89 01 48 89 41 08 48 89 41 10 48 3b da 74 26
0x00007ff983513782:   48 8b 42 08 48 89 43 08 8b 42 10 89 43 10 8b 42
0x00007ff983513792:   14 89 43 14 48 8b 42 18 48 89 43 18 48 83 c2 20 



---------------  P R O C E S S  ---------------

Java Threads: ( => current thread )
  0x00000252c9fc4800 JavaThread "Relaunch Simulation Thread" [_thread_blocked, id=9880, stack(0x000000fd85800000,0x000000fd85d00000)]
  0x00000252c9fbd000 JavaThread "Thread-4415" [_thread_in_native, id=2672, stack(0x000000fdf8600000,0x000000fdf8700000)]
  0x00000252c9fc4000 JavaThread "Thread-4393" [_thread_in_native, id=208, stack(0x000000fd81f00000,0x000000fd82000000)]
  0x00000252b1dd5000 JavaThread "Monitor File Timestamp Swing Worker Thread" [_thread_blocked, id=12064, stack(0x000000fd86200000,0x000000fd86700000)]
  0x00000252b1dd6800 JavaThread "Timer-2" [_thread_blocked, id=5696, stack(0x000000fd85d00000,0x000000fd86200000)]
  0x00000252b1dd1800 JavaThread "SyntheticaAnimation 50" daemon [_thread_blocked, id=14628, stack(0x000000fd84900000,0x000000fd84e00000)]
  0x00000252b1dd0800 JavaThread "Update Runs Swing Worker Thread" [_thread_blocked, id=3852, stack(0x000000fd84400000,0x000000fd84900000)]
  0x00000252b1dd3000 JavaThread "Thread-2279" [_thread_in_native, id=5008, stack(0x000000fd81e00000,0x000000fd81f00000)]
  0x00000252b1dd4800 JavaThread "Image Animator 0" daemon [_thread_blocked, id=216, stack(0x000000fd85300000,0x000000fd85800000)]
  0x00000252b1dca800 JavaThread "SyntheticaAnimation 50" daemon [_thread_blocked, id=14152, stack(0x000000fd83f00000,0x000000fd84400000)]
  0x00000252b1dcc000 JavaThread "hw_ila_monitor" [_thread_blocked, id=12308, stack(0x000000fd83000000,0x000000fd83500000)]
  0x00000252b1dcb800 JavaThread "Refresh Filesets Swing Worker Thread" [_thread_blocked, id=7212, stack(0x000000fd82b00000,0x000000fd83000000)]
  0x00000252b1dcd000 JavaThread "SyntheticaAnimation 70" daemon [_thread_blocked, id=13504, stack(0x000000fd82100000,0x000000fd82600000)]
  0x000002528c64b800 JavaThread "Swing-Shell" daemon [_thread_blocked, id=8416, stack(0x000000fd81900000,0x000000fd81e00000)]
  0x000002528c64a000 JavaThread "SyntheticaAnimation 25" daemon [_thread_blocked, id=13496, stack(0x000000fd81400000,0x000000fd81900000)]
  0x000002528c64c000 JavaThread "SyntheticaAnimation 50" daemon [_thread_blocked, id=14668, stack(0x000000fd80f00000,0x000000fd81400000)]
  0x000002528c64a800 JavaThread "Monitor HEventQueue Thread" [_thread_blocked, id=11656, stack(0x000000fd80a00000,0x000000fd80f00000)]
  0x000002528c649000 JavaThread "SyntheticaCleanerThread" daemon [_thread_blocked, id=3840, stack(0x000000fd80500000,0x000000fd80a00000)]
  0x000002528c648800 JavaThread "Batik CleanerThread" daemon [_thread_blocked, id=14764, stack(0x000000fdff000000,0x000000fdff500000)]
  0x000002528c64f000 JavaThread "Process Messages Thread" [_thread_blocked, id=12644, stack(0x000000fdff500000,0x000000fdffa00000)]
  0x000002528c64d800 JavaThread "Thread-1" [_thread_in_native, id=13544, stack(0x000000fdf8800000,0x000000fdf9c00000)]
=>0x000002529d35d800 JavaThread "AWT-EventQueue-0" [_thread_in_native, id=13032, stack(0x000000fdfeb00000,0x000000fdff000000)]
  0x000002528e005000 JavaThread "AWT-Shutdown" [_thread_blocked, id=14768, stack(0x000000fdfe100000,0x000000fdfe600000)]
  0x000002528da69000 JavaThread "TimerQueue" daemon [_thread_blocked, id=4796, stack(0x000000fdfd700000,0x000000fdfdc00000)]
  0x000002528e070000 JavaThread "AWT-Windows" daemon [_thread_in_native, id=14408, stack(0x000000fdfdc00000,0x000000fdfe100000)]
  0x00000252bba06000 JavaThread "Java2D Disposer" daemon [_thread_blocked, id=2912, stack(0x000000fdfd200000,0x000000fdfd700000)]
  0x000002528d986000 JavaThread "Service Thread" daemon [_thread_blocked, id=9704, stack(0x000000fdfcc00000,0x000000fdfd100000)]
  0x00000252bc37f800 JavaThread "Common-Cleaner" daemon [_thread_blocked, id=14032, stack(0x000000fdfc700000,0x000000fdfcc00000)]
  0x000002528c64e800 JavaThread "Sweeper thread" daemon [_thread_blocked, id=1936, stack(0x000000fdfc200000,0x000000fdfc700000)]
  0x00000252bcb05000 JavaThread "C1 CompilerThread2" daemon [_thread_blocked, id=13884, stack(0x000000fdfc100000,0x000000fdfc200000)]
  0x00000252a041a000 JavaThread "C2 CompilerThread1" daemon [_thread_blocked, id=10436, stack(0x000000fdfc000000,0x000000fdfc100000)]
  0x00000252a023b000 JavaThread "C2 CompilerThread0" daemon [_thread_blocked, id=13420, stack(0x000000fdfbf00000,0x000000fdfc000000)]
  0x000002528d7d9800 JavaThread "Attach Listener" daemon [_thread_blocked, id=12068, stack(0x000000fdfba00000,0x000000fdfbf00000)]
  0x0000025284b6d800 JavaThread "Signal Dispatcher" daemon [_thread_blocked, id=13480, stack(0x000000fdfb500000,0x000000fdfba00000)]
  0x00000252bc84e000 JavaThread "Finalizer" daemon [_thread_blocked, id=13880, stack(0x000000fdfb000000,0x000000fdfb500000)]
  0x00000252bc84d800 JavaThread "Reference Handler" daemon [_thread_blocked, id=13004, stack(0x000000fdfab00000,0x000000fdfb000000)]
  0x00000252876fe000 JavaThread "main" [_thread_blocked, id=1992, stack(0x000000fdf9e00000,0x000000fdf9f00000)]

Other Threads:
  0x000002528c709000 VMThread "VM Thread" [stack: 0x000000fdfaa00000,0x000000fdfab00000] [id=11004]
  0x00000252bc380800 WatcherThread [stack: 0x000000fdfd100000,0x000000fdfd200000] [id=176]
  0x00000252bc411800 GCTaskThread "GC Thread#0" [stack: 0x000000fdf9f00000,0x000000fdfa000000] [id=7220]
  0x00000252bcaff000 GCTaskThread "GC Thread#1" [stack: 0x000000fdfa000000,0x000000fdfa100000] [id=1800]
  0x00000252bcafd000 GCTaskThread "GC Thread#2" [stack: 0x000000fdfa100000,0x000000fdfa200000] [id=1704]
  0x00000252bcb01800 GCTaskThread "GC Thread#3" [stack: 0x000000fdfa200000,0x000000fdfa300000] [id=6988]
  0x00000252bcb0c800 ConcurrentGCThread "G1 Main Marker" [stack: 0x000000fdfa800000,0x000000fdfa900000] [id=10844]
  0x00000252bcb02000 ConcurrentGCThread "G1 Marker#0" [stack: 0x000000fdfa900000,0x000000fdfaa00000] [id=14212]
  0x00000252bbe71000 ConcurrentGCThread "G1 Refine#0" [stack: 0x000000fdfa600000,0x000000fdfa700000] [id=1124]
  0x00000252bbe70800 ConcurrentGCThread "G1 Refine#1" [stack: 0x000000fdfa500000,0x000000fdfa600000] [id=1264]
  0x00000252bca9e000 ConcurrentGCThread "G1 Refine#2" [stack: 0x000000fdfa400000,0x000000fdfa500000] [id=9208]
  0x00000252bc95e000 ConcurrentGCThread "G1 Refine#3" [stack: 0x000000fdfa300000,0x000000fdfa400000] [id=13416]
  0x00000252bcb68800 ConcurrentGCThread "G1 Young RemSet Sampling" [stack: 0x000000fdfa700000,0x000000fdfa800000] [id=13512]

Threads with active compile tasks:

VM state:not at safepoint (normal execution)

VM Mutex/Monitor currently owned by a thread: None

Heap address: 0x0000000700000000, size: 3072 MB, Compressed Oops mode: Zero based, Oop shift amount: 3
Narrow klass base: 0x0000000000000000, Narrow klass shift: 3
Compressed class space size: 1073741824 Address: 0x00000007c0000000

Heap:
 garbage-first heap   total 249856K, used 102761K [0x0000000700000000, 0x00000007001007a0, 0x00000007c0000000)
  region size 1024K, 8 young (8192K), 0 survivors (0K)
 Metaspace       used 98125K, capacity 101165K, committed 108668K, reserved 1142784K
  class space    used 14086K, capacity 14696K, committed 16252K, reserved 1048576K
Heap Regions: E=young(eden), S=young(survivor), O=old, HS=humongous(starts), HC=humongous(continues), CS=collection set, F=free, A=archive, TS=gc time stamp, AC=allocation context, TAMS=top-at-mark-start (previous, next)
|   0|0x0000000700000000, 0x00000007000d60f0, 0x0000000700100000| 83%| O|  |TS  0|AC  0|TAMS 0x0000000700000000, 0x0000000700000000|
|   1|0x0000000700100000, 0x00000007001ff6c0, 0x0000000700200000| 99%| O|  |TS  0|AC  0|TAMS 0x0000000700100000, 0x0000000700100000|
|   2|0x0000000700200000, 0x0000000700300000, 0x0000000700300000|100%|HS|  |TS  0|AC  0|TAMS 0x0000000700200000, 0x0000000700200000|
|   3|0x0000000700300000, 0x0000000700400000, 0x0000000700400000|100%|HC|  |TS  0|AC  0|TAMS 0x0000000700300000, 0x0000000700300000|
|   4|0x0000000700400000, 0x0000000700500000, 0x0000000700500000|100%|HS|  |TS  0|AC  0|TAMS 0x0000000700400000, 0x0000000700400000|
|   5|0x0000000700500000, 0x00000007005b3be8, 0x0000000700600000| 70%| O|  |TS  0|AC  0|TAMS 0x0000000700500000, 0x0000000700500000|
|   6|0x0000000700600000, 0x00000007006ffb50, 0x0000000700700000| 99%| O|  |TS  0|AC  0|TAMS 0x0000000700600000, 0x0000000700600000|
|   7|0x0000000700700000, 0x00000007007fddf0, 0x0000000700800000| 99%| O|  |TS  0|AC  0|TAMS 0x0000000700700000, 0x0000000700700000|
|   8|0x0000000700800000, 0x00000007008fcfc8, 0x0000000700900000| 98%| O|  |TS  0|AC  0|TAMS 0x0000000700800000, 0x0000000700800000|
|   9|0x0000000700900000, 0x00000007009ffe18, 0x0000000700a00000| 99%| O|  |TS  0|AC  0|TAMS 0x0000000700900000, 0x0000000700900000|
|  10|0x0000000700a00000, 0x0000000700af0278, 0x0000000700b00000| 93%| O|  |TS  0|AC  0|TAMS 0x0000000700a00000, 0x0000000700a00000|
|  11|0x0000000700b00000, 0x0000000700bfff28, 0x0000000700c00000| 99%| O|  |TS  0|AC  0|TAMS 0x0000000700b00000, 0x0000000700b00000|
|  12|0x0000000700c00000, 0x0000000700cffff8, 0x0000000700d00000| 99%| O|  |TS  0|AC  0|TAMS 0x0000000700c00000, 0x0000000700c00000|
|  13|0x0000000700d00000, 0x0000000700dfac18, 0x0000000700e00000| 97%| O|  |TS  0|AC  0|TAMS 0x0000000700d00000, 0x0000000700d00000|
|  14|0x0000000700e00000, 0x0000000700effff0, 0x0000000700f00000| 99%| O|  |TS  0|AC  0|TAMS 0x0000000700e00000, 0x0000000700e00000|
|  15|0x0000000700f00000, 0x0000000700ffff40, 0x0000000701000000| 99%| O|  |TS  0|AC  0|TAMS 0x0000000700f00000, 0x0000000700f00000|
|  16|0x0000000701000000, 0x00000007010fff90, 0x0000000701100000| 99%| O|  |TS  0|AC  0|TAMS 0x0000000701000000, 0x0000000701000000|
|  17|0x0000000701100000, 0x0000000701200000, 0x0000000701200000|100%| O|  |TS  0|AC  0|TAMS 0x0000000701100000, 0x0000000701100000|
|  18|0x0000000701200000, 0x00000007012ffff0, 0x0000000701300000| 99%| O|  |TS  0|AC  0|TAMS 0x0000000701200000, 0x0000000701200000|
|  19|0x0000000701300000, 0x00000007013fe470, 0x0000000701400000| 99%| O|  |TS  0|AC  0|TAMS 0x0000000701300000, 0x0000000701300000|
|  20|0x0000000701400000, 0x00000007014fffd8, 0x0000000701500000| 99%| O|  |TS  0|AC  0|TAMS 0x0000000701400000, 0x0000000701400000|
|  21|0x0000000701500000, 0x00000007015fffe0, 0x0000000701600000| 99%| O|  |TS  0|AC  0|TAMS 0x0000000701500000, 0x0000000701500000|
|  22|0x0000000701600000, 0x00000007016fff70, 0x0000000701700000| 99%| O|  |TS  0|AC  0|TAMS 0x0000000701600000, 0x0000000701600000|
|  23|0x0000000701700000, 0x0000000701800000, 0x0000000701800000|100%| O|  |TS  0|AC  0|TAMS 0x0000000701700000, 0x0000000701700000|
|  24|0x0000000701800000, 0x00000007018fffe8, 0x0000000701900000| 99%| O|  |TS  0|AC  0|TAMS 0x0000000701800000, 0x0000000701800000|
|  25|0x0000000701900000, 0x00000007019ffff8, 0x0000000701a00000| 99%| O|  |TS  0|AC  0|TAMS 0x0000000701900000, 0x0000000701900000|
|  26|0x0000000701a00000, 0x0000000701afffe8, 0x0000000701b00000| 99%| O|  |TS  0|AC  0|TAMS 0x0000000701a00000, 0x0000000701a00000|
|  27|0x0000000701b00000, 0x0000000701bfffe0, 0x0000000701c00000| 99%| O|  |TS  0|AC  0|TAMS 0x0000000701b00000, 0x0000000701b00000|
|  28|0x0000000701c00000, 0x0000000701cfff18, 0x0000000701d00000| 99%| O|  |TS  0|AC  0|TAMS 0x0000000701c00000, 0x0000000701c00000|
|  29|0x0000000701d00000, 0x0000000701dfffe8, 0x0000000701e00000| 99%| O|  |TS  0|AC  0|TAMS 0x0000000701d00000, 0x0000000701d00000|
|  30|0x0000000701e00000, 0x0000000701effe20, 0x0000000701f00000| 99%| O|  |TS  0|AC  0|TAMS 0x0000000701e00000, 0x0000000701e00000|
|  31|0x0000000701f00000, 0x0000000701ffffd8, 0x0000000702000000| 99%| O|  |TS  0|AC  0|TAMS 0x0000000701f00000, 0x0000000701f00000|
|  32|0x0000000702000000, 0x0000000702100000, 0x0000000702100000|100%| O|  |TS  0|AC  0|TAMS 0x0000000702000000, 0x0000000702000000|
|  33|0x0000000702100000, 0x00000007021ffff8, 0x0000000702200000| 99%| O|  |TS  0|AC  0|TAMS 0x0000000702100000, 0x0000000702100000|
|  34|0x0000000702200000, 0x00000007022ffae8, 0x0000000702300000| 99%| O|  |TS  0|AC  0|TAMS 0x0000000702200000, 0x0000000702200000|
|  35|0x0000000702300000, 0x00000007023ffff8, 0x0000000702400000| 99%| O|  |TS  0|AC  0|TAMS 0x0000000702300000, 0x0000000702300000|
|  36|0x0000000702400000, 0x0000000702500000, 0x0000000702500000|100%| O|  |TS  0|AC  0|TAMS 0x0000000702400000, 0x0000000702400000|
|  37|0x0000000702500000, 0x00000007025fff48, 0x0000000702600000| 99%| O|  |TS  0|AC  0|TAMS 0x0000000702500000, 0x0000000702500000|
|  38|0x0000000702600000, 0x0000000702700000, 0x0000000702700000|100%| O|  |TS  0|AC  0|TAMS 0x0000000702600000, 0x0000000702600000|
|  39|0x0000000702700000, 0x00000007027ffff0, 0x0000000702800000| 99%| O|  |TS  0|AC  0|TAMS 0x0000000702700000, 0x0000000702700000|
|  40|0x0000000702800000, 0x00000007028bd6f8, 0x0000000702900000| 73%| O|  |TS  0|AC  0|TAMS 0x0000000702800000, 0x0000000702800000|
|  41|0x0000000702900000, 0x00000007029fffc0, 0x0000000702a00000| 99%| O|  |TS  0|AC  0|TAMS 0x0000000702900000, 0x0000000702900000|
|  42|0x0000000702a00000, 0x0000000702affff0, 0x0000000702b00000| 99%| O|  |TS  0|AC  0|TAMS 0x0000000702a00000, 0x0000000702a00000|
|  43|0x0000000702b00000, 0x0000000702bfffd8, 0x0000000702c00000| 99%| O|  |TS  0|AC  0|TAMS 0x0000000702b00000, 0x0000000702b00000|
|  44|0x0000000702c00000, 0x0000000702cff678, 0x0000000702d00000| 99%| O|  |TS  0|AC  0|TAMS 0x0000000702c00000, 0x0000000702c00000|
|  45|0x0000000702d00000, 0x0000000702dfea30, 0x0000000702e00000| 99%| O|  |TS  0|AC  0|TAMS 0x0000000702d00000, 0x0000000702d00000|
|  46|0x0000000702e00000, 0x0000000702effff8, 0x0000000702f00000| 99%| O|  |TS  0|AC  0|TAMS 0x0000000702e00000, 0x0000000702e00000|
|  47|0x0000000702f00000, 0x0000000702ffffe8, 0x0000000703000000| 99%| O|  |TS  0|AC  0|TAMS 0x0000000702f00000, 0x0000000702f00000|
|  48|0x0000000703000000, 0x00000007030fffe8, 0x0000000703100000| 99%| O|  |TS  0|AC  0|TAMS 0x0000000703000000, 0x0000000703000000|
|  49|0x0000000703100000, 0x00000007031fffe0, 0x0000000703200000| 99%| O|  |TS  0|AC  0|TAMS 0x0000000703100000, 0x0000000703100000|
|  50|0x0000000703200000, 0x0000000703300000, 0x0000000703300000|100%| O|  |TS  0|AC  0|TAMS 0x0000000703200000, 0x0000000703200000|
|  51|0x0000000703300000, 0x0000000703400000, 0x0000000703400000|100%| O|  |TS  0|AC  0|TAMS 0x0000000703300000, 0x0000000703300000|
|  52|0x0000000703400000, 0x00000007034fffc0, 0x0000000703500000| 99%| O|  |TS  0|AC  0|TAMS 0x0000000703400000, 0x0000000703400000|
|  53|0x0000000703500000, 0x0000000703600000, 0x0000000703600000|100%| O|  |TS  0|AC  0|TAMS 0x0000000703500000, 0x0000000703500000|
|  54|0x0000000703600000, 0x00000007036ff150, 0x0000000703700000| 99%| O|  |TS  0|AC  0|TAMS 0x0000000703600000, 0x0000000703600000|
|  55|0x0000000703700000, 0x0000000703800000, 0x0000000703800000|100%| O|  |TS  0|AC  0|TAMS 0x0000000703700000, 0x0000000703700000|
|  56|0x0000000703800000, 0x0000000703900000, 0x0000000703900000|100%| O|  |TS  0|AC  0|TAMS 0x0000000703800000, 0x0000000703800000|
|  57|0x0000000703900000, 0x0000000703a00000, 0x0000000703a00000|100%| O|  |TS  0|AC  0|TAMS 0x0000000703900000, 0x0000000703900000|
|  58|0x0000000703a00000, 0x0000000703affff0, 0x0000000703b00000| 99%| O|  |TS  0|AC  0|TAMS 0x0000000703a00000, 0x0000000703a00000|
|  59|0x0000000703b00000, 0x0000000703bfffe0, 0x0000000703c00000| 99%| O|  |TS  0|AC  0|TAMS 0x0000000703b00000, 0x0000000703b00000|
|  60|0x0000000703c00000, 0x0000000703cfe000, 0x0000000703d00000| 99%| O|  |TS  0|AC  0|TAMS 0x0000000703c00000, 0x0000000703c00000|
|  61|0x0000000703d00000, 0x0000000703dfffa8, 0x0000000703e00000| 99%| O|  |TS  0|AC  0|TAMS 0x0000000703d00000, 0x0000000703d00000|
|  62|0x0000000703e00000, 0x0000000703efa518, 0x0000000703f00000| 97%| O|  |TS  0|AC  0|TAMS 0x0000000703e00000, 0x0000000703e00000|
|  63|0x0000000703f00000, 0x0000000703fffff8, 0x0000000704000000| 99%| O|  |TS  0|AC  0|TAMS 0x0000000703f00000, 0x0000000703f00000|
|  64|0x0000000704000000, 0x00000007040fffb0, 0x0000000704100000| 99%| O|  |TS  0|AC  0|TAMS 0x0000000704000000, 0x0000000704000000|
|  65|0x0000000704100000, 0x00000007041ffff8, 0x0000000704200000| 99%| O|  |TS  0|AC  0|TAMS 0x0000000704100000, 0x0000000704100000|
|  66|0x0000000704200000, 0x00000007042fd240, 0x0000000704300000| 98%| O|  |TS  0|AC  0|TAMS 0x0000000704200000, 0x0000000704200000|
|  67|0x0000000704300000, 0x00000007043fec20, 0x0000000704400000| 99%| O|  |TS  0|AC  0|TAMS 0x0000000704300000, 0x0000000704300000|
|  68|0x0000000704400000, 0x00000007044fff38, 0x0000000704500000| 99%| O|  |TS  0|AC  0|TAMS 0x0000000704400000, 0x0000000704400000|
|  69|0x0000000704500000, 0x00000007045fffd0, 0x0000000704600000| 99%| O|  |TS  0|AC  0|TAMS 0x0000000704500000, 0x0000000704500000|
|  70|0x0000000704600000, 0x00000007046fffb0, 0x0000000704700000| 99%| O|  |TS  0|AC  0|TAMS 0x0000000704600000, 0x0000000704600000|
|  71|0x0000000704700000, 0x00000007047ffff0, 0x0000000704800000| 99%| O|  |TS  0|AC  0|TAMS 0x0000000704700000, 0x0000000704700000|
|  72|0x0000000704800000, 0x00000007048ffff0, 0x0000000704900000| 99%| O|  |TS  0|AC  0|TAMS 0x0000000704800000, 0x0000000704800000|
|  73|0x0000000704900000, 0x00000007049ffff0, 0x0000000704a00000| 99%| O|  |TS  0|AC  0|TAMS 0x0000000704900000, 0x0000000704900000|
|  74|0x0000000704a00000, 0x0000000704b00000, 0x0000000704b00000|100%| O|  |TS  0|AC  0|TAMS 0x0000000704a00000, 0x0000000704a00000|
|  75|0x0000000704b00000, 0x0000000704bebf00, 0x0000000704c00000| 92%| O|  |TS  0|AC  0|TAMS 0x0000000704b00000, 0x0000000704b00000|
|  76|0x0000000704c00000, 0x0000000704cffff8, 0x0000000704d00000| 99%| O|  |TS  0|AC  0|TAMS 0x0000000704c00000, 0x0000000704c00000|
|  77|0x0000000704d00000, 0x0000000704e00000, 0x0000000704e00000|100%| O|  |TS  0|AC  0|TAMS 0x0000000704d00000, 0x0000000704d00000|
|  78|0x0000000704e00000, 0x0000000704f00000, 0x0000000704f00000|100%| O|  |TS  0|AC  0|TAMS 0x0000000704e00000, 0x0000000704e00000|
|  79|0x0000000704f00000, 0x0000000704ffffd8, 0x0000000705000000| 99%| O|  |TS  0|AC  0|TAMS 0x0000000704f00000, 0x0000000704f00000|
|  80|0x0000000705000000, 0x00000007050fffe8, 0x0000000705100000| 99%| O|  |TS  0|AC  0|TAMS 0x0000000705000000, 0x0000000705000000|
|  81|0x0000000705100000, 0x00000007051ffff0, 0x0000000705200000| 99%| O|  |TS  0|AC  0|TAMS 0x0000000705100000, 0x0000000705100000|
|  82|0x0000000705200000, 0x00000007052fffe8, 0x0000000705300000| 99%| O|  |TS  0|AC  0|TAMS 0x0000000705200000, 0x0000000705200000|
|  83|0x0000000705300000, 0x00000007053faeb0, 0x0000000705400000| 98%| O|  |TS  0|AC  0|TAMS 0x0000000705300000, 0x0000000705300000|
|  84|0x0000000705400000, 0x00000007054fffe8, 0x0000000705500000| 99%| O|  |TS  0|AC  0|TAMS 0x0000000705400000, 0x0000000705400000|
|  85|0x0000000705500000, 0x0000000705558ef0, 0x0000000705600000| 34%| O|  |TS  0|AC  0|TAMS 0x0000000705500000, 0x0000000705500000|
|  86|0x0000000705600000, 0x0000000705700000, 0x0000000705700000|100%|HS|  |TS  0|AC  0|TAMS 0x0000000705600000, 0x0000000705600000|
|  87|0x0000000705700000, 0x0000000705700000, 0x0000000705800000|  0%| F|  |TS  0|AC  0|TAMS 0x0000000705700000, 0x0000000705700000|
|  88|0x0000000705800000, 0x0000000705800000, 0x0000000705900000|  0%| F|  |TS  0|AC  0|TAMS 0x0000000705800000, 0x0000000705800000|
|  89|0x0000000705900000, 0x0000000705900000, 0x0000000705a00000|  0%| F|  |TS  0|AC  0|TAMS 0x0000000705900000, 0x0000000705900000|
|  90|0x0000000705a00000, 0x0000000705a00000, 0x0000000705b00000|  0%| F|  |TS  0|AC  0|TAMS 0x0000000705a00000, 0x0000000705a00000|
|  91|0x0000000705b00000, 0x0000000705b00000, 0x0000000705c00000|  0%| F|  |TS  0|AC  0|TAMS 0x0000000705b00000, 0x0000000705b00000|
|  92|0x0000000705c00000, 0x0000000705c00000, 0x0000000705d00000|  0%| F|  |TS  0|AC  0|TAMS 0x0000000705c00000, 0x0000000705c00000|
|  93|0x0000000705d00000, 0x0000000705d00000, 0x0000000705e00000|  0%| F|  |TS  0|AC  0|TAMS 0x0000000705d00000, 0x0000000705d00000|
|  94|0x0000000705e00000, 0x0000000705f00000, 0x0000000705f00000|100%|HS|  |TS  0|AC  0|TAMS 0x0000000705e00000, 0x0000000705e00000|
|  95|0x0000000705f00000, 0x0000000706000000, 0x0000000706000000|100%|HC|  |TS  0|AC  0|TAMS 0x0000000705f00000, 0x0000000705f00000|
|  96|0x0000000706000000, 0x0000000706100000, 0x0000000706100000|100%|HC|  |TS  0|AC  0|TAMS 0x0000000706000000, 0x0000000706000000|
|  97|0x0000000706100000, 0x0000000706200000, 0x0000000706200000|100%|HC|  |TS  0|AC  0|TAMS 0x0000000706100000, 0x0000000706100000|
|  98|0x0000000706200000, 0x0000000706200000, 0x0000000706300000|  0%| F|  |TS  0|AC  0|TAMS 0x0000000706200000, 0x0000000706200000|
|  99|0x0000000706300000, 0x0000000706300000, 0x0000000706400000|  0%| F|  |TS  0|AC  0|TAMS 0x0000000706300000, 0x0000000706300000|
| 100|0x0000000706400000, 0x0000000706400000, 0x0000000706500000|  0%| F|  |TS  0|AC  0|TAMS 0x0000000706400000, 0x0000000706400000|
| 101|0x0000000706500000, 0x0000000706500000, 0x0000000706600000|  0%| F|  |TS  0|AC  0|TAMS 0x0000000706500000, 0x0000000706500000|
| 102|0x0000000706600000, 0x0000000706600000, 0x0000000706700000|  0%| F|  |TS  0|AC  0|TAMS 0x0000000706600000, 0x0000000706600000|
| 103|0x0000000706700000, 0x0000000706700000, 0x0000000706800000|  0%| F|  |TS  0|AC  0|TAMS 0x0000000706700000, 0x0000000706700000|
| 104|0x0000000706800000, 0x0000000706800000, 0x0000000706900000|  0%| F|  |TS  0|AC  0|TAMS 0x0000000706800000, 0x0000000706800000|
| 105|0x0000000706900000, 0x0000000706900000, 0x0000000706a00000|  0%| F|  |TS  0|AC  0|TAMS 0x0000000706900000, 0x0000000706900000|
| 106|0x0000000706a00000, 0x0000000706a00000, 0x0000000706b00000|  0%| F|  |TS  0|AC  0|TAMS 0x0000000706a00000, 0x0000000706a00000|
| 107|0x0000000706b00000, 0x0000000706b00000, 0x0000000706c00000|  0%| F|  |TS  0|AC  0|TAMS 0x0000000706b00000, 0x0000000706b00000|
| 108|0x0000000706c00000, 0x0000000706c00000, 0x0000000706d00000|  0%| F|  |TS  0|AC  0|TAMS 0x0000000706c00000, 0x0000000706c00000|
| 109|0x0000000706d00000, 0x0000000706d00000, 0x0000000706e00000|  0%| F|  |TS  0|AC  0|TAMS 0x0000000706d00000, 0x0000000706d00000|
| 110|0x0000000706e00000, 0x0000000706f00000, 0x0000000706f00000|100%|HS|  |TS  0|AC  0|TAMS 0x0000000706e00000, 0x0000000706e00000|
| 111|0x0000000706f00000, 0x0000000707000000, 0x0000000707000000|100%|HC|  |TS  0|AC  0|TAMS 0x0000000706f00000, 0x0000000706f00000|
| 112|0x0000000707000000, 0x0000000707100000, 0x0000000707100000|100%|HC|  |TS  0|AC  0|TAMS 0x0000000707000000, 0x0000000707000000|
| 113|0x0000000707100000, 0x0000000707200000, 0x0000000707200000|100%|HC|  |TS  0|AC  0|TAMS 0x0000000707100000, 0x0000000707100000|
| 114|0x0000000707200000, 0x0000000707200000, 0x0000000707300000|  0%| F|  |TS  0|AC  0|TAMS 0x0000000707200000, 0x0000000707200000|
| 115|0x0000000707300000, 0x0000000707300000, 0x0000000707400000|  0%| F|  |TS  0|AC  0|TAMS 0x0000000707300000, 0x0000000707300000|
| 116|0x0000000707400000, 0x0000000707400000, 0x0000000707500000|  0%| F|  |TS  0|AC  0|TAMS 0x0000000707400000, 0x0000000707400000|
| 117|0x0000000707500000, 0x0000000707500000, 0x0000000707600000|  0%| F|  |TS  0|AC  0|TAMS 0x0000000707500000, 0x0000000707500000|
| 118|0x0000000707600000, 0x0000000707600000, 0x0000000707700000|  0%| F|  |TS  0|AC  0|TAMS 0x0000000707600000, 0x0000000707600000|
| 119|0x0000000707700000, 0x0000000707700000, 0x0000000707800000|  0%| F|  |TS  0|AC  0|TAMS 0x0000000707700000, 0x0000000707700000|
| 120|0x0000000707800000, 0x0000000707800000, 0x0000000707900000|  0%| F|  |TS  0|AC  0|TAMS 0x0000000707800000, 0x0000000707800000|
| 121|0x0000000707900000, 0x0000000707900000, 0x0000000707a00000|  0%| F|  |TS  0|AC  0|TAMS 0x0000000707900000, 0x0000000707900000|
| 122|0x0000000707a00000, 0x0000000707a00000, 0x0000000707b00000|  0%| F|  |TS  0|AC  0|TAMS 0x0000000707a00000, 0x0000000707a00000|
| 123|0x0000000707b00000, 0x0000000707b00000, 0x0000000707c00000|  0%| F|  |TS  0|AC  0|TAMS 0x0000000707b00000, 0x0000000707b00000|
| 124|0x0000000707c00000, 0x0000000707c00000, 0x0000000707d00000|  0%| F|  |TS  0|AC  0|TAMS 0x0000000707c00000, 0x0000000707c00000|
| 125|0x0000000707d00000, 0x0000000707d00000, 0x0000000707e00000|  0%| F|  |TS  0|AC  0|TAMS 0x0000000707d00000, 0x0000000707d00000|
| 126|0x0000000707e00000, 0x0000000707e00000, 0x0000000707f00000|  0%| F|  |TS  0|AC  0|TAMS 0x0000000707e00000, 0x0000000707e00000|
| 127|0x0000000707f00000, 0x0000000707f00000, 0x0000000708000000|  0%| F|  |TS  0|AC  0|TAMS 0x0000000707f00000, 0x0000000707f00000|
| 128|0x0000000708000000, 0x0000000708000000, 0x0000000708100000|  0%| F|  |TS  0|AC  0|TAMS 0x0000000708000000, 0x0000000708000000|
| 129|0x0000000708100000, 0x0000000708100000, 0x0000000708200000|  0%| F|  |TS  0|AC  0|TAMS 0x0000000708100000, 0x0000000708100000|
| 130|0x0000000708200000, 0x0000000708200000, 0x0000000708300000|  0%| F|  |TS  0|AC  0|TAMS 0x0000000708200000, 0x0000000708200000|
| 131|0x0000000708300000, 0x0000000708300000, 0x0000000708400000|  0%| F|  |TS  0|AC  0|TAMS 0x0000000708300000, 0x0000000708300000|
| 132|0x0000000708400000, 0x0000000708400000, 0x0000000708500000|  0%| F|  |TS  0|AC  0|TAMS 0x0000000708400000, 0x0000000708400000|
| 133|0x0000000708500000, 0x0000000708500000, 0x0000000708600000|  0%| F|  |TS  0|AC  0|TAMS 0x0000000708500000, 0x0000000708500000|
| 134|0x0000000708600000, 0x0000000708600000, 0x0000000708700000|  0%| F|  |TS  0|AC  0|TAMS 0x0000000708600000, 0x0000000708600000|
| 135|0x0000000708700000, 0x0000000708700000, 0x0000000708800000|  0%| F|  |TS  0|AC  0|TAMS 0x0000000708700000, 0x0000000708700000|
| 136|0x0000000708800000, 0x0000000708800000, 0x0000000708900000|  0%| F|  |TS  0|AC  0|TAMS 0x0000000708800000, 0x0000000708800000|
| 137|0x0000000708900000, 0x0000000708900000, 0x0000000708a00000|  0%| F|  |TS  0|AC  0|TAMS 0x0000000708900000, 0x0000000708900000|
| 138|0x0000000708a00000, 0x0000000708a00000, 0x0000000708b00000|  0%| F|  |TS  0|AC  0|TAMS 0x0000000708a00000, 0x0000000708a00000|
| 139|0x0000000708b00000, 0x0000000708b00000, 0x0000000708c00000|  0%| F|  |TS  0|AC  0|TAMS 0x0000000708b00000, 0x0000000708b00000|
| 140|0x0000000708c00000, 0x0000000708c00000, 0x0000000708d00000|  0%| F|  |TS  0|AC  0|TAMS 0x0000000708c00000, 0x0000000708c00000|
| 141|0x0000000708d00000, 0x0000000708d00000, 0x0000000708e00000|  0%| F|  |TS  0|AC  0|TAMS 0x0000000708d00000, 0x0000000708d00000|
| 142|0x0000000708e00000, 0x0000000708e00000, 0x0000000708f00000|  0%| F|  |TS  0|AC  0|TAMS 0x0000000708e00000, 0x0000000708e00000|
| 143|0x0000000708f00000, 0x0000000708f00000, 0x0000000709000000|  0%| F|  |TS  0|AC  0|TAMS 0x0000000708f00000, 0x0000000708f00000|
| 144|0x0000000709000000, 0x0000000709000000, 0x0000000709100000|  0%| F|  |TS  0|AC  0|TAMS 0x0000000709000000, 0x0000000709000000|
| 145|0x0000000709100000, 0x0000000709100000, 0x0000000709200000|  0%| F|  |TS  0|AC  0|TAMS 0x0000000709100000, 0x0000000709100000|
| 146|0x0000000709200000, 0x0000000709200000, 0x0000000709300000|  0%| F|  |TS  0|AC  0|TAMS 0x0000000709200000, 0x0000000709200000|
| 147|0x0000000709300000, 0x0000000709300000, 0x0000000709400000|  0%| F|  |TS  0|AC  0|TAMS 0x0000000709300000, 0x0000000709300000|
| 148|0x0000000709400000, 0x0000000709400000, 0x0000000709500000|  0%| F|  |TS  0|AC  0|TAMS 0x0000000709400000, 0x0000000709400000|
| 149|0x0000000709500000, 0x0000000709500000, 0x0000000709600000|  0%| F|  |TS  0|AC  0|TAMS 0x0000000709500000, 0x0000000709500000|
| 150|0x0000000709600000, 0x0000000709600000, 0x0000000709700000|  0%| F|  |TS  0|AC  0|TAMS 0x0000000709600000, 0x0000000709600000|
| 151|0x0000000709700000, 0x0000000709700000, 0x0000000709800000|  0%| F|  |TS  0|AC  0|TAMS 0x0000000709700000, 0x0000000709700000|
| 152|0x0000000709800000, 0x0000000709800000, 0x0000000709900000|  0%| F|  |TS  0|AC  0|TAMS 0x0000000709800000, 0x0000000709800000|
| 153|0x0000000709900000, 0x0000000709900000, 0x0000000709a00000|  0%| F|  |TS  0|AC  0|TAMS 0x0000000709900000, 0x0000000709900000|
| 154|0x0000000709a00000, 0x0000000709a00000, 0x0000000709b00000|  0%| F|  |TS  0|AC  0|TAMS 0x0000000709a00000, 0x0000000709a00000|
| 155|0x0000000709b00000, 0x0000000709b00000, 0x0000000709c00000|  0%| F|  |TS  0|AC  0|TAMS 0x0000000709b00000, 0x0000000709b00000|
| 156|0x0000000709c00000, 0x0000000709c00000, 0x0000000709d00000|  0%| F|  |TS  0|AC  0|TAMS 0x0000000709c00000, 0x0000000709c00000|
| 157|0x0000000709d00000, 0x0000000709d00000, 0x0000000709e00000|  0%| F|  |TS  0|AC  0|TAMS 0x0000000709d00000, 0x0000000709d00000|
| 158|0x0000000709e00000, 0x0000000709e00000, 0x0000000709f00000|  0%| F|  |TS  0|AC  0|TAMS 0x0000000709e00000, 0x0000000709e00000|
| 159|0x0000000709f00000, 0x0000000709f00000, 0x000000070a000000|  0%| F|  |TS  0|AC  0|TAMS 0x0000000709f00000, 0x0000000709f00000|
| 160|0x000000070a000000, 0x000000070a000000, 0x000000070a100000|  0%| F|  |TS  0|AC  0|TAMS 0x000000070a000000, 0x000000070a000000|
| 161|0x000000070a100000, 0x000000070a100000, 0x000000070a200000|  0%| F|  |TS  0|AC  0|TAMS 0x000000070a100000, 0x000000070a100000|
| 162|0x000000070a200000, 0x000000070a200000, 0x000000070a300000|  0%| F|  |TS  0|AC  0|TAMS 0x000000070a200000, 0x000000070a200000|
| 163|0x000000070a300000, 0x000000070a300000, 0x000000070a400000|  0%| F|  |TS  0|AC  0|TAMS 0x000000070a300000, 0x000000070a300000|
| 164|0x000000070a400000, 0x000000070a400000, 0x000000070a500000|  0%| F|  |TS  0|AC  0|TAMS 0x000000070a400000, 0x000000070a400000|
| 165|0x000000070a500000, 0x000000070a500000, 0x000000070a600000|  0%| F|  |TS  0|AC  0|TAMS 0x000000070a500000, 0x000000070a500000|
| 166|0x000000070a600000, 0x000000070a600000, 0x000000070a700000|  0%| F|  |TS  0|AC  0|TAMS 0x000000070a600000, 0x000000070a600000|
| 167|0x000000070a700000, 0x000000070a700000, 0x000000070a800000|  0%| F|  |TS  0|AC  0|TAMS 0x000000070a700000, 0x000000070a700000|
| 168|0x000000070a800000, 0x000000070a800000, 0x000000070a900000|  0%| F|  |TS  0|AC  0|TAMS 0x000000070a800000, 0x000000070a800000|
| 169|0x000000070a900000, 0x000000070a900000, 0x000000070aa00000|  0%| F|  |TS  0|AC  0|TAMS 0x000000070a900000, 0x000000070a900000|
| 170|0x000000070aa00000, 0x000000070aa00000, 0x000000070ab00000|  0%| F|  |TS  0|AC  0|TAMS 0x000000070aa00000, 0x000000070aa00000|
| 171|0x000000070ab00000, 0x000000070ab00000, 0x000000070ac00000|  0%| F|  |TS  0|AC  0|TAMS 0x000000070ab00000, 0x000000070ab00000|
| 172|0x000000070ac00000, 0x000000070ac00000, 0x000000070ad00000|  0%| F|  |TS  0|AC  0|TAMS 0x000000070ac00000, 0x000000070ac00000|
| 173|0x000000070ad00000, 0x000000070ad00000, 0x000000070ae00000|  0%| F|  |TS  0|AC  0|TAMS 0x000000070ad00000, 0x000000070ad00000|
| 174|0x000000070ae00000, 0x000000070ae00000, 0x000000070af00000|  0%| F|  |TS  0|AC  0|TAMS 0x000000070ae00000, 0x000000070ae00000|
| 175|0x000000070af00000, 0x000000070af00000, 0x000000070b000000|  0%| F|  |TS  0|AC  0|TAMS 0x000000070af00000, 0x000000070af00000|
| 176|0x000000070b000000, 0x000000070b000000, 0x000000070b100000|  0%| F|  |TS  0|AC  0|TAMS 0x000000070b000000, 0x000000070b000000|
| 177|0x000000070b100000, 0x000000070b100000, 0x000000070b200000|  0%| F|  |TS  0|AC  0|TAMS 0x000000070b100000, 0x000000070b100000|
| 178|0x000000070b200000, 0x000000070b200000, 0x000000070b300000|  0%| F|  |TS  0|AC  0|TAMS 0x000000070b200000, 0x000000070b200000|
| 179|0x000000070b300000, 0x000000070b300000, 0x000000070b400000|  0%| F|  |TS  0|AC  0|TAMS 0x000000070b300000, 0x000000070b300000|
| 180|0x000000070b400000, 0x000000070b400000, 0x000000070b500000|  0%| F|  |TS  0|AC  0|TAMS 0x000000070b400000, 0x000000070b400000|
| 181|0x000000070b500000, 0x000000070b500000, 0x000000070b600000|  0%| F|  |TS  0|AC  0|TAMS 0x000000070b500000, 0x000000070b500000|
| 182|0x000000070b600000, 0x000000070b600000, 0x000000070b700000|  0%| F|  |TS  0|AC  0|TAMS 0x000000070b600000, 0x000000070b600000|
| 183|0x000000070b700000, 0x000000070b700000, 0x000000070b800000|  0%| F|  |TS  0|AC  0|TAMS 0x000000070b700000, 0x000000070b700000|
| 184|0x000000070b800000, 0x000000070b800000, 0x000000070b900000|  0%| F|  |TS  0|AC  0|TAMS 0x000000070b800000, 0x000000070b800000|
| 185|0x000000070b900000, 0x000000070b900000, 0x000000070ba00000|  0%| F|  |TS  0|AC  0|TAMS 0x000000070b900000, 0x000000070b900000|
| 186|0x000000070ba00000, 0x000000070ba00000, 0x000000070bb00000|  0%| F|  |TS  0|AC  0|TAMS 0x000000070ba00000, 0x000000070ba00000|
| 187|0x000000070bb00000, 0x000000070bb00000, 0x000000070bc00000|  0%| F|  |TS  0|AC  0|TAMS 0x000000070bb00000, 0x000000070bb00000|
| 188|0x000000070bc00000, 0x000000070bc00000, 0x000000070bd00000|  0%| F|  |TS  0|AC  0|TAMS 0x000000070bc00000, 0x000000070bc00000|
| 189|0x000000070bd00000, 0x000000070bd00000, 0x000000070be00000|  0%| F|  |TS  0|AC  0|TAMS 0x000000070bd00000, 0x000000070bd00000|
| 190|0x000000070be00000, 0x000000070be00000, 0x000000070bf00000|  0%| F|  |TS  0|AC  0|TAMS 0x000000070be00000, 0x000000070be00000|
| 191|0x000000070bf00000, 0x000000070bf00000, 0x000000070c000000|  0%| F|  |TS  0|AC  0|TAMS 0x000000070bf00000, 0x000000070bf00000|
| 192|0x000000070c000000, 0x000000070c000000, 0x000000070c100000|  0%| F|  |TS  0|AC  0|TAMS 0x000000070c000000, 0x000000070c000000|
| 193|0x000000070c100000, 0x000000070c100000, 0x000000070c200000|  0%| F|  |TS  0|AC  0|TAMS 0x000000070c100000, 0x000000070c100000|
| 194|0x000000070c200000, 0x000000070c200000, 0x000000070c300000|  0%| F|  |TS  0|AC  0|TAMS 0x000000070c200000, 0x000000070c200000|
| 195|0x000000070c300000, 0x000000070c300000, 0x000000070c400000|  0%| F|  |TS  0|AC  0|TAMS 0x000000070c300000, 0x000000070c300000|
| 196|0x000000070c400000, 0x000000070c400000, 0x000000070c500000|  0%| F|  |TS  0|AC  0|TAMS 0x000000070c400000, 0x000000070c400000|
| 197|0x000000070c500000, 0x000000070c500000, 0x000000070c600000|  0%| F|  |TS  0|AC  0|TAMS 0x000000070c500000, 0x000000070c500000|
| 198|0x000000070c600000, 0x000000070c600000, 0x000000070c700000|  0%| F|  |TS  0|AC  0|TAMS 0x000000070c600000, 0x000000070c600000|
| 199|0x000000070c700000, 0x000000070c700000, 0x000000070c800000|  0%| F|  |TS  0|AC  0|TAMS 0x000000070c700000, 0x000000070c700000|
| 200|0x000000070c800000, 0x000000070c800000, 0x000000070c900000|  0%| F|  |TS  0|AC  0|TAMS 0x000000070c800000, 0x000000070c800000|
| 201|0x000000070c900000, 0x000000070c900000, 0x000000070ca00000|  0%| F|  |TS  0|AC  0|TAMS 0x000000070c900000, 0x000000070c900000|
| 202|0x000000070ca00000, 0x000000070ca00000, 0x000000070cb00000|  0%| F|  |TS  0|AC  0|TAMS 0x000000070ca00000, 0x000000070ca00000|
| 203|0x000000070cb00000, 0x000000070cb00000, 0x000000070cc00000|  0%| F|  |TS  0|AC  0|TAMS 0x000000070cb00000, 0x000000070cb00000|
| 204|0x000000070cc00000, 0x000000070cc00000, 0x000000070cd00000|  0%| F|  |TS  0|AC  0|TAMS 0x000000070cc00000, 0x000000070cc00000|
| 205|0x000000070cd00000, 0x000000070cd00000, 0x000000070ce00000|  0%| F|  |TS  0|AC  0|TAMS 0x000000070cd00000, 0x000000070cd00000|
| 206|0x000000070ce00000, 0x000000070ce00000, 0x000000070cf00000|  0%| F|  |TS  0|AC  0|TAMS 0x000000070ce00000, 0x000000070ce00000|
| 207|0x000000070cf00000, 0x000000070cf00000, 0x000000070d000000|  0%| F|  |TS  0|AC  0|TAMS 0x000000070cf00000, 0x000000070cf00000|
| 208|0x000000070d000000, 0x000000070d000000, 0x000000070d100000|  0%| F|  |TS  0|AC  0|TAMS 0x000000070d000000, 0x000000070d000000|
| 209|0x000000070d100000, 0x000000070d100000, 0x000000070d200000|  0%| F|  |TS  0|AC  0|TAMS 0x000000070d100000, 0x000000070d100000|
| 210|0x000000070d200000, 0x000000070d200000, 0x000000070d300000|  0%| F|  |TS  0|AC  0|TAMS 0x000000070d200000, 0x000000070d200000|
| 211|0x000000070d300000, 0x000000070d300000, 0x000000070d400000|  0%| F|  |TS  0|AC  0|TAMS 0x000000070d300000, 0x000000070d300000|
| 212|0x000000070d400000, 0x000000070d400000, 0x000000070d500000|  0%| F|  |TS  0|AC  0|TAMS 0x000000070d400000, 0x000000070d400000|
| 213|0x000000070d500000, 0x000000070d500000, 0x000000070d600000|  0%| F|  |TS  0|AC  0|TAMS 0x000000070d500000, 0x000000070d500000|
| 214|0x000000070d600000, 0x000000070d600000, 0x000000070d700000|  0%| F|  |TS  0|AC  0|TAMS 0x000000070d600000, 0x000000070d600000|
| 215|0x000000070d700000, 0x000000070d700000, 0x000000070d800000|  0%| F|  |TS  0|AC  0|TAMS 0x000000070d700000, 0x000000070d700000|
| 216|0x000000070d800000, 0x000000070d800000, 0x000000070d900000|  0%| F|  |TS  0|AC  0|TAMS 0x000000070d800000, 0x000000070d800000|
| 217|0x000000070d900000, 0x000000070d900000, 0x000000070da00000|  0%| F|  |TS  0|AC  0|TAMS 0x000000070d900000, 0x000000070d900000|
| 218|0x000000070da00000, 0x000000070da00000, 0x000000070db00000|  0%| F|  |TS  0|AC  0|TAMS 0x000000070da00000, 0x000000070da00000|
| 219|0x000000070db00000, 0x000000070db00000, 0x000000070dc00000|  0%| F|  |TS  0|AC  0|TAMS 0x000000070db00000, 0x000000070db00000|
| 220|0x000000070dc00000, 0x000000070dc00000, 0x000000070dd00000|  0%| F|  |TS  0|AC  0|TAMS 0x000000070dc00000, 0x000000070dc00000|
| 221|0x000000070dd00000, 0x000000070dd00000, 0x000000070de00000|  0%| F|  |TS  0|AC  0|TAMS 0x000000070dd00000, 0x000000070dd00000|
| 222|0x000000070de00000, 0x000000070de00000, 0x000000070df00000|  0%| F|  |TS  0|AC  0|TAMS 0x000000070de00000, 0x000000070de00000|
| 223|0x000000070df00000, 0x000000070df00000, 0x000000070e000000|  0%| F|  |TS  0|AC  0|TAMS 0x000000070df00000, 0x000000070df00000|
| 224|0x000000070e000000, 0x000000070e000000, 0x000000070e100000|  0%| F|  |TS  0|AC  0|TAMS 0x000000070e000000, 0x000000070e000000|
| 225|0x000000070e100000, 0x000000070e100000, 0x000000070e200000|  0%| F|  |TS  0|AC  0|TAMS 0x000000070e100000, 0x000000070e100000|
| 226|0x000000070e200000, 0x000000070e200000, 0x000000070e300000|  0%| F|  |TS  0|AC  0|TAMS 0x000000070e200000, 0x000000070e200000|
| 227|0x000000070e300000, 0x000000070e300000, 0x000000070e400000|  0%| F|  |TS  0|AC  0|TAMS 0x000000070e300000, 0x000000070e300000|
| 228|0x000000070e400000, 0x000000070e400000, 0x000000070e500000|  0%| F|  |TS  0|AC  0|TAMS 0x000000070e400000, 0x000000070e400000|
| 229|0x000000070e500000, 0x000000070e500000, 0x000000070e600000|  0%| F|  |TS  0|AC  0|TAMS 0x000000070e500000, 0x000000070e500000|
| 230|0x000000070e600000, 0x000000070e600000, 0x000000070e700000|  0%| F|  |TS  0|AC  0|TAMS 0x000000070e600000, 0x000000070e600000|
| 231|0x000000070e700000, 0x000000070e700000, 0x000000070e800000|  0%| F|  |TS  0|AC  0|TAMS 0x000000070e700000, 0x000000070e700000|
| 232|0x000000070e800000, 0x000000070e800000, 0x000000070e900000|  0%| F|  |TS  0|AC  0|TAMS 0x000000070e800000, 0x000000070e800000|
| 233|0x000000070e900000, 0x000000070e900000, 0x000000070ea00000|  0%| F|  |TS  0|AC  0|TAMS 0x000000070e900000, 0x000000070e900000|
| 234|0x000000070ea00000, 0x000000070ea00000, 0x000000070eb00000|  0%| F|  |TS  0|AC  0|TAMS 0x000000070ea00000, 0x000000070ea00000|
| 235|0x000000070eb00000, 0x000000070eb00000, 0x000000070ec00000|  0%| F|  |TS  0|AC  0|TAMS 0x000000070eb00000, 0x000000070eb00000|
| 236|0x000000070ec00000, 0x000000070ec1a4a8, 0x000000070ed00000| 10%| E|  |TS  0|AC  0|TAMS 0x000000070ec00000, 0x000000070ec00000|
| 237|0x000000070ed00000, 0x000000070ee00000, 0x000000070ee00000|100%| E|CS|TS  0|AC  0|TAMS 0x000000070ed00000, 0x000000070ed00000|
| 238|0x000000070ee00000, 0x000000070ef00000, 0x000000070ef00000|100%| E|CS|TS  0|AC  0|TAMS 0x000000070ee00000, 0x000000070ee00000|
| 239|0x000000070ef00000, 0x000000070f000000, 0x000000070f000000|100%| E|CS|TS  0|AC  0|TAMS 0x000000070ef00000, 0x000000070ef00000|
| 240|0x000000070f000000, 0x000000070f100000, 0x000000070f100000|100%| E|CS|TS  0|AC  0|TAMS 0x000000070f000000, 0x000000070f000000|
| 241|0x000000070f100000, 0x000000070f200000, 0x000000070f200000|100%| E|CS|TS  0|AC  0|TAMS 0x000000070f100000, 0x000000070f100000|
| 242|0x000000070f200000, 0x000000070f300000, 0x000000070f300000|100%| E|CS|TS  0|AC  0|TAMS 0x000000070f200000, 0x000000070f200000|
| 243|0x000000070f300000, 0x000000070f400000, 0x000000070f400000|100%| E|CS|TS  0|AC  0|TAMS 0x000000070f300000, 0x000000070f300000|

Card table byte_map: [0x0000025288d90000,0x0000025289390000] byte_map_base: 0x0000025285590000

Marking Bits (Prev, Next): (CMBitMap*) 0x000002528d5b90d8, (CMBitMap*) 0x000002528d5b90a0
 Prev Bits: [0x0000025297ef0000, 0x000002529aef0000)
 Next Bits: [0x0000025294ef0000, 0x0000025297ef0000)

Polling page: 0x0000025281310000

CodeHeap 'non-profiled nmethods': size=120064Kb used=23465Kb max_used=23465Kb free=96598Kb
 bounds [0x00000252a8ae0000, 0x00000252aa1d0000, 0x00000252b0020000]
CodeHeap 'profiled nmethods': size=120000Kb used=49396Kb max_used=49396Kb free=70603Kb
 bounds [0x00000252a15b0000, 0x00000252a4640000, 0x00000252a8ae0000]
CodeHeap 'non-nmethods': size=5696Kb used=1925Kb max_used=1971Kb free=3770Kb
 bounds [0x00000252a1020000, 0x00000252a1290000, 0x00000252a15b0000]
 total_blobs=36876 nmethods=19790 adapters=1324
 compilation: enabled

Compilation events (10 events):
Event: 6208.896 Thread 0x00000252bcb05000 25708       3       java.util.Collections$UnmodifiableMap::<init> (22 bytes)
Event: 6208.896 Thread 0x00000252a041a000 25709       4       com.google.protobuf.DescriptorProtos$FieldDescriptorProto$Label::forNumber (42 bytes)
Event: 6208.896 Thread 0x00000252bcb05000 nmethod 25708 0x00000252a4635f10 code [0x00000252a46360e0, 0x00000252a46363f0]
Event: 6208.897 Thread 0x00000252bcb05000 25710       3       com.google.protobuf.ExtensionRegistry::getEmptyRegistry (4 bytes)
Event: 6208.897 Thread 0x00000252a041a000 nmethod 25709 0x00000252aa1cd010 code [0x00000252aa1cd1a0, 0x00000252aa1cd218]
Event: 6208.897 Thread 0x00000252bcb05000 nmethod 25710 0x00000252a3097810 code [0x00000252a30979c0, 0x00000252a3097af8]
Event: 6208.897 Thread 0x00000252bcb05000 25711       3       ui.utils.i.j.K::columnRemoved (9 bytes)
Event: 6208.898 Thread 0x00000252bcb05000 nmethod 25711 0x00000252a4636510 code [0x00000252a46366c0, 0x00000252a4636870]
Event: 6208.898 Thread 0x00000252bcb05000 25712       3       com.jidesoft.grid.TableUtils::getTablePreferenceByName (156 bytes)
Event: 6208.900 Thread 0x00000252bcb05000 nmethod 25712 0x00000252a4636990 code [0x00000252a4636d80, 0x00000252a4639c20]

GC Heap History (10 events):
Event: 6190.635 GC heap before
{Heap before GC invocations=2658 (full 17):
 garbage-first heap   total 249856K, used 158165K [0x0000000700000000, 0x00000007001007a0, 0x00000007c0000000)
  region size 1024K, 60 young (61440K), 1 survivors (1024K)
 Metaspace       used 98060K, capacity 101153K, committed 108668K, reserved 1142784K
  class space    used 14076K, capacity 14694K, committed 16252K, reserved 1048576K
}
Event: 6190.642 GC heap after
{Heap after GC invocations=2659 (full 17):
 garbage-first heap   total 249856K, used 97811K [0x0000000700000000, 0x00000007001007a0, 0x00000007c0000000)
  region size 1024K, 1 young (1024K), 1 survivors (1024K)
 Metaspace       used 98060K, capacity 101153K, committed 108668K, reserved 1142784K
  class space    used 14076K, capacity 14694K, committed 16252K, reserved 1048576K
}
Event: 6202.232 GC heap before
{Heap before GC invocations=2659 (full 17):
 garbage-first heap   total 249856K, used 158227K [0x0000000700000000, 0x00000007001007a0, 0x00000007c0000000)
  region size 1024K, 60 young (61440K), 1 survivors (1024K)
 Metaspace       used 98095K, capacity 101153K, committed 108668K, reserved 1142784K
  class space    used 14082K, capacity 14694K, committed 16252K, reserved 1048576K
}
Event: 6202.237 GC heap after
{Heap after GC invocations=2660 (full 17):
 garbage-first heap   total 249856K, used 97943K [0x0000000700000000, 0x00000007001007a0, 0x00000007c0000000)
  region size 1024K, 1 young (1024K), 1 survivors (1024K)
 Metaspace       used 98095K, capacity 101153K, committed 108668K, reserved 1142784K
  class space    used 14082K, capacity 14694K, committed 16252K, reserved 1048576K
}
Event: 6204.599 GC heap before
{Heap before GC invocations=2660 (full 17):
 garbage-first heap   total 249856K, used 158359K [0x0000000700000000, 0x00000007001007a0, 0x00000007c0000000)
  region size 1024K, 60 young (61440K), 1 survivors (1024K)
 Metaspace       used 98097K, capacity 101153K, committed 108668K, reserved 1142784K
  class space    used 14082K, capacity 14694K, committed 16252K, reserved 1048576K
}
Event: 6204.606 GC heap after
{Heap after GC invocations=2661 (full 17):
 garbage-first heap   total 249856K, used 98106K [0x0000000700000000, 0x00000007001007a0, 0x00000007c0000000)
  region size 1024K, 1 young (1024K), 1 survivors (1024K)
 Metaspace       used 98097K, capacity 101153K, committed 108668K, reserved 1142784K
  class space    used 14082K, capacity 14694K, committed 16252K, reserved 1048576K
}
Event: 6208.044 GC heap before
{Heap before GC invocations=2661 (full 17):
 garbage-first heap   total 249856K, used 158522K [0x0000000700000000, 0x00000007001007a0, 0x00000007c0000000)
  region size 1024K, 60 young (61440K), 1 survivors (1024K)
 Metaspace       used 98101K, capacity 101153K, committed 108668K, reserved 1142784K
  class space    used 14082K, capacity 14694K, committed 16252K, reserved 1048576K
}
Event: 6208.053 GC heap after
{Heap after GC invocations=2662 (full 17):
 garbage-first heap   total 249856K, used 98344K [0x0000000700000000, 0x00000007001007a0, 0x00000007c0000000)
  region size 1024K, 1 young (1024K), 1 survivors (1024K)
 Metaspace       used 98101K, capacity 101153K, committed 108668K, reserved 1142784K
  class space    used 14082K, capacity 14694K, committed 16252K, reserved 1048576K
}
Event: 6208.349 GC heap before
{Heap before GC invocations=2662 (full 17):
 garbage-first heap   total 249856K, used 125992K [0x0000000700000000, 0x00000007001007a0, 0x00000007c0000000)
  region size 1024K, 29 young (29696K), 1 survivors (1024K)
 Metaspace       used 98112K, capacity 101153K, committed 108668K, reserved 1142784K
  class space    used 14082K, capacity 14694K, committed 16252K, reserved 1048576K
}
Event: 6208.836 GC heap after
{Heap after GC invocations=2663 (full 18):
 garbage-first heap   total 249856K, used 95593K [0x0000000700000000, 0x00000007001007a0, 0x00000007c0000000)
  region size 1024K, 0 young (0K), 0 survivors (0K)
 Metaspace       used 98112K, capacity 101153K, committed 108668K, reserved 1142784K
  class space    used 14082K, capacity 14694K, committed 16252K, reserved 1048576K
}

Deoptimization events (10 events):
Event: 6191.162 Thread 0x000002529d35d800 Uncommon trap: reason=unstable_if action=reinterpret pc=0x00000252a932333c method=javax.swing.JComponent.getBounds(Ljava/awt/Rectangle;)Ljava/awt/Rectangle; @ 1 c2
Event: 6196.706 Thread 0x000002529d35d800 Uncommon trap: reason=class_check action=maybe_recompile pc=0x00000252a93e33a0 method=com.jidesoft.swing.JideSwingUtilities.getButtonState(Ljavax/swing/AbstractButton;)I @ 37 c2
Event: 6196.836 Thread 0x000002529d35d800 Uncommon trap: reason=class_check action=maybe_recompile pc=0x00000252a9b774d0 method=javax.swing.AbstractButton.setEnabled(Z)V @ 21 c2
Event: 6202.281 Thread 0x000002529d35d800 Uncommon trap: reason=class_check action=maybe_recompile pc=0x00000252a9553244 method=javax.swing.plaf.synth.ParsedSynthStyle$DelegatingPainter.paintPanelBackground(Ljavax/swing/plaf/synth/SynthContext;Ljava/awt/Graphics;IIII)V @ 16 c2
Event: 6202.361 Thread 0x000002529d35d800 Uncommon trap: reason=class_check action=maybe_recompile pc=0x00000252a9553244 method=javax.swing.plaf.synth.ParsedSynthStyle$DelegatingPainter.paintPanelBackground(Ljavax/swing/plaf/synth/SynthContext;Ljava/awt/Graphics;IIII)V @ 16 c2
Event: 6203.332 Thread 0x000002529d35d800 Uncommon trap: reason=class_check action=maybe_recompile pc=0x00000252a9553244 method=javax.swing.plaf.synth.ParsedSynthStyle$DelegatingPainter.paintPanelBackground(Ljavax/swing/plaf/synth/SynthContext;Ljava/awt/Graphics;IIII)V @ 16 c2
Event: 6204.706 Thread 0x000002529d35d800 Uncommon trap: reason=class_check action=maybe_recompile pc=0x00000252a9553244 method=javax.swing.plaf.synth.ParsedSynthStyle$DelegatingPainter.paintPanelBackground(Ljavax/swing/plaf/synth/SynthContext;Ljava/awt/Graphics;IIII)V @ 16 c2
Event: 6208.894 Thread 0x000002529d35d800 Uncommon trap: reason=unstable_if action=reinterpret pc=0x00000252aa17efc4 method=com.jidesoft.grid.CellSpanTable.getCellRect(IIZ)Ljava/awt/Rectangle; @ 33 c2
Event: 6208.894 Thread 0x000002529d35d800 Uncommon trap: reason=unstable_if action=reinterpret pc=0x00000252aa17aa74 method=com.jidesoft.grid.JideTable.getCellRect(IIZ)Ljava/awt/Rectangle; @ 206 c2
Event: 6211.688 Thread 0x000002529d35d800 Uncommon trap: reason=unstable_if action=reinterpret pc=0x00000252a8e5c8bc method=java.lang.Throwable.getOurStackTrace()[Ljava/lang/StackTraceElement; @ 7 c2

Classes redefined (0 events):
No events

Internal exceptions (10 events):
Event: 6148.534 Thread 0x000002529d35d800 Implicit null exception at 0x00000252a9340093 to 0x00000252a934727d
Event: 6150.862 Thread 0x000002529d35d800 Exception <a 'java/lang/NoSuchMethodError'{0x000000070bd883d0}: java.lang.invoke.DirectMethodHandle$Holder.invokeSpecial(Ljava/lang/Object;Ljava/lang/Object;JJ)Ljava/lang/Object;> (0x000000070bd883d0) thrown at [t:/workspace/hotspot/src/share/vm/interpret
Event: 6151.055 Thread 0x000002529d35d800 Exception <a 'java/lang/ClassNotFoundException'{0x000000070f2d32e0}: ui/views/waveform/f/nBeanInfo> (0x000000070f2d32e0) thrown at [t:/workspace/hotspot/src/share/vm/classfile/systemDictionary.cpp, line 218]
Event: 6151.056 Thread 0x000002529d35d800 Exception <a 'java/lang/ClassNotFoundException'{0x000000070f2ed1b0}: ui/views/waveform/f/nCustomizer> (0x000000070f2ed1b0) thrown at [t:/workspace/hotspot/src/share/vm/classfile/systemDictionary.cpp, line 218]
Event: 6151.204 Thread 0x000002529d35d800 Exception <a 'java/lang/NoSuchMethodError'{0x000000070ec4ed90}: java.lang.invoke.DirectMethodHandle$Holder.invokeSpecial(Ljava/lang/Object;Ljava/lang/Object;IIIJJJ)Ljava/lang/Object;> (0x000000070ec4ed90) thrown at [t:/workspace/hotspot/src/share/vm/inter
Event: 6151.204 Thread 0x000002529d35d800 Exception <a 'java/lang/NoSuchMethodError'{0x000000070ec52168}: java.lang.invoke.DelegatingMethodHandle$Holder.reinvoke_L(Ljava/lang/Object;IIIJJJ)Ljava/lang/Object;> (0x000000070ec52168) thrown at [t:/workspace/hotspot/src/share/vm/interpreter/linkResolv
Event: 6151.205 Thread 0x000002529d35d800 Exception <a 'java/lang/NoSuchMethodError'{0x000000070ec607f0}: method resolution failed> (0x000000070ec607f0) thrown at [t:/workspace/hotspot/src/share/vm/prims/methodHandles.cpp, line 1256]
Event: 6181.435 Thread 0x000002529d35d800 Exception <a 'java/lang/NoSuchMethodError'{0x000000070c550c78}: java.lang.invoke.DirectMethodHandle$Holder.invokeSpecial(Ljava/lang/Object;Ljava/lang/Object;ILjava/lang/Object;)V> (0x000000070c550c78) thrown at [t:/workspace/hotspot/src/share/vm/interpret
Event: 6181.436 Thread 0x000002529d35d800 Exception <a 'java/lang/NoSuchMethodError'{0x000000070c5565a0}: java.lang.invoke.DirectMethodHandle$Holder.invokeStatic(Ljava/lang/Object;Ljava/lang/Object;ILjava/lang/Object;)Ljava/lang/Object;> (0x000000070c5565a0) thrown at [t:/workspace/hotspot/src/sh
Event: 6211.686 Thread 0x000002529d35d800 Exception <a 'ui/frmwork/CommandFailedException'{0x000000070ee1e1a0}: Unknown exception occurred> (0x000000070ee1e1a0) thrown at [t:/workspace/hotspot/src/share/vm/prims/jni.cpp, line 625]

Events (10 events):
Event: 6211.687 loading class java/lang/IndexOutOfBoundsException
Event: 6211.687 loading class java/lang/IndexOutOfBoundsException done
Event: 6211.688 loading class java/util/NoSuchElementException
Event: 6211.688 loading class java/util/NoSuchElementException done
Event: 6211.688 Thread 0x000002529d35d800 Uncommon trap: trap_request=0xffffff5d fr.pc=0x00000252a8e5c8bc relative=0x000000000000075c
Event: 6211.688 Thread 0x000002529d35d800 DEOPT PACKING pc=0x00000252a8e5c8bc sp=0x000000fdfeffc8c0
Event: 6211.689 Thread 0x000002529d35d800 DEOPT UNPACKING pc=0x00000252a106df29 sp=0x000000fdfeffc8b8 mode 2
Event: 6211.700 loading class ui/frmwork/COutOfMemoryException
Event: 6211.700 loading class ui/frmwork/COutOfMemoryException done
Event: 6211.705 Thread 0x00000252c9fc1000 Thread added: 0x00000252c9fc1000


Dynamic libraries:
0x00007ff78d880000 - 0x00007ff78d8b0000 	D:\Vivado\2020.1\bin\unwrapped\win64.o\vivado.exe
0x00007ffa23a40000 - 0x00007ffa23c21000 	C:\WINDOWS\SYSTEM32\ntdll.dll
0x00007ffa23230000 - 0x00007ffa232e1000 	C:\WINDOWS\System32\KERNEL32.DLL
0x00007ffa200a0000 - 0x00007ffa20313000 	C:\WINDOWS\System32\KERNELBASE.dll
0x00007ffa203d0000 - 0x00007ffa204c8000 	C:\WINDOWS\System32\ucrtbase.dll
0x00007ffa0e7a0000 - 0x00007ffa0e82d000 	C:\WINDOWS\SYSTEM32\MSVCP140.dll
0x00007ffa0e780000 - 0x00007ffa0e79d000 	C:\WINDOWS\SYSTEM32\VCRUNTIME140.dll
0x00007ffa0e740000 - 0x00007ffa0e74c000 	C:\WINDOWS\SYSTEM32\VCRUNTIME140_1.dll
0x00007ffa16c40000 - 0x00007ffa16c54000 	D:\Vivado\2020.1\lib\win64.o\libboost_signals.dll
0x00007ffa16c60000 - 0x00007ffa16c7a000 	D:\Vivado\2020.1\lib\win64.o\librdi_commonmain.dll
0x00007ffa17cc0000 - 0x00007ffa17cca000 	D:\Vivado\2020.1\lib\win64.o\librdi_commonversion.dll
0x00007ffa120b0000 - 0x00007ffa120d6000 	D:\Vivado\2020.1\lib\win64.o\libboost_filesystem.dll
0x00007ffa23030000 - 0x00007ffa230d1000 	C:\WINDOWS\System32\ADVAPI32.dll
0x00007ffa23970000 - 0x00007ffa23a0e000 	C:\WINDOWS\System32\msvcrt.dll
0x00007ffa22eb0000 - 0x00007ffa22f0b000 	C:\WINDOWS\System32\sechost.dll
0x00007ffa21500000 - 0x00007ffa21624000 	C:\WINDOWS\System32\RPCRT4.dll
0x00000000513c0000 - 0x00000000514eb000 	D:\Vivado\2020.1\lib\win64.o\tcl85t.dll
0x00007ffa237e0000 - 0x00007ffa23970000 	C:\WINDOWS\System32\USER32.dll
0x00007ffa20080000 - 0x00007ffa200a0000 	C:\WINDOWS\System32\win32u.dll
0x00007ffa232f0000 - 0x00007ffa23318000 	C:\WINDOWS\System32\GDI32.dll
0x00007ffa1fee0000 - 0x00007ffa20071000 	C:\WINDOWS\System32\gdi32full.dll
0x00007ffa206c0000 - 0x00007ffa2075f000 	C:\WINDOWS\System32\msvcp_win.dll
0x00007ffa22fb0000 - 0x00007ffa2301c000 	C:\WINDOWS\System32\WS2_32.dll
0x00007ff9d7480000 - 0x00007ff9d7621000 	D:\Vivado\2020.1\lib\win64.o\librdi_commonxillic.dll
0x00007ff9bd270000 - 0x00007ff9be336000 	D:\Vivado\2020.1\lib\win64.o\librdi_common.dll
0x00007ffa21a60000 - 0x00007ffa22ea5000 	C:\WINDOWS\System32\SHELL32.dll
0x00007ffa20760000 - 0x00007ffa207a9000 	C:\WINDOWS\System32\cfgmgr32.dll
0x00007ffa21980000 - 0x00007ffa21a29000 	C:\WINDOWS\System32\shcore.dll
0x00007ffa21650000 - 0x00007ffa21971000 	C:\WINDOWS\System32\combase.dll
0x00007ffa16ec0000 - 0x00007ffa16ecb000 	D:\Vivado\2020.1\lib\win64.o\libboost_system.dll
0x00007ffa1fe60000 - 0x00007ffa1fed9000 	C:\WINDOWS\System32\bcryptPrimitives.dll
0x00007ffa207b0000 - 0x00007ffa20ec0000 	C:\WINDOWS\System32\windows.storage.dll
0x00007ffa214a0000 - 0x00007ffa214f1000 	C:\WINDOWS\System32\shlwapi.dll
0x00007ffa1fda0000 - 0x00007ffa1fdb1000 	C:\WINDOWS\System32\kernel.appcore.dll
0x00007ffa1fde0000 - 0x00007ffa1fdff000 	C:\WINDOWS\System32\profapi.dll
0x00007ffa1fd40000 - 0x00007ffa1fd8c000 	C:\WINDOWS\System32\powrprof.dll
0x00007ffa1fd90000 - 0x00007ffa1fd9a000 	C:\WINDOWS\System32\FLTLIB.DLL
0x00007ffa1f8a0000 - 0x00007ffa1f8c5000 	C:\WINDOWS\SYSTEM32\bcrypt.dll
0x00007ff9d7360000 - 0x00007ff9d7474000 	D:\Vivado\2020.1\lib\win64.o\libboost_regex.dll
0x00007ff9d52a0000 - 0x00007ff9d557b000 	D:\Vivado\2020.1\lib\win64.o\libXil_lmgr11.dll
0x00007ffa23320000 - 0x00007ffa2340d000 	C:\WINDOWS\System32\COMDLG32.dll
0x00007ffa23160000 - 0x00007ffa23222000 	C:\WINDOWS\System32\OLEAUT32.dll
0x00007ffa23410000 - 0x00007ffa23561000 	C:\WINDOWS\System32\ole32.dll
0x00007ffa1fe00000 - 0x00007ffa1fe57000 	C:\WINDOWS\System32\WINTRUST.dll
0x00007ffa1fdc0000 - 0x00007ffa1fdd2000 	C:\WINDOWS\System32\MSASN1.dll
0x00007ffa204d0000 - 0x00007ffa206b2000 	C:\WINDOWS\System32\CRYPT32.dll
0x00007ffa11a40000 - 0x00007ffa11a54000 	D:\Vivado\2020.1\lib\win64.o\libboost_date_time.dll
0x00007ff9d4f30000 - 0x00007ff9d529e000 	D:\Vivado\2020.1\lib\win64.o\libCOIN-all.dll
0x00007ffa16c30000 - 0x00007ffa16c3f000 	D:\Vivado\2020.1\lib\win64.o\libboost_xilinx.dll
0x00007ffa11510000 - 0x00007ffa11531000 	D:\Vivado\2020.1\lib\win64.o\libboost_thread.dll
0x00007ffa0f200000 - 0x00007ffa0f27f000 	D:\Vivado\2020.1\lib\win64.o\libboost_program_options.dll
0x00007ff9bc5b0000 - 0x00007ff9bd265a00 	D:\Vivado\2020.1\lib\win64.o\libisl_iostreams.dll
0x00007ff9f0c50000 - 0x00007ff9f0cd2000 	D:\Vivado\2020.1\lib\win64.o\libhdlpsolve.dll
0x00007ff9e98c0000 - 0x00007ff9e9965000 	D:\Vivado\2020.1\lib\win64.o\libhdxml.dll
0x00007ffa10290000 - 0x00007ffa102be000 	D:\Vivado\2020.1\lib\win64.o\libisl_sysinfo.dll
0x00007ffa10270000 - 0x00007ffa1028a000 	D:\Vivado\2020.1\lib\win64.o\pthreadVC2.dll
0x00007ff9f0be0000 - 0x00007ff9f0c45000 	D:\Vivado\2020.1\lib\win64.o\liblmx6.0.dll
0x00007ffa12cc0000 - 0x00007ffa12cd7000 	C:\WINDOWS\SYSTEM32\NETAPI32.dll
0x00007ffa0fa50000 - 0x00007ffa0ff0d000 	C:\WINDOWS\SYSTEM32\WININET.dll
0x00007ffa16b10000 - 0x00007ffa16bed000 	C:\WINDOWS\SYSTEM32\WINHTTP.dll
0x00007ffa15d70000 - 0x00007ffa15f3d000 	C:\WINDOWS\SYSTEM32\urlmon.dll
0x00007ffa0f150000 - 0x00007ffa0f16c000 	D:\Vivado\2020.1\lib\win64.o\librdiconfig.dll
0x00007ffa0cc70000 - 0x00007ffa0cc91000 	D:\Vivado\2020.1\lib\win64.o\librdizlib.dll
0x00007ffa0e000000 - 0x00007ffa0e009000 	C:\WINDOWS\SYSTEM32\WSOCK32.dll
0x00007ffa09710000 - 0x00007ffa09742000 	C:\WINDOWS\SYSTEM32\VCOMP140.DLL
0x0000000012000000 - 0x0000000012270000 	D:\Vivado\2020.1\lib\win64.o\xerces-c_3_1.dll
0x00007ffa12480000 - 0x00007ffa12527000 	C:\WINDOWS\WinSxS\amd64_microsoft.windows.common-controls_6595b64144ccf1df_5.82.17134.1304_none_557670e9265f1405\COMCTL32.dll
0x00007ffa1a480000 - 0x00007ffa1a49a000 	C:\WINDOWS\SYSTEM32\dhcpcsvc.DLL
0x00007ffa237d0000 - 0x00007ffa237d8000 	C:\WINDOWS\System32\NSI.dll
0x00007ffa120a0000 - 0x00007ffa120ad000 	D:\Vivado\2020.1\lib\win64.o\libboost_chrono.dll
0x00007ffa160f0000 - 0x00007ffa16397000 	C:\WINDOWS\SYSTEM32\iertutil.dll
0x00007ffa1f790000 - 0x00007ffa1f79b000 	C:\WINDOWS\SYSTEM32\CRYPTBASE.DLL
0x00007ffa09fc0000 - 0x00007ffa09fe5000 	D:\Vivado\2020.1\lib\win64.o\libisl_iosutils.dll
0x00007ff9bb710000 - 0x00007ff9bc5a1000 	D:\Vivado\2020.1\lib\win64.o\gurobi65.dll
0x00007ffa09a90000 - 0x00007ffa09aab000 	D:\Vivado\2020.1\lib\win64.o\libboost_iostreams.dll
0x00007ffa1f410000 - 0x00007ffa1f41e000 	C:\WINDOWS\SYSTEM32\NETUTILS.DLL
0x00007ffa1f5c0000 - 0x00007ffa1f626000 	C:\WINDOWS\SYSTEM32\MSWSOCK.DLL
0x00007ffa21a30000 - 0x00007ffa21a5d000 	C:\WINDOWS\System32\IMM32.DLL
0x00007ff9d4a30000 - 0x00007ff9d4f2c000 	D:\Vivado\2020.1\lib\win64.o\librdi_commontasks.dll
0x00007ffa0ec10000 - 0x00007ffa0ec1a000 	C:\WINDOWS\SYSTEM32\VERSION.dll
0x00007ff9d4740000 - 0x00007ff9d4a24000 	D:\Vivado\2020.1\lib\win64.o\librdi_sio.dll
0x00000000508c0000 - 0x00000000512e5000 	D:\Vivado\2020.1\tps\win64\jre9.0.4\bin\server\jvm.dll
0x00007ffa23020000 - 0x00007ffa23028000 	C:\WINDOWS\System32\PSAPI.DLL
0x00007ffa1f310000 - 0x00007ffa1f348000 	C:\WINDOWS\SYSTEM32\IPHLPAPI.DLL
0x00007ffa1c340000 - 0x00007ffa1c363000 	C:\WINDOWS\SYSTEM32\WINMM.dll
0x00007ff9d7d10000 - 0x00007ff9d7dff000 	C:\WINDOWS\SYSTEM32\MSVCR120.dll
0x00007ffa1c300000 - 0x00007ffa1c32a000 	C:\WINDOWS\SYSTEM32\winmmbase.dll
0x00007ff9b9070000 - 0x00007ff9bb705000 	D:\Vivado\2020.1\lib\win64.o\librdi_tcltasks.dll
0x00007ff9d72e0000 - 0x00007ff9d735b000 	D:\Vivado\2020.1\lib\win64.o\librdi_boarddep.dll
0x00007ff9d68c0000 - 0x00007ff9d69b6000 	D:\Vivado\2020.1\lib\win64.o\librdi_chipscope.dll
0x00007ff9d3f90000 - 0x00007ff9d4143000 	D:\Vivado\2020.1\lib\win64.o\librdi_board.dll
0x00007ff9b8ba0000 - 0x00007ff9b9066000 	D:\Vivado\2020.1\lib\win64.o\librdi_bitstream.dll
0x00007ff9d33d0000 - 0x00007ff9d3591000 	D:\Vivado\2020.1\lib\win64.o\librdi_chipscopeimpl.dll
0x00007ff9d3e30000 - 0x00007ff9d3f8b000 	D:\Vivado\2020.1\lib\win64.o\librdi_containers.dll
0x00007ff9b84c0000 - 0x00007ff9b8b99000 	D:\Vivado\2020.1\lib\win64.o\librdi_coregenipxact.dll
0x00007ff98efd0000 - 0x00007ff9a6ea0000 	D:\Vivado\2020.1\lib\win64.o\librdi_device.dll
0x00007ff9b6890000 - 0x00007ff9b84ba000 	D:\Vivado\2020.1\lib\win64.o\librdi_constraints.dll
0x00007ff9b55e0000 - 0x00007ff9b592b000 	D:\Vivado\2020.1\lib\win64.o\librdi_dlyest.dll
0x00007ff9aa850000 - 0x00007ff9ac9bd000 	D:\Vivado\2020.1\lib\win64.o\librdi_coregen.dll
0x00007ff98aca0000 - 0x00007ff98efce000 	D:\Vivado\2020.1\lib\win64.o\librdi_designutils.dll
0x00007ff9d3300000 - 0x00007ff9d33c4000 	D:\Vivado\2020.1\lib\win64.o\librdi_dsp.dll
0x00007ff9aeb70000 - 0x00007ff9af18e000 	D:\Vivado\2020.1\lib\win64.o\librdi_drc.dll
0x00007ff9d6fc0000 - 0x00007ff9d7037000 	D:\Vivado\2020.1\lib\win64.o\librdi_hdf.dll
0x00007ff9adc80000 - 0x00007ff9ae306000 	D:\Vivado\2020.1\lib\win64.o\librdi_filemgmt.dll
0x00007ff9b6630000 - 0x00007ff9b6885000 	D:\Vivado\2020.1\lib\win64.o\librdi_hip_devdesign.dll
0x00007ff9ae850000 - 0x00007ff9aeb6c000 	D:\Vivado\2020.1\lib\win64.o\librdi_guitools.dll
0x00007ff9b5f40000 - 0x00007ff9b6088000 	D:\Vivado\2020.1\lib\win64.o\librdi_hip_perf_analysis.dll
0x00007ff9d6c70000 - 0x00007ff9d6ce4000 	D:\Vivado\2020.1\lib\win64.o\librdi_memoryarray.dll
0x00007ff9aa210000 - 0x00007ff9aa84e000 	D:\Vivado\2020.1\lib\win64.o\librdi_memdata.dll
0x00007ff9a9770000 - 0x00007ff9a9e73000 	D:\Vivado\2020.1\lib\win64.o\librdi_netlist.dll
0x00007ff9f15c0000 - 0x00007ff9f160e000 	D:\Vivado\2020.1\lib\win64.o\librdi_pfi.dll
0x00007ff9a9410000 - 0x00007ff9a9761000 	D:\Vivado\2020.1\lib\win64.o\librdi_platform.dll
0x00007ff9a7ac0000 - 0x00007ff9a940a000 	D:\Vivado\2020.1\lib\win64.o\librdi_implflow.dll
0x00007ff9a74c0000 - 0x00007ff9a7ab5000 	D:\Vivado\2020.1\lib\win64.o\librdi_project.dll
0x00007ff98a460000 - 0x00007ff98ac94000 	D:\Vivado\2020.1\lib\win64.o\librdi_power.dll
0x00007ff989d20000 - 0x00007ff98a45c000 	D:\Vivado\2020.1\lib\win64.o\librdi_psta.dll
0x00007ff9895b0000 - 0x00007ff989d1f000 	D:\Vivado\2020.1\lib\win64.o\librdi_rsb.dll
0x00007ff989110000 - 0x00007ff9895aa000 	D:\Vivado\2020.1\lib\win64.o\librdi_runs.dll
0x00007ff986290000 - 0x00007ff989107000 	D:\Vivado\2020.1\lib\win64.o\librdi_mig.dll
0x00007ff9af490000 - 0x00007ff9af598000 	D:\Vivado\2020.1\lib\win64.o\librdi_runsbase.dll
0x00007ff983710000 - 0x00007ff986281000 	D:\Vivado\2020.1\lib\win64.o\librdi_place.dll
0x00007ff9af390000 - 0x00007ff9af48f000 	D:\Vivado\2020.1\lib\win64.o\librdi_xhub.dll
0x00007ff983490000 - 0x00007ff983705000 	D:\Vivado\2020.1\lib\win64.o\librdi_simdata.dll
0x00007ff9c03e0000 - 0x00007ff9c0488000 	D:\Vivado\2020.1\lib\win64.o\librdi_xhubtasks.dll
0x00007ff982580000 - 0x00007ff98348a000 	D:\Vivado\2020.1\lib\win64.o\librdi_timing.dll
0x00007ff9adaa0000 - 0x00007ff9adc73000 	D:\Vivado\2020.1\lib\win64.o\librdi_advchipscopeimpl.dll
0x00007ff9ea0e0000 - 0x00007ff9ea12c000 	D:\Vivado\2020.1\lib\win64.o\libboost_serialization.dll
0x00007ff9b5360000 - 0x00007ff9b5448000 	D:\Vivado\2020.1\lib\win64.o\librdi_ipconfig_readwrite.dll

VM Arguments:
jvm_args: -Dsun.java2d.pmoffscreen=false -Dsun.java2d.xrender=false -Dsun.java2d.d3d=false -Dsun.awt.nopixfmt=true -Dsun.java2d.dpiaware=true -Dsun.java2d.uiScale.enabled=false -Xverify:none -Dswing.aatext=true -XX:-UsePerfData -Djdk.map.althashing.threshold=512 -XX:StringTableSize=4072 --add-opens=java.base/java.nio=ALL-UNNAMED --add-opens=java.desktop/sun.swing=ALL-UNNAMED --add-opens=java.desktop/javax.swing=ALL-UNNAMED --add-opens=java.desktop/javax.swing.tree=ALL-UNNAMED --add-opens=java.desktop/javax.swing.plaf.basic=ALL-UNNAMED --add-opens=java.desktop/javax.swing.plaf.synth=ALL-UNNAMED --add-opens=java.desktop/com.sun.awt=ALL-UNNAMED -XX:NewSize=60m -XX:MaxNewSize=60m -Xms128m -Xmx3072m -Xss5m 
java_command: <unknown>
java_class_path (initial): D:/Vivado/2020.1\lib\classes\alloy.jar;D:/Vivado/2020.1\lib\classes\ArchiveSummary.jar;D:/Vivado/2020.1\lib\classes\autoesl-models.jar;D:/Vivado/2020.1\lib\classes\autopilot.scelaborator.jar;D:/Vivado/2020.1\lib\classes\autopilot.sourceprocessor.jar;D:/Vivado/2020.1\lib\classes\autopilot.tbprocessor.jar;D:/Vivado/2020.1\lib\classes\batik-anim.jar;D:/Vivado/2020.1\lib\classes\batik-awt-util.jar;D:/Vivado/2020.1\lib\classes\batik-bridge.jar;D:/Vivado/2020.1\lib\classes\batik-codec.jar;D:/Vivado/2020.1\lib\classes\batik-css.jar;D:/Vivado/2020.1\lib\classes\batik-dom.jar;D:/Vivado/2020.1\lib\classes\batik-ext.jar;D:/Vivado/2020.1\lib\classes\batik-gui-util.jar;D:/Vivado/2020.1\lib\classes\batik-gvt.jar;D:/Vivado/2020.1\lib\classes\batik-parser.jar;D:/Vivado/2020.1\lib\classes\batik-script.jar;D:/Vivado/2020.1\lib\classes\batik-svg-dom.jar;D:/Vivado/2020.1\lib\classes\batik-swing.jar;D:/Vivado/2020.1\lib\classes\batik-transcoder.jar;D:/Vivado/2020.1\lib\classes\batik-util.jar;D:/Vivado/2020.1\lib\classes\batik-xml.jar;D:/Vivado/2020.1\lib\classes\com.google.gson_2.8.2.v20180104-1110.jar;D:/Vivado/2020.1\lib\classes\com.google.guava_27.1.0.v20190517-1946.jar;D:/Vivado/2020.1\lib\classes\com.ibm.icu_4.4.2.v20110208.jar;D:/Vivado/2020.1\lib\classes\com.sigasi.hdt.connection_4.8.0.202004151336.jar;D:/Vivado/2020.1\lib\classes\com.sigasi.hdt.epl_4.8.0.202004151336.jar;D:/Vivado/2020.1\lib\classes\com.sigasi.hdt.project_4.8.0.202004151336.jar;D:/Vivado/2020.1\lib\classes\com.sigasi.hdt.readonlyfilesystem_4.8.0.202004151336.jar;D:/Vivado/2020.1\lib\classes\com.sigasi.lcm_4.8.0.202004151336.jar;D:/Vivado/2020.1\lib\classes\com.sigasi.sdk.client_4.8.0.202004151336.jar;D:/Vivado/2020.1\lib\classes\com.xilinx.hls.services.jar;D:/Vivado/2020.1\lib\classes\commons-collections4-4.1.jar;D:/Vivado/2020.1\lib\classes\commons-io-2.6.jar;D:/Vivado/2020.1\lib\classes\commons-math-2.2.jar;D:/Vivado/2020.1\lib\classes\Dispatch.jar;D:/Vivado/2020.1\lib\classes\Disp
Launcher Type: generic

Logging:
Log output configuration:
#0: stdout all=warning uptime,level,tags
#1: stderr all=off uptime,level,tags

Environment Variables:
JAVA_HOME=C:\Program Files\Java\jdk1.6.0_43
CLASSPATH=C:\Program Files\Java\jdk1.6.0_43\lib\*.jar
PATH=D:/Vivado/2020.1\gnuwin\bin;D:/Vivado/2020.1\gnu\microblaze\nt\bin;D:/Vivado/2020.1/bin;D:/Vivado/2020.1/lib/win64.o;D:/Vivado/2020.1/tps/win64/jre9.0.4/bin/server;D:/Vivado/2020.1/tps/win64/jre9.0.4/bin;D:/Vivado/2020.1/ids_lite/ISE/bin/nt64;D:/Vivado/2020.1/ids_lite/ISE/lib/nt64;C:\Program Files\Common Files\Oracle\Java\javapath;C:\ProgramData\Oracle\Java\javapath;C:\WINDOWS\system32;C:\WINDOWS;C:\WINDOWS\System32\Wbem;C:\WINDOWS\System32\WindowsPowerShell\v1.0\;C:\WINDOWS\System32\OpenSSH\;C:\Program Files\Java\jdk1.6.0_43\bin;C:\Program Files\Git\cmd;C:\Program Files\MATLAB\R2022b\bin;C:\Users\Mina\AppData\Local\Programs\Python\Python311\Scripts\;C:\Users\Mina\AppData\Local\Programs\Python\Python311\;C:\Program Files\Java\jdk1.8.0_191\bin;D:\\win64;D:\Questa files\win64;C:\questasim64_10.7c\win64;C:\Users\Mina\AppData\Local\Programs\Microsoft VS Code\bin;C:\MinGW\bin;E:\Mina\Siemens FinFet Physical Modeling and Circuit Simulation Course\Resources\openvaf_23_5_0_windows_amd64;C:\Program Files (x86)\Microsoft Visual Studio\2022\BuildTools\VC\Tools\MSVC\14.38.33130\lib\x64;C:\Program Files (x86)\Microsoft Visual Studio\2022\BuildTools\VC\Tools\MSVC\14.38.33130\bin\Hostx64\x64;;D:\Digital Verification Diploma\QuestaSim\win64;D:/Vivado/2020.1\tps\mingw\6.2.0\win64.o\nt\bin;D:/Vivado/2020.1\tps\mingw\6.2.0\win64.o\nt\libexec\gcc\x86_64-w64-mingw32\6.2.0;D:/Vivado/2020.1\tps\win64\python-2.7.16;D:/Vivado/2020.1\tps\win64\python-2.7.16\bin;D:/Vivado/2020.1\tps\win64\python-2.7.16\lib;D:/Vivado/2020.1\tps\win64\python-2.7.16\Lib\lib-tk;D:/Vivado/2020.1\tps\win64\python-2.7.16\lib\site-packages
USERNAME=Mina
OS=Windows_NT
PROCESSOR_IDENTIFIER=Intel64 Family 6 Model 69 Stepping 1, GenuineIntel



---------------  S Y S T E M  ---------------

OS: Windows 10 , 64 bit Build 17134 (10.0.17134.753)

CPU:total 4 (initial active 4) (2 cores per cpu, 2 threads per core) family 6 model 69 stepping 1, cmov, cx8, fxsr, mmx, sse, sse2, sse3, ssse3, sse4.1, sse4.2, popcnt, avx, avx2, aes, clmul, erms, lzcnt, ht, tsc, tscinvbit, bmi1, bmi2, fma

Memory: 4k page, physical 8308160k(3955764k free), swap 11978176k(4210292k free)

vm_info: Java HotSpot(TM) 64-Bit Server VM (9.0.4+11) for windows-amd64 JRE (9.0.4+11), built on Dec 20 2017 02:18:54 by "mach5one" with MS VC++ 12.0 (VS2013)

END.
