Command: pr_verify -full_check -initial D:/GUC/Semester_10/Advanced_Microelectronics_Lab/Sessions/Session_3/Task_2/Partial_reconfiguration_HLS/Partial_reconfiguration_HLS.runs/impl_1/Top_Module_routed.dcp -additional D:/GUC/Semester_10/Advanced_Microelectronics_Lab/Sessions/Session_3/Task_2/Partial_reconfiguration_HLS/Partial_reconfiguration_HLS.runs/child_0_impl_1/Top_Module_routed.dcp -file child_0_impl_1_pr_verify.log
Mon Mar 11 09:22:29 2024

INFO: [Constraints 18-1020] PR Verify Summary:
DCP1: D:/GUC/Semester_10/Advanced_Microelectronics_Lab/Sessions/Session_3/Task_2/Partial_reconfiguration_HLS/Partial_reconfiguration_HLS.runs/impl_1/Top_Module_routed.dcp
  Number of reconfigurable modules compared = 1
  Number of partition pins compared         = 20
  Number of static tiles compared           = 204
  Number of static sites compared           = 32
  Number of static cells compared           = 38
  Number of static routed nodes compared    = 619
  Number of static routed pips compared     = 587

DCP2: D:/GUC/Semester_10/Advanced_Microelectronics_Lab/Sessions/Session_3/Task_2/Partial_reconfiguration_HLS/Partial_reconfiguration_HLS.runs/child_0_impl_1/Top_Module_routed.dcp
  Number of reconfigurable modules compared = 1
  Number of partition pins compared         = 20
  Number of static tiles compared           = 204
  Number of static sites compared           = 32
  Number of static cells compared           = 38
  Number of static routed nodes compared    = 619
  Number of static routed pips compared     = 587
INFO: [Vivado 12-3253] PR_VERIFY: check points D:/GUC/Semester_10/Advanced_Microelectronics_Lab/Sessions/Session_3/Task_2/Partial_reconfiguration_HLS/Partial_reconfiguration_HLS.runs/impl_1/Top_Module_routed.dcp and D:/GUC/Semester_10/Advanced_Microelectronics_Lab/Sessions/Session_3/Task_2/Partial_reconfiguration_HLS/Partial_reconfiguration_HLS.runs/child_0_impl_1/Top_Module_routed.dcp are compatible
