Copyright 1986-2020 Xilinx, Inc. All Rights Reserved.
--------------------------------------------------------------------------------------------------------------------------------------------------------------------
| Tool Version : Vivado v.2020.1 (win64) Build 2902540 Wed May 27 19:54:49 MDT 2020
| Date         : Mon Mar 11 09:22:28 2024
| Host         : DESKTOP-FVC51P8 running 64-bit major release  (build 9200)
| Command      : report_methodology -file Top_Module_methodology_drc_routed.rpt -pb Top_Module_methodology_drc_routed.pb -rpx Top_Module_methodology_drc_routed.rpx
| Design       : Top_Module
| Device       : xc7a35tcpg236-1
| Speed File   : -1
| Design State : Fully Routed
--------------------------------------------------------------------------------------------------------------------------------------------------------------------

Report Methodology

Table of Contents
-----------------
1. REPORT SUMMARY
2. REPORT DETAILS

1. REPORT SUMMARY
-----------------
            Netlist: netlist
          Floorplan: design_1
      Design limits: <entire design considered>
             Max violations: <unlimited>
             Violations found: 42
+-----------+------------------+------------------------------------------------------------------+------------+
| Rule      | Severity         | Description                                                      | Violations |
+-----------+------------------+------------------------------------------------------------------+------------+
| TIMING-17 | Critical Warning | Non-clocked sequential cell                                      | 41         |
| CKLD-2    | Warning          | Clock Net has IO Driver, not a Clock Buf, and/or non-Clock loads | 1          |
+-----------+------------------+------------------------------------------------------------------+------------+

2. REPORT DETAILS
-----------------
TIMING-17#1 Critical Warning
Non-clocked sequential cell  
The clock pin Mult/ap_CS_fsm_reg[0]/C is not reached by a timing clock
Related violations: <none>

TIMING-17#2 Critical Warning
Non-clocked sequential cell  
The clock pin Mult/ap_CS_fsm_reg[1]/C is not reached by a timing clock
Related violations: <none>

TIMING-17#3 Critical Warning
Non-clocked sequential cell  
The clock pin Mult/ap_CS_fsm_reg[2]/C is not reached by a timing clock
Related violations: <none>

TIMING-17#4 Critical Warning
Non-clocked sequential cell  
The clock pin Mult/ap_CS_fsm_reg[3]/C is not reached by a timing clock
Related violations: <none>

TIMING-17#5 Critical Warning
Non-clocked sequential cell  
The clock pin Mult/ap_CS_fsm_reg[4]/C is not reached by a timing clock
Related violations: <none>

TIMING-17#6 Critical Warning
Non-clocked sequential cell  
The clock pin Mult/ap_CS_fsm_reg[5]/C is not reached by a timing clock
Related violations: <none>

TIMING-17#7 Critical Warning
Non-clocked sequential cell  
The clock pin Mult/ap_CS_fsm_reg[6]/C is not reached by a timing clock
Related violations: <none>

TIMING-17#8 Critical Warning
Non-clocked sequential cell  
The clock pin Mult/ap_CS_fsm_reg[7]/C is not reached by a timing clock
Related violations: <none>

TIMING-17#9 Critical Warning
Non-clocked sequential cell  
The clock pin Mult/divider_udiv_4ns_bkb_U1/divider_udiv_4ns_bkb_div_U/dividend0_reg[0]/C is not reached by a timing clock
Related violations: <none>

TIMING-17#10 Critical Warning
Non-clocked sequential cell  
The clock pin Mult/divider_udiv_4ns_bkb_U1/divider_udiv_4ns_bkb_div_U/dividend0_reg[1]/C is not reached by a timing clock
Related violations: <none>

TIMING-17#11 Critical Warning
Non-clocked sequential cell  
The clock pin Mult/divider_udiv_4ns_bkb_U1/divider_udiv_4ns_bkb_div_U/dividend0_reg[2]/C is not reached by a timing clock
Related violations: <none>

TIMING-17#12 Critical Warning
Non-clocked sequential cell  
The clock pin Mult/divider_udiv_4ns_bkb_U1/divider_udiv_4ns_bkb_div_U/dividend0_reg[3]/C is not reached by a timing clock
Related violations: <none>

TIMING-17#13 Critical Warning
Non-clocked sequential cell  
The clock pin Mult/divider_udiv_4ns_bkb_U1/divider_udiv_4ns_bkb_div_U/divider_udiv_4ns_bkb_div_u_0/dividend0_reg[0]/C is not reached by a timing clock
Related violations: <none>

TIMING-17#14 Critical Warning
Non-clocked sequential cell  
The clock pin Mult/divider_udiv_4ns_bkb_U1/divider_udiv_4ns_bkb_div_U/divider_udiv_4ns_bkb_div_u_0/dividend0_reg[1]/C is not reached by a timing clock
Related violations: <none>

TIMING-17#15 Critical Warning
Non-clocked sequential cell  
The clock pin Mult/divider_udiv_4ns_bkb_U1/divider_udiv_4ns_bkb_div_U/divider_udiv_4ns_bkb_div_u_0/dividend0_reg[2]/C is not reached by a timing clock
Related violations: <none>

TIMING-17#16 Critical Warning
Non-clocked sequential cell  
The clock pin Mult/divider_udiv_4ns_bkb_U1/divider_udiv_4ns_bkb_div_U/divider_udiv_4ns_bkb_div_u_0/dividend0_reg[3]/C is not reached by a timing clock
Related violations: <none>

TIMING-17#17 Critical Warning
Non-clocked sequential cell  
The clock pin Mult/divider_udiv_4ns_bkb_U1/divider_udiv_4ns_bkb_div_U/divider_udiv_4ns_bkb_div_u_0/dividend_tmp_reg[0]/C is not reached by a timing clock
Related violations: <none>

TIMING-17#18 Critical Warning
Non-clocked sequential cell  
The clock pin Mult/divider_udiv_4ns_bkb_U1/divider_udiv_4ns_bkb_div_U/divider_udiv_4ns_bkb_div_u_0/dividend_tmp_reg[1]/C is not reached by a timing clock
Related violations: <none>

TIMING-17#19 Critical Warning
Non-clocked sequential cell  
The clock pin Mult/divider_udiv_4ns_bkb_U1/divider_udiv_4ns_bkb_div_U/divider_udiv_4ns_bkb_div_u_0/dividend_tmp_reg[2]/C is not reached by a timing clock
Related violations: <none>

TIMING-17#20 Critical Warning
Non-clocked sequential cell  
The clock pin Mult/divider_udiv_4ns_bkb_U1/divider_udiv_4ns_bkb_div_U/divider_udiv_4ns_bkb_div_u_0/dividend_tmp_reg[3]/C is not reached by a timing clock
Related violations: <none>

TIMING-17#21 Critical Warning
Non-clocked sequential cell  
The clock pin Mult/divider_udiv_4ns_bkb_U1/divider_udiv_4ns_bkb_div_U/divider_udiv_4ns_bkb_div_u_0/divisor0_reg[0]/C is not reached by a timing clock
Related violations: <none>

TIMING-17#22 Critical Warning
Non-clocked sequential cell  
The clock pin Mult/divider_udiv_4ns_bkb_U1/divider_udiv_4ns_bkb_div_U/divider_udiv_4ns_bkb_div_u_0/divisor0_reg[1]/C is not reached by a timing clock
Related violations: <none>

TIMING-17#23 Critical Warning
Non-clocked sequential cell  
The clock pin Mult/divider_udiv_4ns_bkb_U1/divider_udiv_4ns_bkb_div_U/divider_udiv_4ns_bkb_div_u_0/divisor0_reg[2]/C is not reached by a timing clock
Related violations: <none>

TIMING-17#24 Critical Warning
Non-clocked sequential cell  
The clock pin Mult/divider_udiv_4ns_bkb_U1/divider_udiv_4ns_bkb_div_U/divider_udiv_4ns_bkb_div_u_0/divisor0_reg[3]/C is not reached by a timing clock
Related violations: <none>

TIMING-17#25 Critical Warning
Non-clocked sequential cell  
The clock pin Mult/divider_udiv_4ns_bkb_U1/divider_udiv_4ns_bkb_div_U/divider_udiv_4ns_bkb_div_u_0/r_stage_reg[0]/C is not reached by a timing clock
Related violations: <none>

TIMING-17#26 Critical Warning
Non-clocked sequential cell  
The clock pin Mult/divider_udiv_4ns_bkb_U1/divider_udiv_4ns_bkb_div_U/divider_udiv_4ns_bkb_div_u_0/r_stage_reg[1]/C is not reached by a timing clock
Related violations: <none>

TIMING-17#27 Critical Warning
Non-clocked sequential cell  
The clock pin Mult/divider_udiv_4ns_bkb_U1/divider_udiv_4ns_bkb_div_U/divider_udiv_4ns_bkb_div_u_0/r_stage_reg[2]/C is not reached by a timing clock
Related violations: <none>

TIMING-17#28 Critical Warning
Non-clocked sequential cell  
The clock pin Mult/divider_udiv_4ns_bkb_U1/divider_udiv_4ns_bkb_div_U/divider_udiv_4ns_bkb_div_u_0/r_stage_reg[3]/C is not reached by a timing clock
Related violations: <none>

TIMING-17#29 Critical Warning
Non-clocked sequential cell  
The clock pin Mult/divider_udiv_4ns_bkb_U1/divider_udiv_4ns_bkb_div_U/divider_udiv_4ns_bkb_div_u_0/r_stage_reg[4]/C is not reached by a timing clock
Related violations: <none>

TIMING-17#30 Critical Warning
Non-clocked sequential cell  
The clock pin Mult/divider_udiv_4ns_bkb_U1/divider_udiv_4ns_bkb_div_U/divider_udiv_4ns_bkb_div_u_0/remd_tmp_reg[0]/C is not reached by a timing clock
Related violations: <none>

TIMING-17#31 Critical Warning
Non-clocked sequential cell  
The clock pin Mult/divider_udiv_4ns_bkb_U1/divider_udiv_4ns_bkb_div_U/divider_udiv_4ns_bkb_div_u_0/remd_tmp_reg[1]/C is not reached by a timing clock
Related violations: <none>

TIMING-17#32 Critical Warning
Non-clocked sequential cell  
The clock pin Mult/divider_udiv_4ns_bkb_U1/divider_udiv_4ns_bkb_div_U/divider_udiv_4ns_bkb_div_u_0/remd_tmp_reg[2]/C is not reached by a timing clock
Related violations: <none>

TIMING-17#33 Critical Warning
Non-clocked sequential cell  
The clock pin Mult/divider_udiv_4ns_bkb_U1/divider_udiv_4ns_bkb_div_U/divisor0_reg[0]/C is not reached by a timing clock
Related violations: <none>

TIMING-17#34 Critical Warning
Non-clocked sequential cell  
The clock pin Mult/divider_udiv_4ns_bkb_U1/divider_udiv_4ns_bkb_div_U/divisor0_reg[1]/C is not reached by a timing clock
Related violations: <none>

TIMING-17#35 Critical Warning
Non-clocked sequential cell  
The clock pin Mult/divider_udiv_4ns_bkb_U1/divider_udiv_4ns_bkb_div_U/divisor0_reg[2]/C is not reached by a timing clock
Related violations: <none>

TIMING-17#36 Critical Warning
Non-clocked sequential cell  
The clock pin Mult/divider_udiv_4ns_bkb_U1/divider_udiv_4ns_bkb_div_U/divisor0_reg[3]/C is not reached by a timing clock
Related violations: <none>

TIMING-17#37 Critical Warning
Non-clocked sequential cell  
The clock pin Mult/divider_udiv_4ns_bkb_U1/divider_udiv_4ns_bkb_div_U/quot_reg[0]/C is not reached by a timing clock
Related violations: <none>

TIMING-17#38 Critical Warning
Non-clocked sequential cell  
The clock pin Mult/divider_udiv_4ns_bkb_U1/divider_udiv_4ns_bkb_div_U/quot_reg[1]/C is not reached by a timing clock
Related violations: <none>

TIMING-17#39 Critical Warning
Non-clocked sequential cell  
The clock pin Mult/divider_udiv_4ns_bkb_U1/divider_udiv_4ns_bkb_div_U/quot_reg[2]/C is not reached by a timing clock
Related violations: <none>

TIMING-17#40 Critical Warning
Non-clocked sequential cell  
The clock pin Mult/divider_udiv_4ns_bkb_U1/divider_udiv_4ns_bkb_div_U/quot_reg[3]/C is not reached by a timing clock
Related violations: <none>

TIMING-17#41 Critical Warning
Non-clocked sequential cell  
The clock pin Mult/divider_udiv_4ns_bkb_U1/divider_udiv_4ns_bkb_div_U/start0_reg/C is not reached by a timing clock
Related violations: <none>

CKLD-2#1 Warning
Clock Net has IO Driver, not a Clock Buf, and/or non-Clock loads  
Clock net ap_clk_IBUF is directly driven by an IO rather than a Clock Buffer or may be an IO driving a mix of Clock Buffer and non-Clock loads. This connectivity should be reviewed and corrected as appropriate. Driver(s): ap_clk_IBUF_inst/O, Mult/ap_clk
Related violations: <none>


