Copyright 1986-2020 Xilinx, Inc. All Rights Reserved.
-------------------------------------------------------------------------------------
| Tool Version : Vivado v.2020.1 (win64) Build 2902540 Wed May 27 19:54:49 MDT 2020
| Date         : Thu Mar  7 00:27:56 2024
| Host         : DESKTOP-FVC51P8 running 64-bit major release  (build 9200)
| Command      : report_control_sets -verbose -file Car_Game_control_sets_placed.rpt
| Design       : Car_Game
| Device       : xc7a35t
-------------------------------------------------------------------------------------

Control Set Information

Table of Contents
-----------------
1. Summary
2. Histogram
3. Flip-Flop Distribution
4. Detailed Control Set Information

1. Summary
----------

+----------------------------------------------------------+-------+
|                          Status                          | Count |
+----------------------------------------------------------+-------+
| Total control sets                                       |    14 |
|    Minimum number of control sets                        |    14 |
|    Addition due to synthesis replication                 |     0 |
|    Addition due to physical synthesis replication        |     0 |
| Unused register locations in slices containing registers |    52 |
+----------------------------------------------------------+-------+
* Control sets can be merged at opt_design using control_set_merge or merge_equivalent_drivers
** Run report_qor_suggestions for automated merging and remapping suggestions


2. Histogram
------------

+--------------------+-------+
|       Fanout       | Count |
+--------------------+-------+
| Total control sets |    14 |
| >= 0 to < 4        |     3 |
| >= 4 to < 6        |     0 |
| >= 6 to < 8        |     1 |
| >= 8 to < 10       |     0 |
| >= 10 to < 12      |     1 |
| >= 12 to < 14      |     1 |
| >= 14 to < 16      |     0 |
| >= 16              |     8 |
+--------------------+-------+
* Control sets can be remapped at either synth_design or opt_design


3. Flip-Flop Distribution
-------------------------

+--------------+-----------------------+------------------------+-----------------+--------------+
| Clock Enable | Synchronous Set/Reset | Asynchronous Set/Reset | Total Registers | Total Slices |
+--------------+-----------------------+------------------------+-----------------+--------------+
| No           | No                    | No                     |              19 |           10 |
| No           | No                    | Yes                    |               0 |            0 |
| No           | Yes                   | No                     |              63 |           16 |
| Yes          | No                    | No                     |               0 |            0 |
| Yes          | No                    | Yes                    |               0 |            0 |
| Yes          | Yes                   | No                     |             170 |           55 |
+--------------+-----------------------+------------------------+-----------------+--------------+


4. Detailed Control Set Information
-----------------------------------

+----------------+---------------------------+---------------------------+------------------+----------------+--------------+
|  Clock Signal  |       Enable Signal       |      Set/Reset Signal     | Slice Load Count | Bel Load Count | Bels / Slice |
+----------------+---------------------------+---------------------------+------------------+----------------+--------------+
|  clka_BUFG     | Vsync2_out                | Vsync_i_1_n_0             |                1 |              1 |         1.00 |
|  clka_BUFG     | R_out1                    | Hsync_i_1_n_0             |                1 |              1 |         1.00 |
|  clk_IBUF_BUFG |                           |                           |                2 |              2 |         1.00 |
|  clka_BUFG     | Car_left[9]_i_2_n_0       | Car_left[9]_i_1_n_0       |                4 |              6 |         1.50 |
|  clka_BUFG     | address_car[10]_i_1_n_0   | address_car               |                3 |             11 |         3.67 |
|  clka_BUFG     | R_out[3]_i_2_n_0          | R_out[3]_i_1_n_0          |                7 |             12 |         1.71 |
|  clka_BUFG     |                           |                           |                8 |             17 |         2.13 |
|  clka_BUFG     | address_road[0]_i_2_n_0   | address_road[0]_i_1_n_0   |                5 |             18 |         3.60 |
|  clka_BUFG     | Car_left[31]_i_2_n_0      | Car_left[31]_i_1_n_0      |                9 |             26 |         2.89 |
|  clka_BUFG     | address_car               | move_road[31]_i_1_n_0     |                8 |             31 |         3.88 |
|  clk_IBUF_BUFG |                           | clk25                     |                8 |             31 |         3.88 |
|  clka_BUFG     |                           | p_1_in                    |                8 |             32 |         4.00 |
|  clka_BUFG     | delay_counter[31]_i_2_n_0 | delay_counter[31]_i_1_n_0 |                9 |             32 |         3.56 |
|  clka_BUFG     | p_1_in                    | address_car               |                8 |             32 |         4.00 |
+----------------+---------------------------+---------------------------+------------------+----------------+--------------+


